+ ./bin/yolov3-tiny -m yolov3-tiny.gguf -i ../models-mnt/yolo//dog.jpg
load_model: using Metal backend
ggml_metal_init: allocating
ggml_metal_init: found device: Apple M4
ggml_metal_init: picking default device: Apple M4
ggml_metal_init: using embedded metal library
ggml_metal_init: GPU name:   Apple M4
ggml_metal_init: GPU family: MTLGPUFamilyApple9  (1009)
ggml_metal_init: GPU family: MTLGPUFamilyCommon3 (3003)
ggml_metal_init: GPU family: MTLGPUFamilyMetal3  (5001)
ggml_metal_init: simdgroup reduction   = true
ggml_metal_init: simdgroup matrix mul. = true
ggml_metal_init: has bfloat            = true
ggml_metal_init: use bfloat            = false
ggml_metal_init: hasUnifiedMemory      = true
ggml_metal_init: recommendedMaxWorkingSetSize  = 11453.25 MB
ggml_metal_init: loaded kernel_add                                    0x146e0a310 | th_max = 1024 | th_width =   32
ggml_metal_init: loaded kernel_add_row                                0x146e0aa20 | th_max = 1024 | th_width =   32
ggml_metal_init: loaded kernel_sub                                    0x146e0afd0 | th_max = 1024 | th_width =   32
ggml_metal_init: loaded kernel_sub_row                                0x146e0b580 | th_max = 1024 | th_width =   32
ggml_metal_init: loaded kernel_mul                                    0x146e0bb30 | th_max = 1024 | th_width =   32
ggml_metal_init: loaded kernel_mul_row                                0x146e0c0e0 | th_max = 1024 | th_width =   32
ggml_metal_init: loaded kernel_div                                    0x146e0c690 | th_max = 1024 | th_width =   32
ggml_metal_init: loaded kernel_div_row                                0x146e0cc40 | th_max = 1024 | th_width =   32
ggml_metal_init: loaded kernel_repeat_f32                             0x146e0d1f0 | th_max = 1024 | th_width =   32
ggml_metal_init: loaded kernel_repeat_f16                             0x146e0d6f0 | th_max = 1024 | th_width =   32
ggml_metal_init: loaded kernel_repeat_i32                             0x146e0dbf0 | th_max = 1024 | th_width =   32
ggml_metal_init: loaded kernel_repeat_i16                             0x146e0e0f0 | th_max = 1024 | th_width =   32
ggml_metal_init: loaded kernel_scale                                  0x146e0ec10 | th_max = 1024 | th_width =   32
ggml_metal_init: loaded kernel_scale_4                                0x146e0f3c0 | th_max = 1024 | th_width =   32
ggml_metal_init: loaded kernel_clamp                                  0x146e0fbd0 | th_max = 1024 | th_width =   32
ggml_metal_init: loaded kernel_tanh                                   0x146e102f0 | th_max = 1024 | th_width =   32
ggml_metal_init: loaded kernel_relu                                   0x146e10a10 | th_max = 1024 | th_width =   32
ggml_metal_init: loaded kernel_sigmoid                                0x146e11130 | th_max = 1024 | th_width =   32
ggml_metal_init: loaded kernel_gelu                                   0x146e11850 | th_max = 1024 | th_width =   32
ggml_metal_init: loaded kernel_gelu_4                                 0x146e12020 | th_max = 1024 | th_width =   32
ggml_metal_init: loaded kernel_gelu_quick                             0x146e12740 | th_max = 1024 | th_width =   32
ggml_metal_init: loaded kernel_gelu_quick_4                           0x146e12e60 | th_max = 1024 | th_width =   32
ggml_metal_init: loaded kernel_silu                                   0x146e13580 | th_max = 1024 | th_width =   32
ggml_metal_init: loaded kernel_silu_4                                 0x146e13e20 | th_max = 1024 | th_width =   32
ggml_metal_init: loaded kernel_elu                                    0x146e14540 | th_max = 1024 | th_width =   32
ggml_metal_init: loaded kernel_soft_max_f16                           0x146e14800 | th_max = 1024 | th_width =   32
ggml_metal_init: loaded kernel_soft_max_f16_4                         0x146e14e10 | th_max = 1024 | th_width =   32
ggml_metal_init: loaded kernel_soft_max_f32                           0x146e15a80 | th_max = 1024 | th_width =   32
ggml_metal_init: loaded kernel_soft_max_f32_4                         0x146e15fc0 | th_max = 1024 | th_width =   32
ggml_metal_init: loaded kernel_diag_mask_inf                          0x146e16280 | th_max = 1024 | th_width =   32
ggml_metal_init: loaded kernel_diag_mask_inf_8                        0x146e16720 | th_max = 1024 | th_width =   32
ggml_metal_init: loaded kernel_get_rows_f32                           0x146e169e0 | th_max = 1024 | th_width =   32
ggml_metal_init: loaded kernel_get_rows_f16                           0x146e17270 | th_max = 1024 | th_width =   32
ggml_metal_init: skipping kernel_get_rows_bf16                     (not supported)
ggml_metal_init: loaded kernel_get_rows_q4_0                          0x146e17530 | th_max = 1024 | th_width =   32
ggml_metal_init: loaded kernel_get_rows_q4_1                          0x146e179d0 | th_max = 1024 | th_width =   32
ggml_metal_init: loaded kernel_get_rows_q5_0                          0x146e17e70 | th_max = 1024 | th_width =   32
ggml_metal_init: loaded kernel_get_rows_q5_1                          0x146e18310 | th_max = 1024 | th_width =   32
ggml_metal_init: loaded kernel_get_rows_q8_0                          0x146e187b0 | th_max = 1024 | th_width =   32
ggml_metal_init: loaded kernel_get_rows_q2_K                          0x146e18c50 | th_max = 1024 | th_width =   32
ggml_metal_init: loaded kernel_get_rows_q3_K                          0x146e190f0 | th_max = 1024 | th_width =   32
ggml_metal_init: loaded kernel_get_rows_q4_K                          0x146e19590 | th_max = 1024 | th_width =   32
ggml_metal_init: loaded kernel_get_rows_q5_K                          0x146e19a30 | th_max = 1024 | th_width =   32
ggml_metal_init: loaded kernel_get_rows_q6_K                          0x146e19ed0 | th_max = 1024 | th_width =   32
ggml_metal_init: loaded kernel_get_rows_iq2_xxs                       0x146e1a190 | th_max = 1024 | th_width =   32
ggml_metal_init: loaded kernel_get_rows_iq2_xs                        0x146e1a7a0 | th_max = 1024 | th_width =   32
ggml_metal_init: loaded kernel_get_rows_iq3_xxs                       0x146e1adb0 | th_max = 1024 | th_width =   32
ggml_metal_init: loaded kernel_get_rows_iq3_s                         0x146e1b3c0 | th_max = 1024 | th_width =   32
ggml_metal_init: loaded kernel_get_rows_iq2_s                         0x146e1bce0 | th_max = 1024 | th_width =   32
ggml_metal_init: loaded kernel_get_rows_iq1_s                         0x146e1c2f0 | th_max = 1024 | th_width =   32
ggml_metal_init: loaded kernel_get_rows_iq1_m                         0x146e1c900 | th_max = 1024 | th_width =   32
ggml_metal_init: loaded kernel_get_rows_iq4_nl                        0x146e1cf10 | th_max = 1024 | th_width =   32
ggml_metal_init: loaded kernel_get_rows_iq4_xs                        0x146e1d520 | th_max = 1024 | th_width =   32
ggml_metal_init: loaded kernel_get_rows_i32                           0x146e1db30 | th_max = 1024 | th_width =   32
ggml_metal_init: loaded kernel_rms_norm                               0x146e1e320 | th_max = 1024 | th_width =   32
ggml_metal_init: loaded kernel_group_norm                             0x146e1e7c0 | th_max = 1024 | th_width =   32
ggml_metal_init: loaded kernel_norm                                   0x146e1ec60 | th_max = 1024 | th_width =   32
ggml_metal_init: loaded kernel_ssm_conv_f32                           0x146e1ef20 | th_max = 1024 | th_width =   32
ggml_metal_init: loaded kernel_ssm_scan_f32                           0x146e1f530 | th_max = 1024 | th_width =   32
ggml_metal_init: loaded kernel_mul_mv_f32_f32                         0x146e1fd20 | th_max = 1024 | th_width =   32
ggml_metal_init: skipping kernel_mul_mv_bf16_f32                   (not supported)
ggml_metal_init: skipping kernel_mul_mv_bf16_f32_1row              (not supported)
ggml_metal_init: skipping kernel_mul_mv_bf16_f32_l4                (not supported)
ggml_metal_init: skipping kernel_mul_mv_bf16_bf16                  (not supported)
ggml_metal_init: loaded kernel_mul_mv_f16_f32                         0x146e201c0 | th_max = 1024 | th_width =   32
ggml_metal_init: loaded kernel_mul_mv_f16_f32_1row                    0x146e20480 | th_max = 1024 | th_width =   32
ggml_metal_init: loaded kernel_mul_mv_f16_f32_l4                      0x146e20920 | th_max = 1024 | th_width =   32
ggml_metal_init: loaded kernel_mul_mv_f16_f16                         0x146e20dc0 | th_max = 1024 | th_width =   32
ggml_metal_init: loaded kernel_mul_mv_q4_0_f32                        0x146e21260 | th_max = 1024 | th_width =   32
ggml_metal_init: loaded kernel_mul_mv_q4_1_f32                        0x146e21700 | th_max = 1024 | th_width =   32
ggml_metal_init: loaded kernel_mul_mv_q5_0_f32                        0x146e21ba0 | th_max = 1024 | th_width =   32
ggml_metal_init: loaded kernel_mul_mv_q5_1_f32                        0x146e22040 | th_max = 1024 | th_width =   32
ggml_metal_init: loaded kernel_mul_mv_q8_0_f32                        0x146e224e0 | th_max = 1024 | th_width =   32
ggml_metal_init: loaded kernel_mul_mv_ext_f16_f32_r1_2                0x146e22a30 | th_max = 1024 | th_width =   32
ggml_metal_init: loaded kernel_mul_mv_ext_f16_f32_r1_3                0x146e22f80 | th_max = 1024 | th_width =   32
ggml_metal_init: loaded kernel_mul_mv_ext_f16_f32_r1_4                0x146e234d0 | th_max = 1024 | th_width =   32
ggml_metal_init: loaded kernel_mul_mv_ext_f16_f32_r1_5                0x146e23a20 | th_max = 1024 | th_width =   32
ggml_metal_init: loaded kernel_mul_mv_ext_q4_0_f32_r1_2               0x146e23f70 | th_max = 1024 | th_width =   32
ggml_metal_init: loaded kernel_mul_mv_ext_q4_0_f32_r1_3               0x146e244c0 | th_max = 1024 | th_width =   32
ggml_metal_init: loaded kernel_mul_mv_ext_q4_0_f32_r1_4               0x146e24a10 | th_max = 1024 | th_width =   32
ggml_metal_init: loaded kernel_mul_mv_ext_q4_0_f32_r1_5               0x146e24f60 | th_max = 1024 | th_width =   32
ggml_metal_init: loaded kernel_mul_mv_ext_q4_1_f32_r1_2               0x146e254b0 | th_max = 1024 | th_width =   32
ggml_metal_init: loaded kernel_mul_mv_ext_q4_1_f32_r1_3               0x146e25a00 | th_max = 1024 | th_width =   32
ggml_metal_init: loaded kernel_mul_mv_ext_q4_1_f32_r1_4               0x146e25f50 | th_max = 1024 | th_width =   32
ggml_metal_init: loaded kernel_mul_mv_ext_q4_1_f32_r1_5               0x146e264a0 | th_max = 1024 | th_width =   32
ggml_metal_init: loaded kernel_mul_mv_ext_q5_0_f32_r1_2               0x146e269f0 | th_max = 1024 | th_width =   32
ggml_metal_init: loaded kernel_mul_mv_ext_q5_0_f32_r1_3               0x146e26f40 | th_max = 1024 | th_width =   32
ggml_metal_init: loaded kernel_mul_mv_ext_q5_0_f32_r1_4               0x146e27490 | th_max = 1024 | th_width =   32
ggml_metal_init: loaded kernel_mul_mv_ext_q5_0_f32_r1_5               0x146e279e0 | th_max = 1024 | th_width =   32
ggml_metal_init: loaded kernel_mul_mv_ext_q5_1_f32_r1_2               0x146e27f30 | th_max = 1024 | th_width =   32
ggml_metal_init: loaded kernel_mul_mv_ext_q5_1_f32_r1_3               0x146e28480 | th_max = 1024 | th_width =   32
ggml_metal_init: loaded kernel_mul_mv_ext_q5_1_f32_r1_4               0x146e289d0 | th_max = 1024 | th_width =   32
ggml_metal_init: loaded kernel_mul_mv_ext_q5_1_f32_r1_5               0x146e28f20 | th_max = 1024 | th_width =   32
ggml_metal_init: loaded kernel_mul_mv_ext_q8_0_f32_r1_2               0x146e29470 | th_max = 1024 | th_width =   32
ggml_metal_init: loaded kernel_mul_mv_ext_q8_0_f32_r1_3               0x146e299c0 | th_max = 1024 | th_width =   32
ggml_metal_init: loaded kernel_mul_mv_ext_q8_0_f32_r1_4               0x146e29f10 | th_max = 1024 | th_width =   32
ggml_metal_init: loaded kernel_mul_mv_ext_q8_0_f32_r1_5               0x146e2a460 | th_max = 1024 | th_width =   32
ggml_metal_init: loaded kernel_mul_mv_ext_q4_K_f32_r1_2               0x146e2a9b0 | th_max = 1024 | th_width =   32
ggml_metal_init: loaded kernel_mul_mv_ext_q4_K_f32_r1_3               0x146e2af00 | th_max = 1024 | th_width =   32
ggml_metal_init: loaded kernel_mul_mv_ext_q4_K_f32_r1_4               0x146e2b450 | th_max = 1024 | th_width =   32
ggml_metal_init: loaded kernel_mul_mv_ext_q4_K_f32_r1_5               0x146e2b9a0 | th_max = 1024 | th_width =   32
ggml_metal_init: loaded kernel_mul_mv_ext_q5_K_f32_r1_2               0x146e2bef0 | th_max = 1024 | th_width =   32
ggml_metal_init: loaded kernel_mul_mv_ext_q5_K_f32_r1_3               0x146e1b9d0 | th_max = 1024 | th_width =   32
ggml_metal_init: loaded kernel_mul_mv_ext_q5_K_f32_r1_4               0x146e2c360 | th_max = 1024 | th_width =   32
ggml_metal_init: loaded kernel_mul_mv_ext_q5_K_f32_r1_5               0x146e2cb10 | th_max = 1024 | th_width =   32
ggml_metal_init: loaded kernel_mul_mv_ext_q6_K_f32_r1_2               0x146e2d060 | th_max = 1024 | th_width =   32
ggml_metal_init: loaded kernel_mul_mv_ext_q6_K_f32_r1_3               0x146e2d5b0 | th_max = 1024 | th_width =   32
ggml_metal_init: loaded kernel_mul_mv_ext_q6_K_f32_r1_4               0x146e2db00 | th_max = 1024 | th_width =   32
ggml_metal_init: loaded kernel_mul_mv_ext_q6_K_f32_r1_5               0x146e2e050 | th_max = 1024 | th_width =   32
ggml_metal_init: loaded kernel_mul_mv_ext_iq4_nl_f32_r1_2             0x146e2e5a0 | th_max = 1024 | th_width =   32
ggml_metal_init: loaded kernel_mul_mv_ext_iq4_nl_f32_r1_3             0x146e2eaf0 | th_max = 1024 | th_width =   32
ggml_metal_init: loaded kernel_mul_mv_ext_iq4_nl_f32_r1_4             0x146e2f040 | th_max = 1024 | th_width =   32
ggml_metal_init: loaded kernel_mul_mv_ext_iq4_nl_f32_r1_5             0x146e2f590 | th_max = 1024 | th_width =   32
ggml_metal_init: loaded kernel_mul_mv_q2_K_f32                        0x146e2fa30 | th_max = 1024 | th_width =   32
ggml_metal_init: loaded kernel_mul_mv_q3_K_f32                        0x146e2fed0 | th_max = 1024 | th_width =   32
ggml_metal_init: loaded kernel_mul_mv_q4_K_f32                        0x146e30370 | th_max = 1024 | th_width =   32
ggml_metal_init: loaded kernel_mul_mv_q5_K_f32                        0x146e30810 | th_max = 1024 | th_width =   32
ggml_metal_init: loaded kernel_mul_mv_q6_K_f32                        0x146e30cb0 | th_max = 1024 | th_width =   32
ggml_metal_init: loaded kernel_mul_mv_iq2_xxs_f32                     0x146e31150 | th_max = 1024 | th_width =   32
ggml_metal_init: loaded kernel_mul_mv_iq2_xs_f32                      0x146e315f0 | th_max = 1024 | th_width =   32
ggml_metal_init: loaded kernel_mul_mv_iq3_xxs_f32                     0x146e31a90 | th_max = 1024 | th_width =   32
ggml_metal_init: loaded kernel_mul_mv_iq3_s_f32                       0x146e31f30 | th_max = 1024 | th_width =   32
ggml_metal_init: loaded kernel_mul_mv_iq2_s_f32                       0x146e323d0 | th_max = 1024 | th_width =   32
ggml_metal_init: loaded kernel_mul_mv_iq1_s_f32                       0x146e32870 | th_max = 1024 | th_width =   32
ggml_metal_init: loaded kernel_mul_mv_iq1_m_f32                       0x146e32d10 | th_max = 1024 | th_width =   32
ggml_metal_init: loaded kernel_mul_mv_iq4_nl_f32                      0x146e331b0 | th_max = 1024 | th_width =   32
ggml_metal_init: loaded kernel_mul_mv_iq4_xs_f32                      0x146e33650 | th_max = 1024 | th_width =   32
ggml_metal_init: loaded kernel_mul_mv_id_f32_f32                      0x146e33af0 | th_max = 1024 | th_width =   32
ggml_metal_init: loaded kernel_mul_mv_id_f16_f32                      0x146e33f90 | th_max = 1024 | th_width =   32
ggml_metal_init: skipping kernel_mul_mv_id_bf16_f32                (not supported)
ggml_metal_init: loaded kernel_mul_mv_id_q4_0_f32                     0x146e34430 | th_max = 1024 | th_width =   32
ggml_metal_init: loaded kernel_mul_mv_id_q4_1_f32                     0x146e348d0 | th_max = 1024 | th_width =   32
ggml_metal_init: loaded kernel_mul_mv_id_q5_0_f32                     0x146e34d70 | th_max = 1024 | th_width =   32
ggml_metal_init: loaded kernel_mul_mv_id_q5_1_f32                     0x146e35210 | th_max = 1024 | th_width =   32
ggml_metal_init: loaded kernel_mul_mv_id_q8_0_f32                     0x146e356b0 | th_max = 1024 | th_width =   32
ggml_metal_init: loaded kernel_mul_mv_id_q2_K_f32                     0x146e35b50 | th_max = 1024 | th_width =   32
ggml_metal_init: loaded kernel_mul_mv_id_q3_K_f32                     0x146e35ff0 | th_max = 1024 | th_width =   32
ggml_metal_init: loaded kernel_mul_mv_id_q4_K_f32                     0x146e36490 | th_max = 1024 | th_width =   32
ggml_metal_init: loaded kernel_mul_mv_id_q5_K_f32                     0x146e36930 | th_max = 1024 | th_width =   32
ggml_metal_init: loaded kernel_mul_mv_id_q6_K_f32                     0x146e36dd0 | th_max = 1024 | th_width =   32
ggml_metal_init: loaded kernel_mul_mv_id_iq2_xxs_f32                  0x146e37270 | th_max = 1024 | th_width =   32
ggml_metal_init: loaded kernel_mul_mv_id_iq2_xs_f32                   0x146e37710 | th_max = 1024 | th_width =   32
ggml_metal_init: loaded kernel_mul_mv_id_iq3_xxs_f32                  0x146e37bb0 | th_max = 1024 | th_width =   32
ggml_metal_init: loaded kernel_mul_mv_id_iq3_s_f32                    0x146e38050 | th_max = 1024 | th_width =   32
ggml_metal_init: loaded kernel_mul_mv_id_iq2_s_f32                    0x146e384f0 | th_max = 1024 | th_width =   32
ggml_metal_init: loaded kernel_mul_mv_id_iq1_s_f32                    0x146e38990 | th_max = 1024 | th_width =   32
ggml_metal_init: loaded kernel_mul_mv_id_iq1_m_f32                    0x146e38e30 | th_max = 1024 | th_width =   32
ggml_metal_init: loaded kernel_mul_mv_id_iq4_nl_f32                   0x146e392d0 | th_max = 1024 | th_width =   32
ggml_metal_init: loaded kernel_mul_mv_id_iq4_xs_f32                   0x146e39770 | th_max = 1024 | th_width =   32
ggml_metal_init: loaded kernel_mul_mm_f32_f32                         0x146e39c10 | th_max = 1024 | th_width =   32
ggml_metal_init: loaded kernel_mul_mm_f16_f32                         0x146e3a0b0 | th_max = 1024 | th_width =   32
ggml_metal_init: skipping kernel_mul_mm_bf16_f32                   (not supported)
ggml_metal_init: loaded kernel_mul_mm_q4_0_f32                        0x146e3a550 | th_max = 1024 | th_width =   32
ggml_metal_init: loaded kernel_mul_mm_q4_1_f32                        0x146e3a9f0 | th_max = 1024 | th_width =   32
ggml_metal_init: loaded kernel_mul_mm_q5_0_f32                        0x146e3ae90 | th_max = 1024 | th_width =   32
ggml_metal_init: loaded kernel_mul_mm_q5_1_f32                        0x146e3b330 | th_max = 1024 | th_width =   32
ggml_metal_init: loaded kernel_mul_mm_q8_0_f32                        0x146e3b7d0 | th_max = 1024 | th_width =   32
ggml_metal_init: loaded kernel_mul_mm_q2_K_f32                        0x146e3bc70 | th_max = 1024 | th_width =   32
ggml_metal_init: loaded kernel_mul_mm_q3_K_f32                        0x146e3c110 | th_max = 1024 | th_width =   32
ggml_metal_init: loaded kernel_mul_mm_q4_K_f32                        0x146e3c5b0 | th_max = 1024 | th_width =   32
ggml_metal_init: loaded kernel_mul_mm_q5_K_f32                        0x146e3ca50 | th_max = 1024 | th_width =   32
ggml_metal_init: loaded kernel_mul_mm_q6_K_f32                        0x146e3cef0 | th_max = 1024 | th_width =   32
ggml_metal_init: loaded kernel_mul_mm_iq2_xxs_f32                     0x146e3d390 | th_max = 1024 | th_width =   32
ggml_metal_init: loaded kernel_mul_mm_iq2_xs_f32                      0x146e3d830 | th_max = 1024 | th_width =   32
ggml_metal_init: loaded kernel_mul_mm_iq3_xxs_f32                     0x146e3dcd0 | th_max = 1024 | th_width =   32
ggml_metal_init: loaded kernel_mul_mm_iq3_s_f32                       0x146e3e170 | th_max = 1024 | th_width =   32
ggml_metal_init: loaded kernel_mul_mm_iq2_s_f32                       0x146e3e610 | th_max = 1024 | th_width =   32
ggml_metal_init: loaded kernel_mul_mm_iq1_s_f32                       0x146e3eab0 | th_max = 1024 | th_width =   32
ggml_metal_init: loaded kernel_mul_mm_iq1_m_f32                       0x146e3ef50 | th_max = 1024 | th_width =   32
ggml_metal_init: loaded kernel_mul_mm_iq4_nl_f32                      0x146e3f3f0 | th_max = 1024 | th_width =   32
ggml_metal_init: loaded kernel_mul_mm_iq4_xs_f32                      0x146e3f890 | th_max = 1024 | th_width =   32
ggml_metal_init: loaded kernel_mul_mm_id_f32_f32                      0x146e3fd30 | th_max = 1024 | th_width =   32
ggml_metal_init: loaded kernel_mul_mm_id_f16_f32                      0x146e401d0 | th_max = 1024 | th_width =   32
ggml_metal_init: skipping kernel_mul_mm_id_bf16_f32                (not supported)
ggml_metal_init: loaded kernel_mul_mm_id_q4_0_f32                     0x146e40670 | th_max = 1024 | th_width =   32
ggml_metal_init: loaded kernel_mul_mm_id_q4_1_f32                     0x146e40b10 | th_max = 1024 | th_width =   32
ggml_metal_init: loaded kernel_mul_mm_id_q5_0_f32                     0x146e40fb0 | th_max = 1024 | th_width =   32
ggml_metal_init: loaded kernel_mul_mm_id_q5_1_f32                     0x146e41450 | th_max = 1024 | th_width =   32
ggml_metal_init: loaded kernel_mul_mm_id_q8_0_f32                     0x146e418f0 | th_max = 1024 | th_width =   32
ggml_metal_init: loaded kernel_mul_mm_id_q2_K_f32                     0x146e41d90 | th_max = 1024 | th_width =   32
ggml_metal_init: loaded kernel_mul_mm_id_q3_K_f32                     0x146e42230 | th_max = 1024 | th_width =   32
ggml_metal_init: loaded kernel_mul_mm_id_q4_K_f32                     0x146e426d0 | th_max = 1024 | th_width =   32
ggml_metal_init: loaded kernel_mul_mm_id_q5_K_f32                     0x146e42b70 | th_max = 1024 | th_width =   32
ggml_metal_init: loaded kernel_mul_mm_id_q6_K_f32                     0x146e43010 | th_max = 1024 | th_width =   32
ggml_metal_init: loaded kernel_mul_mm_id_iq2_xxs_f32                  0x146e434b0 | th_max = 1024 | th_width =   32
ggml_metal_init: loaded kernel_mul_mm_id_iq2_xs_f32                   0x146e43950 | th_max = 1024 | th_width =   32
ggml_metal_init: loaded kernel_mul_mm_id_iq3_xxs_f32                  0x146e43df0 | th_max = 1024 | th_width =   32
ggml_metal_init: loaded kernel_mul_mm_id_iq3_s_f32                    0x146e44290 | th_max = 1024 | th_width =   32
ggml_metal_init: loaded kernel_mul_mm_id_iq2_s_f32                    0x146e44730 | th_max = 1024 | th_width =   32
ggml_metal_init: loaded kernel_mul_mm_id_iq1_s_f32                    0x146e44bd0 | th_max = 1024 | th_width =   32
ggml_metal_init: loaded kernel_mul_mm_id_iq1_m_f32                    0x146e45070 | th_max = 1024 | th_width =   32
ggml_metal_init: loaded kernel_mul_mm_id_iq4_nl_f32                   0x146e45510 | th_max = 1024 | th_width =   32
ggml_metal_init: loaded kernel_mul_mm_id_iq4_xs_f32                   0x146e459b0 | th_max = 1024 | th_width =   32
ggml_metal_init: loaded kernel_rope_norm_f32                          0x146e45f00 | th_max = 1024 | th_width =   32
ggml_metal_init: loaded kernel_rope_norm_f16                          0x146e46450 | th_max = 1024 | th_width =   32
ggml_metal_init: loaded kernel_rope_neox_f32                          0x146e469a0 | th_max = 1024 | th_width =   32
ggml_metal_init: loaded kernel_rope_neox_f16                          0x146e46ef0 | th_max = 1024 | th_width =   32
ggml_metal_init: loaded kernel_im2col_f16                             0x146e471b0 | th_max = 1024 | th_width =   32
ggml_metal_init: loaded kernel_im2col_f32                             0x146e477c0 | th_max = 1024 | th_width =   32
ggml_metal_init: loaded kernel_im2col_ext_f16                         0x146e47dd0 | th_max = 1024 | th_width =   32
ggml_metal_init: loaded kernel_im2col_ext_f32                         0x146e483e0 | th_max = 1024 | th_width =   32
ggml_metal_init: loaded kernel_conv_transpose_1d_f32_f32              0x146e48bd0 | th_max = 1024 | th_width =   32
ggml_metal_init: loaded kernel_conv_transpose_1d_f16_f32              0x146e49070 | th_max = 1024 | th_width =   32
ggml_metal_init: loaded kernel_upscale_f32                            0x146e49330 | th_max = 1024 | th_width =   32
ggml_metal_init: loaded kernel_pad_f32                                0x146e49940 | th_max = 1024 | th_width =   32
ggml_metal_init: loaded kernel_pad_reflect_1d_f32                     0x146e49f50 | th_max = 1024 | th_width =   32
ggml_metal_init: loaded kernel_timestep_embedding_f32                 0x146e4a740 | th_max = 1024 | th_width =   32
ggml_metal_init: loaded kernel_arange_f32                             0x146e4abe0 | th_max = 1024 | th_width =   32
ggml_metal_init: loaded kernel_argsort_f32_i32_asc                    0x146e4b080 | th_max = 1024 | th_width =   32
ggml_metal_init: loaded kernel_argsort_f32_i32_desc                   0x146e4b520 | th_max = 1024 | th_width =   32
ggml_metal_init: loaded kernel_leaky_relu_f32                         0x146e4bcd0 | th_max = 1024 | th_width =   32
ggml_metal_init: loaded kernel_flash_attn_ext_f16_h64                 0x146e4c220 | th_max = 1024 | th_width =   32
ggml_metal_init: loaded kernel_flash_attn_ext_f16_h80                 0x146e4c770 | th_max = 1024 | th_width =   32
ggml_metal_init: loaded kernel_flash_attn_ext_f16_h96                 0x146e4ccc0 | th_max = 1024 | th_width =   32
ggml_metal_init: loaded kernel_flash_attn_ext_f16_h112                0x146e4d210 | th_max = 1024 | th_width =   32
ggml_metal_init: loaded kernel_flash_attn_ext_f16_h128                0x146e4d760 | th_max = 1024 | th_width =   32
ggml_metal_init: loaded kernel_flash_attn_ext_f16_h256                0x146e4dcb0 | th_max = 1024 | th_width =   32
ggml_metal_init: skipping kernel_flash_attn_ext_bf16_h64           (not supported)
ggml_metal_init: skipping kernel_flash_attn_ext_bf16_h80           (not supported)
ggml_metal_init: skipping kernel_flash_attn_ext_bf16_h96           (not supported)
ggml_metal_init: skipping kernel_flash_attn_ext_bf16_h112          (not supported)
ggml_metal_init: skipping kernel_flash_attn_ext_bf16_h128          (not supported)
ggml_metal_init: skipping kernel_flash_attn_ext_bf16_h256          (not supported)
ggml_metal_init: loaded kernel_flash_attn_ext_q4_0_h64                0x146e4e200 | th_max = 1024 | th_width =   32
ggml_metal_init: loaded kernel_flash_attn_ext_q4_0_h80                0x146e4e750 | th_max = 1024 | th_width =   32
ggml_metal_init: loaded kernel_flash_attn_ext_q4_0_h96                0x146e4eca0 | th_max = 1024 | th_width =   32
ggml_metal_init: loaded kernel_flash_attn_ext_q4_0_h112               0x146e4f1f0 | th_max = 1024 | th_width =   32
ggml_metal_init: loaded kernel_flash_attn_ext_q4_0_h128               0x146e4f740 | th_max = 1024 | th_width =   32
ggml_metal_init: loaded kernel_flash_attn_ext_q4_0_h256               0x146e4fc90 | th_max = 1024 | th_width =   32
ggml_metal_init: loaded kernel_flash_attn_ext_q4_1_h64                0x146e501e0 | th_max = 1024 | th_width =   32
ggml_metal_init: loaded kernel_flash_attn_ext_q4_1_h80                0x146e50730 | th_max = 1024 | th_width =   32
ggml_metal_init: loaded kernel_flash_attn_ext_q4_1_h96                0x146e50c80 | th_max = 1024 | th_width =   32
ggml_metal_init: loaded kernel_flash_attn_ext_q4_1_h112               0x146e511d0 | th_max = 1024 | th_width =   32
ggml_metal_init: loaded kernel_flash_attn_ext_q4_1_h128               0x146e51720 | th_max = 1024 | th_width =   32
ggml_metal_init: loaded kernel_flash_attn_ext_q4_1_h256               0x146e51c70 | th_max = 1024 | th_width =   32
ggml_metal_init: loaded kernel_flash_attn_ext_q5_0_h64                0x146e521c0 | th_max = 1024 | th_width =   32
ggml_metal_init: loaded kernel_flash_attn_ext_q5_0_h80                0x146e52710 | th_max = 1024 | th_width =   32
ggml_metal_init: loaded kernel_flash_attn_ext_q5_0_h96                0x146e52c60 | th_max = 1024 | th_width =   32
ggml_metal_init: loaded kernel_flash_attn_ext_q5_0_h112               0x146e531b0 | th_max = 1024 | th_width =   32
ggml_metal_init: loaded kernel_flash_attn_ext_q5_0_h128               0x146e53700 | th_max = 1024 | th_width =   32
ggml_metal_init: loaded kernel_flash_attn_ext_q5_0_h256               0x146e53c50 | th_max = 1024 | th_width =   32
ggml_metal_init: loaded kernel_flash_attn_ext_q5_1_h64                0x146e541a0 | th_max = 1024 | th_width =   32
ggml_metal_init: loaded kernel_flash_attn_ext_q5_1_h80                0x146e546f0 | th_max = 1024 | th_width =   32
ggml_metal_init: loaded kernel_flash_attn_ext_q5_1_h96                0x146e54c40 | th_max = 1024 | th_width =   32
ggml_metal_init: loaded kernel_flash_attn_ext_q5_1_h112               0x146e55190 | th_max = 1024 | th_width =   32
ggml_metal_init: loaded kernel_flash_attn_ext_q5_1_h128               0x146e556e0 | th_max = 1024 | th_width =   32
ggml_metal_init: loaded kernel_flash_attn_ext_q5_1_h256               0x146e55c30 | th_max = 1024 | th_width =   32
ggml_metal_init: loaded kernel_flash_attn_ext_q8_0_h64                0x146e56180 | th_max = 1024 | th_width =   32
ggml_metal_init: loaded kernel_flash_attn_ext_q8_0_h80                0x146e566d0 | th_max = 1024 | th_width =   32
ggml_metal_init: loaded kernel_flash_attn_ext_q8_0_h96                0x146e56c20 | th_max = 1024 | th_width =   32
ggml_metal_init: loaded kernel_flash_attn_ext_q8_0_h112               0x146e57170 | th_max = 1024 | th_width =   32
ggml_metal_init: loaded kernel_flash_attn_ext_q8_0_h128               0x146e576c0 | th_max = 1024 | th_width =   32
ggml_metal_init: loaded kernel_flash_attn_ext_q8_0_h256               0x146e57c10 | th_max = 1024 | th_width =   32
ggml_metal_init: loaded kernel_flash_attn_ext_vec_f16_h128            0x146e58160 | th_max = 1024 | th_width =   32
ggml_metal_init: skipping kernel_flash_attn_ext_vec_bf16_h128      (not supported)
ggml_metal_init: loaded kernel_flash_attn_ext_vec_q4_0_h128           0x146e586b0 | th_max = 1024 | th_width =   32
ggml_metal_init: loaded kernel_flash_attn_ext_vec_q4_1_h128           0x146e58c00 | th_max = 1024 | th_width =   32
ggml_metal_init: loaded kernel_flash_attn_ext_vec_q5_0_h128           0x146e59150 | th_max = 1024 | th_width =   32
ggml_metal_init: loaded kernel_flash_attn_ext_vec_q5_1_h128           0x146e596a0 | th_max = 1024 | th_width =   32
ggml_metal_init: loaded kernel_flash_attn_ext_vec_q8_0_h128           0x146e59bf0 | th_max = 1024 | th_width =   32
ggml_metal_init: loaded kernel_flash_attn_ext_vec_f16_h256            0x146e5a140 | th_max = 1024 | th_width =   32
ggml_metal_init: skipping kernel_flash_attn_ext_vec_bf16_h256      (not supported)
ggml_metal_init: loaded kernel_flash_attn_ext_vec_q4_0_h256           0x146e5a690 | th_max = 1024 | th_width =   32
ggml_metal_init: loaded kernel_flash_attn_ext_vec_q4_1_h256           0x146e5abe0 | th_max = 1024 | th_width =   32
ggml_metal_init: loaded kernel_flash_attn_ext_vec_q5_0_h256           0x146e5b130 | th_max = 1024 | th_width =   32
ggml_metal_init: loaded kernel_flash_attn_ext_vec_q5_1_h256           0x146e5b680 | th_max = 1024 | th_width =   32
ggml_metal_init: loaded kernel_flash_attn_ext_vec_q8_0_h256           0x146e5bbd0 | th_max = 1024 | th_width =   32
ggml_metal_init: loaded kernel_set_f32                                0x146e5c070 | th_max = 1024 | th_width =   32
ggml_metal_init: loaded kernel_set_i32                                0x146e5c510 | th_max = 1024 | th_width =   32
ggml_metal_init: loaded kernel_cpy_f32_f32                            0x146e5c9b0 | th_max = 1024 | th_width =   32
ggml_metal_init: loaded kernel_cpy_f32_f16                            0x146e5ce50 | th_max = 1024 | th_width =   32
ggml_metal_init: skipping kernel_cpy_f32_bf16                      (not supported)
ggml_metal_init: loaded kernel_cpy_f16_f32                            0x146e5d2f0 | th_max = 1024 | th_width =   32
ggml_metal_init: loaded kernel_cpy_f16_f16                            0x146e5d790 | th_max = 1024 | th_width =   32
ggml_metal_init: skipping kernel_cpy_bf16_f32                      (not supported)
ggml_metal_init: skipping kernel_cpy_bf16_bf16                     (not supported)
ggml_metal_init: loaded kernel_cpy_f32_q8_0                           0x146e5dc30 | th_max = 1024 | th_width =   32
ggml_metal_init: loaded kernel_cpy_f32_q4_0                           0x146e5e0d0 | th_max = 1024 | th_width =   32
ggml_metal_init: loaded kernel_cpy_f32_q4_1                           0x146e5e570 | th_max = 1024 | th_width =   32
ggml_metal_init: loaded kernel_cpy_f32_q5_0                           0x146e5ea10 | th_max = 1024 | th_width =   32
ggml_metal_init: loaded kernel_cpy_f32_q5_1                           0x146e5eeb0 | th_max = 1024 | th_width =   32
ggml_metal_init: loaded kernel_cpy_f32_iq4_nl                         0x146e5f350 | th_max = 1024 | th_width =   32
ggml_metal_init: loaded kernel_concat                                 0x146e5f8a0 | th_max = 1024 | th_width =   32
ggml_metal_init: loaded kernel_sqr                                    0x146e5ffc0 | th_max = 1024 | th_width =   32
ggml_metal_init: loaded kernel_sqrt                                   0x146e606e0 | th_max = 1024 | th_width =   32
ggml_metal_init: loaded kernel_sin                                    0x146e60e00 | th_max = 1024 | th_width =   32
ggml_metal_init: loaded kernel_cos                                    0x146e61520 | th_max = 1024 | th_width =   32
ggml_metal_init: loaded kernel_sum_rows                               0x146e617e0 | th_max = 1024 | th_width =   32
ggml_metal_init: loaded kernel_argmax                                 0x146e61fd0 | th_max = 1024 | th_width =   32
ggml_metal_init: loaded kernel_pool_2d_avg_f32                        0x146e62290 | th_max = 1024 | th_width =   32
ggml_metal_init: loaded kernel_pool_2d_max_f32                        0x146e628a0 | th_max = 1024 | th_width =   32
ggml_metal_free: deallocating
Layer  0 output shape:  416 x 416 x   16 x   1
Layer  1 output shape:  208 x 208 x   16 x   1
Layer  2 output shape:  208 x 208 x   32 x   1
Layer  3 output shape:  104 x 104 x   32 x   1
Layer  4 output shape:  104 x 104 x   64 x   1
Layer  5 output shape:   52 x  52 x   64 x   1
Layer  6 output shape:   52 x  52 x  128 x   1
Layer  7 output shape:   26 x  26 x  128 x   1
Layer  8 output shape:   26 x  26 x  256 x   1
Layer  9 output shape:   13 x  13 x  256 x   1
Layer 10 output shape:   13 x  13 x  512 x   1
Layer 11 output shape:   13 x  13 x  512 x   1
Layer 12 output shape:   13 x  13 x 1024 x   1
Layer 13 output shape:   13 x  13 x  256 x   1
Layer 14 output shape:   13 x  13 x  512 x   1
Layer 15 output shape:   13 x  13 x  255 x   1
Layer 18 output shape:   13 x  13 x  128 x   1
Layer 19 output shape:   26 x  26 x  128 x   1
Layer 20 output shape:   26 x  26 x  384 x   1
Layer 21 output shape:   26 x  26 x  256 x   1
Layer 22 output shape:   26 x  26 x  255 x   1
dog: 57%
car: 52%
truck: 56%
car: 62%
bicycle: 58%
Detected objects saved in 'predictions.jpg' (time: 0.042000 sec.)

real	0m0.290s
user	0m0.050s
sys	0m0.033s
