+ ./bin/sam -m ../models-mnt/sam//ggml-model-f16.bin -i ../models-mnt/sam//img.jpg
main: seed = 1717577195
main: loaded image '../models-mnt/sam//img.jpg' (680 x 453)
sam_image_preprocess: scale = 0.664062
main: preprocessed image (1024 x 1024)
sam_model_load: loading model from '../models-mnt/sam//ggml-model-f16.bin' - please wait ...
operator(): ggml ctx size = 202.33 MB
sam_model_load: .sam_model_load: n_enc_state      = 768
sam_model_load: n_enc_layer      = 12
sam_model_load: n_enc_head       = 12
sam_model_load: n_enc_out_chans  = 256
sam_model_load: n_pt_embd        = 4
sam_model_load: ftype            = 1
sam_model_load: qntvr            = 0
..................................... done
sam_model_load: model size =   185.05 MB / num tensors = 304
prompt: (414.375000, 162.796875)


main:     load time =    68.81 ms
main:    total time =  4684.13 ms
embd_img
dims:  64  64  256  1 f32
First & Last 10 elements:
-0.05106 -0.06385 -0.07142 -0.06864 -0.06830 -0.06958 -0.07131 -0.07074 -0.06748 -0.05409 
0.01592 0.01768 0.02243 0.01667 0.01754 0.01667 0.01797 0.02058 0.02097 0.03388 
sum:  12758.242619

Skipping mask 0 with iou 0.704809 below threshold 0.880000
Skipping mask 1 with iou 0.761647 below threshold 0.880000
Mask 2: iou = 0.946761, stability_score = 0.955357, bbox (371, 436), (144, 168)

real	0m4.860s
user	0m18.103s
sys	0m0.193s
