Archive:  models-mnt/wikitext/wikitext-2-raw-v1.zip
  inflating: models-mnt/wikitext/wikitext-2-raw/wiki.test.raw  
  inflating: models-mnt/wikitext/wikitext-2-raw/wiki.valid.raw  
  inflating: models-mnt/wikitext/wikitext-2-raw/wiki.train.raw  
+ cmake -DCMAKE_BUILD_TYPE=Release -DLLAMA_CUBLAS=1 ..
-- The C compiler identification is GNU 11.3.0
-- The CXX compiler identification is GNU 11.3.0
-- Detecting C compiler ABI info
-- Detecting C compiler ABI info - done
-- Check for working C compiler: /usr/bin/cc - skipped
-- Detecting C compile features
-- Detecting C compile features - done
-- Detecting CXX compiler ABI info
-- Detecting CXX compiler ABI info - done
-- Check for working CXX compiler: /usr/bin/c++ - skipped
-- Detecting CXX compile features
-- Detecting CXX compile features - done
-- Found Git: /usr/bin/git (found version "2.34.1") 
-- Performing Test CMAKE_HAVE_LIBC_PTHREAD
-- Performing Test CMAKE_HAVE_LIBC_PTHREAD - Success
-- Found Threads: TRUE  
-- Found CUDAToolkit: /usr/local/cuda-12.2/include (found version "12.2.91") 
-- cuBLAS found
-- The CUDA compiler identification is NVIDIA 12.2.91
-- Detecting CUDA compiler ABI info
