+ ./bin/sam -m ../models-mnt/sam//ggml-model-f16.bin -i ../models-mnt/sam//img.jpg
main: seed = 1707574380
main: loaded image '../models-mnt/sam//img.jpg' (680 x 453)
sam_image_preprocess: scale = 0.664062
main: preprocessed image (1024 x 1024)
sam_model_load: loading model from '../models-mnt/sam//ggml-model-f16.bin' - please wait ...
operator(): ggml ctx size = 202.33 MB
sam_model_load: .sam_model_load: n_enc_state      = 768
sam_model_load: n_enc_layer      = 12
sam_model_load: n_enc_head       = 12
sam_model_load: n_enc_out_chans  = 256
sam_model_load: n_pt_embd        = 4
sam_model_load: ftype            = 1
sam_model_load: qntvr            = 0
..................................... done
sam_model_load: model size =   185.05 MB / num tensors = 304
ggml_gallocr_needs_realloc: graph has different number of nodes
ggml_gallocr_reserve_n: reallocating CPU buffer from size 0.00 MiB to 848.00 MiB
prompt: (414.375000, 162.796875)
ggml_gallocr_needs_realloc: graph has different number of nodes
ggml_gallocr_reserve_n: reallocating CPU buffer from size 0.00 MiB to 28.04 MiB


main:     load time =    69.97 ms
main:    total time =  4789.61 ms
embd_img
dims:  64  64  256  1 f32
First & Last 10 elements:
-0.05106 -0.06384 -0.07140 -0.06865 -0.06832 -0.06956 -0.07135 -0.07076 -0.06750 -0.05407 
0.01586 0.01773 0.02242 0.01671 0.01757 0.01660 0.01791 0.02060 0.02090 0.03385 
sum:  12758.309882

Skipping mask 0 with iou 0.704988 below threshold 0.880000
Skipping mask 1 with iou 0.762029 below threshold 0.880000
Mask 2: iou = 0.946936, stability_score = 0.955357, bbox (371, 436), (144, 168)

real	0m4.972s
user	0m18.537s
sys	0m0.189s
