+ ./bin/whisper -m ../models-mnt/whisper//ggml-base.en.bin -f ../models-mnt/whisper//jfk.wav
whisper_init_from_file_with_params_no_state: loading model from '../models-mnt/whisper//ggml-base.en.bin'
whisper_model_load: loading model
whisper_model_load: n_vocab       = 51864
whisper_model_load: n_audio_ctx   = 1500
whisper_model_load: n_audio_state = 512
whisper_model_load: n_audio_head  = 8
whisper_model_load: n_audio_layer = 6
whisper_model_load: n_text_ctx    = 448
whisper_model_load: n_text_state  = 512
whisper_model_load: n_text_head   = 8
whisper_model_load: n_text_layer  = 6
whisper_model_load: n_mels        = 80
whisper_model_load: ftype         = 1
whisper_model_load: qntvr         = 0
whisper_model_load: type          = 2 (base)
whisper_model_load: adding 1607 extra tokens
whisper_model_load: n_langs       = 99
whisper_backend_init: using Metal backend
ggml_metal_init: allocating
ggml_metal_init: found device: Apple M1
ggml_metal_init: picking default device: Apple M1
ggml_metal_init: default.metallib not found, loading from source
ggml_metal_init: error: could not use bundle path to find ggml-metal.metal, falling back to trying cwd
ggml_metal_init: loading 'ggml-metal.metal'
ggml_metal_init: error: Error Domain=NSCocoaErrorDomain Code=260 "The file “ggml-metal.metal” couldn’t be opened because there is no such file." UserInfo={NSFilePath=ggml-metal.metal, NSUnderlyingError=0x600003f8d290 {Error Domain=NSPOSIXErrorDomain Code=2 "No such file or directory"}}
whisper_backend_init: ggml_backend_metal_init() failed
whisper_model_load:      CPU buffer size =   147.46 MB
whisper_model_load: model size    =  147.37 MB
whisper_backend_init: using Metal backend
ggml_metal_init: allocating
ggml_metal_init: found device: Apple M1
ggml_metal_init: picking default device: Apple M1
ggml_metal_init: default.metallib not found, loading from source
ggml_metal_init: error: could not use bundle path to find ggml-metal.metal, falling back to trying cwd
ggml_metal_init: loading 'ggml-metal.metal'
ggml_metal_init: error: Error Domain=NSCocoaErrorDomain Code=260 "The file “ggml-metal.metal” couldn’t be opened because there is no such file." UserInfo={NSFilePath=ggml-metal.metal, NSUnderlyingError=0x600003f8f630 {Error Domain=NSPOSIXErrorDomain Code=2 "No such file or directory"}}
whisper_backend_init: ggml_backend_metal_init() failed
whisper_init_state: kv self size  =   16.52 MB
whisper_init_state: kv cross size =   18.43 MB
whisper_init_state: compute buffer (conv)   =   14.79 MB
whisper_init_state: compute buffer (encode) =   85.93 MB
whisper_init_state: compute buffer (cross)  =    4.71 MB
whisper_init_state: compute buffer (decode) =   96.41 MB

system_info: n_threads = 4 / 8 | AVX = 0 | AVX2 = 0 | AVX512 = 0 | FMA = 0 | NEON = 1 | ARM_FMA = 1 | METAL = 1 | F16C = 0 | FP16_VA = 1 | WASM_SIMD = 0 | BLAS = 1 | SSE3 = 0 | SSSE3 = 0 | VSX = 0 | CUDA = 0 | COREML = 0 | OPENVINO = 0 | 

main: processing '../models-mnt/whisper//jfk.wav' (176000 samples, 11.0 sec), 4 threads, 1 processors, 5 beams + best of 5, lang = en, task = transcribe, timestamps = 1 ...


[00:00:00.000 --> 00:00:11.000]   And so my fellow Americans, ask not what your country can do for you, ask what you can do for your country.

whisper_print_timings:     load time =   139.63 ms
whisper_print_timings:     fallbacks =   0 p /   0 h
whisper_print_timings:      mel time =     6.39 ms
whisper_print_timings:   sample time =    33.64 ms /   131 runs (    0.26 ms per run)
whisper_print_timings:   encode time =   555.23 ms /     1 runs (  555.23 ms per run)
whisper_print_timings:   decode time =     5.54 ms /     2 runs (    2.77 ms per run)
whisper_print_timings:   batchd time =   101.96 ms /   125 runs (    0.82 ms per run)
whisper_print_timings:   prompt time =     0.00 ms /     1 runs (    0.00 ms per run)
whisper_print_timings:    total time =   844.48 ms


real	0m1.041s
user	0m2.745s
sys	0m0.135s
