whisper_init_from_file_no_state: loading model from '../models-mnt/whisper//ggml-base.en.bin'
whisper_model_load: loading model
whisper_model_load: n_vocab       = 51864
whisper_model_load: n_audio_ctx   = 1500
whisper_model_load: n_audio_state = 512
whisper_model_load: n_audio_head  = 8
whisper_model_load: n_audio_layer = 6
whisper_model_load: n_text_ctx    = 448
whisper_model_load: n_text_state  = 512
whisper_model_load: n_text_head   = 8
whisper_model_load: n_text_layer  = 6
whisper_model_load: n_mels        = 80
whisper_model_load: ftype         = 1
whisper_model_load: qntvr         = 0
whisper_model_load: type          = 2
whisper_model_load: adding 1607 extra tokens
whisper_model_load: model ctx     =  140.66 MB
whisper_model_load: model size    =  140.54 MB
whisper_init_state: kv self size  =    5.25 MB
whisper_init_state: kv cross size =   17.58 MB
