+ ./bin/whisper -m ../models-mnt/whisper//ggml-base.en.bin -f ../models-mnt/whisper//jfk.wav
whisper_init_from_file_with_params_no_state: loading model from '../models-mnt/whisper//ggml-base.en.bin'
whisper_model_load: loading model
whisper_model_load: n_vocab       = 51864
whisper_model_load: n_audio_ctx   = 1500
whisper_model_load: n_audio_state = 512
whisper_model_load: n_audio_head  = 8
whisper_model_load: n_audio_layer = 6
whisper_model_load: n_text_ctx    = 448
whisper_model_load: n_text_state  = 512
whisper_model_load: n_text_head   = 8
whisper_model_load: n_text_layer  = 6
whisper_model_load: n_mels        = 80
whisper_model_load: ftype         = 1
whisper_model_load: qntvr         = 0
whisper_model_load: type          = 2 (base)
whisper_model_load: adding 1607 extra tokens
whisper_model_load: n_langs       = 99
whisper_backend_init: using Metal backend
ggml_metal_init: allocating
ggml_metal_init: found device: Apple M1
ggml_metal_init: picking default device: Apple M1
ggml_metal_init: default.metallib not found, loading from source
ggml_metal_init: GGML_METAL_PATH_RESOURCES = /Users/ggml/work/ggml/build-ci-release/bin
ggml_metal_init: loading '/Users/ggml/work/ggml/build-ci-release/bin/ggml-metal.metal'
ggml_metal_init: GPU name:   Apple M1
ggml_metal_init: GPU family: MTLGPUFamilyApple7  (1007)
ggml_metal_init: GPU family: MTLGPUFamilyCommon3 (3003)
ggml_metal_init: GPU family: MTLGPUFamilyMetal3  (5001)
ggml_metal_init: simdgroup reduction support   = true
ggml_metal_init: simdgroup matrix mul. support = true
ggml_metal_init: hasUnifiedMemory              = true
ggml_metal_init: recommendedMaxWorkingSetSize  =  5726.63 MB
ggml_backend_metal_buffer_type_alloc_buffer: allocated buffer, size =   140.55 MiB, (  142.42 /  5461.34)
whisper_model_load:    Metal total size =   147.37 MB
whisper_model_load: model size    =  147.37 MB
whisper_backend_init: using Metal backend
ggml_metal_init: allocating
ggml_metal_init: found device: Apple M1
ggml_metal_init: picking default device: Apple M1
ggml_metal_init: default.metallib not found, loading from source
ggml_metal_init: GGML_METAL_PATH_RESOURCES = /Users/ggml/work/ggml/build-ci-release/bin
ggml_metal_init: loading '/Users/ggml/work/ggml/build-ci-release/bin/ggml-metal.metal'
ggml_metal_init: GPU name:   Apple M1
ggml_metal_init: GPU family: MTLGPUFamilyApple7  (1007)
ggml_metal_init: GPU family: MTLGPUFamilyCommon3 (3003)
ggml_metal_init: GPU family: MTLGPUFamilyMetal3  (5001)
ggml_metal_init: simdgroup reduction support   = true
ggml_metal_init: simdgroup matrix mul. support = true
ggml_metal_init: hasUnifiedMemory              = true
ggml_metal_init: recommendedMaxWorkingSetSize  =  5726.63 MB
ggml_backend_metal_buffer_type_alloc_buffer: allocated buffer, size =    15.75 MiB, (  158.17 /  5461.34)
whisper_init_state: kv self size  =   16.52 MB
ggml_backend_metal_buffer_type_alloc_buffer: allocated buffer, size =    17.58 MiB, (  175.75 /  5461.34)
whisper_init_state: kv cross size =   18.43 MB
ggml_backend_metal_buffer_type_alloc_buffer: allocated buffer, size =    14.02 MiB, (  189.77 /  5461.34)
whisper_init_state: compute buffer (conv)   =   16.39 MB
ggml_backend_metal_buffer_type_alloc_buffer: allocated buffer, size =   127.27 MiB, (  317.03 /  5461.34)
whisper_init_state: compute buffer (encode) =  135.14 MB
ggml_backend_metal_buffer_type_alloc_buffer: allocated buffer, size =     2.94 MiB, (  319.97 /  5461.34)
whisper_init_state: compute buffer (cross)  =    4.78 MB
ggml_backend_metal_buffer_type_alloc_buffer: allocated buffer, size =    90.39 MiB, (  410.36 /  5461.34)
whisper_init_state: compute buffer (decode) =   96.48 MB

system_info: n_threads = 4 / 8 | AVX = 0 | AVX2 = 0 | AVX512 = 0 | FMA = 0 | NEON = 1 | ARM_FMA = 1 | METAL = 1 | F16C = 0 | FP16_VA = 1 | WASM_SIMD = 0 | BLAS = 1 | SSE3 = 0 | SSSE3 = 0 | VSX = 0 | CUDA = 0 | COREML = 0 | OPENVINO = 0 | 

main: processing '../models-mnt/whisper//jfk.wav' (176000 samples, 11.0 sec), 4 threads, 1 processors, 5 beams + best of 5, lang = en, task = transcribe, timestamps = 1 ...


[00:00:00.000 --> 00:00:11.000]   And so my fellow Americans, ask not what your country can do for you, ask what you can do for your country.

whisper_print_timings:     load time =   154.30 ms
whisper_print_timings:     fallbacks =   0 p /   0 h
whisper_print_timings:      mel time =     6.35 ms
whisper_print_timings:   sample time =   139.31 ms /   131 runs (    1.06 ms per run)
whisper_print_timings:   encode time =   182.56 ms /     1 runs (  182.56 ms per run)
whisper_print_timings:   decode time =    22.98 ms /     2 runs (   11.49 ms per run)
whisper_print_timings:   batchd time =   192.19 ms /   125 runs (    1.54 ms per run)
whisper_print_timings:   prompt time =     0.00 ms /     1 runs (    0.00 ms per run)
whisper_print_timings:    total time =   706.43 ms
ggml_metal_free: deallocating
ggml_metal_free: deallocating


real	0m0.928s
user	0m0.488s
sys	0m0.125s
