+ ./bin/mpt --model ../models-mnt/mpt/7B/ggml-model-f16.bin -s 1234 -n 64 -p 'I believe the meaning of life is'
main: seed      = 1234
main: n_threads = 4
main: n_batch   = 8
main: n_ctx     = 512
main: n_predict = 64

mpt_model_load: loading model from '../models-mnt/mpt/7B/ggml-model-f16.bin' - please wait ...
mpt_model_load: d_model        = 4096
mpt_model_load: max_seq_len    = 2048
mpt_model_load: n_ctx          = 512
mpt_model_load: n_heads        = 32
mpt_model_load: n_layers       = 32
mpt_model_load: n_vocab        = 50432
mpt_model_load: alibi_bias_max = 8.000000
mpt_model_load: clip_qkv       = 0.000000
mpt_model_load: ftype          = 1
mpt_model_load: qntvr          = 0
mpt_model_load: ggml ctx size = 12939.11 MB
mpt_model_load: memory_size =   256.00 MB, n_mem = 16384
mpt_model_load: ........................extract_tests_from_file : No test file found.
test_gpt_tokenizer : 0 tests failed out of 0 tests.
 done
mpt_model_load: model size = 12683.02 MB / num tensors = 194

main: temp           = 0.800
main: top_k          = 50432
main: top_p          = 1.000
main: repeat_last_n  = 64
main: repeat_penalty = 1.020

main: number of tokens in prompt = 7
main: token[0] =     42
main: token[1] =   2868
main: token[2] =    253
main: token[3] =   4495
main: token[4] =    273
main: token[5] =   1495
main: token[6] =    310

I believe the meaning of life is to serve God, so I try my best to do what He asks me to do.
I don't study a lot but I work hard. I had a jobci/run.sh: line 230: 34715 Terminated: 15          ./bin/mpt --model ${model_f16} -s 1234 -n 64 -p "I believe the meaning of life is"
