+ ./bin/mnist ./models/mnist/ggml-model-f32.bin ../examples/mnist/models/mnist/t10k-images.idx3-ubyte
_ _ _ _ _ _ _ _ _ _ _ _ _ _ _ _ _ _ _ _ _ _ _ _ _ _ _ _ 
_ _ _ _ _ _ _ _ _ _ _ _ _ _ _ _ _ _ _ _ _ _ _ _ _ _ _ _ 
_ _ _ _ _ _ _ _ _ _ _ _ _ _ _ _ _ _ _ _ _ _ _ _ _ _ _ _ 
_ _ _ _ _ _ _ _ _ _ _ _ _ _ _ _ _ _ _ _ _ _ _ _ _ _ _ _ 
_ _ _ _ _ _ _ _ _ _ _ _ _ _ _ _ _ _ _ _ _ _ _ _ _ _ _ _ 
_ _ _ _ _ _ _ _ _ _ _ _ _ _ _ _ _ _ _ _ _ _ _ _ _ _ _ _ 
_ _ _ _ _ _ _ _ _ _ _ _ _ _ * _ _ _ _ _ _ _ _ _ _ _ _ _ 
_ _ _ _ _ _ _ _ _ _ * * * * * * * * _ _ _ * _ _ _ _ _ _ 
_ _ _ _ _ _ _ _ _ * * * * _ _ _ * * * _ _ * _ _ _ _ _ _ 
_ _ _ _ _ _ _ _ _ * * _ _ _ _ _ _ _ * * * * _ _ _ _ _ _ 
_ _ _ _ _ _ _ _ _ _ * _ _ _ _ _ _ _ * * * _ _ _ _ _ _ _ 
_ _ _ _ _ _ _ _ _ _ * * * _ _ _ _ * * _ _ _ _ _ _ _ _ _ 
_ _ _ _ _ _ _ _ _ _ _ * * _ _ _ _ * _ _ _ _ _ _ _ _ _ _ 
_ _ _ _ _ _ _ _ _ _ _ _ _ * _ * * _ _ _ _ _ _ _ _ _ _ _ 
_ _ _ _ _ _ _ _ _ _ _ _ _ * * * * _ _ _ _ _ _ _ _ _ _ _ 
_ _ _ _ _ _ _ _ _ _ _ _ _ * * * _ _ _ _ _ _ _ _ _ _ _ _ 
_ _ _ _ _ _ _ _ _ _ _ _ * * _ _ * _ _ _ _ _ _ _ _ _ _ _ 
_ _ _ _ _ _ _ _ _ _ _ _ * _ _ _ _ _ _ _ _ _ _ _ _ _ _ _ 
_ _ _ _ _ _ _ _ _ _ _ * _ _ _ _ _ * _ _ _ _ _ _ _ _ _ _ 
_ _ _ _ _ _ _ _ _ _ _ * _ _ _ _ _ * _ _ _ _ _ _ _ _ _ _ 
_ _ _ _ _ _ _ _ _ _ _ * _ _ _ _ _ * _ _ _ _ _ _ _ _ _ _ 
_ _ _ _ _ _ _ _ _ _ _ * _ _ _ _ _ * _ _ _ _ _ _ _ _ _ _ 
_ _ _ _ _ _ _ _ _ _ _ * * _ _ _ _ * _ _ _ _ _ _ _ _ _ _ 
_ _ _ _ _ _ _ _ _ _ _ _ * * _ _ _ _ _ _ _ _ _ _ _ _ _ _ 
_ _ _ _ _ _ _ _ _ _ _ _ _ * * * * _ _ _ _ _ _ _ _ _ _ _ 
_ _ _ _ _ _ _ _ _ _ _ _ _ _ _ * _ _ _ _ _ _ _ _ _ _ _ _ 
_ _ _ _ _ _ _ _ _ _ _ _ _ _ _ _ _ _ _ _ _ _ _ _ _ _ _ _ 
_ _ _ _ _ _ _ _ _ _ _ _ _ _ _ _ _ _ _ _ _ _ _ _ _ _ _ _ 

mnist_model_load: loading model from './models/mnist/ggml-model-f32.bin'
mnist_model_load: ggml ctx size =   1.52 MB
main: loaded model in     2.53 ms
ggml_graph_dump_dot: dot -Tpng mnist.dot -o mnist.dot.png && open mnist.dot.png

magic            67676d6c
version                 1
leafs                   5
nodes                   6
eval             6144

TYPE   OP              NDIMS      NE0      NE1      NE2      NE3              NB0              NB1              NB2              NB3             DATA             NAME
f32    NONE                2 500 10 1 1                4             2000            20000            20000   0x7f13b4549900                       fc2_weight
f32    NONE                2 784 500 1 1                4             3136          1568000          1568000   0x7f13b43ca170                       fc1_weight
f32    NONE                1 784 1 1 1                4             3136             3136             3136   0x55fec842cad0                            input
f32    NONE                1 500 1 1 1                4             2000             2000             2000   0x7f13b4548fd0                         fc1_bias
f32    NONE                1 10 1 1 1                4               40               40               40   0x7f13b454e880                         fc2_bias

ARG    TYPE   OP              NDIMS      NE0      NE1      NE2      NE3              NB0              NB1              NB2              NB3   NTASKS             DATA             NAME
DST    f32    MUL_MAT             2 500 1 1 1                4             2000             2000             2000   0x55fec842d870                           node_0
SRC    f32    NONE                2 784 500 1 1                4             3136          1568000          1568000   0x7f13b43ca170                       fc1_weight
SRC    f32    NONE                1 784 1 1 1                4             3136             3136             3136   0x55fec842cad0                            input

DST    f32    ADD                 2 500 1 1 1                4             2000             2000             2000   0x55fec842e1a0                           node_1
SRC    f32    MUL_MAT             2 500 1 1 1                4             2000             2000             2000   0x55fec842d870                           node_0
SRC    f32    NONE                1 500 1 1 1                4             2000             2000             2000   0x7f13b4548fd0                         fc1_bias

DST    f32    UNARY               2 500 1 1 1                4             2000             2000             2000   0x55fec842ead0                           node_2
SRC    f32    ADD                 2 500 1 1 1                4             2000             2000             2000   0x55fec842e1a0                           node_1

DST    f32    MUL_MAT             2 10 1 1 1                4               40               40               40   0x55fec842f400                           node_3
SRC    f32    NONE                2 500 10 1 1                4             2000            20000            20000   0x7f13b4549900                       fc2_weight
SRC    f32    UNARY               2 500 1 1 1                4             2000             2000             2000   0x55fec842ead0                           node_2

DST    f32    ADD                 2 10 1 1 1                4               40               40               40   0x55fec842f590                           node_4
SRC    f32    MUL_MAT             2 10 1 1 1                4               40               40               40   0x55fec842f400                           node_3
SRC    f32    NONE                1 10 1 1 1                4               40               40               40   0x7f13b454e880                         fc2_bias

DST    f32    SOFT_MAX            2 10 1 1 1                4               40               40               40   0x55fec842f720                            probs
SRC    f32    ADD                 2 10 1 1 1                4               40               40               40   0x55fec842f590       mnist_eval: exported compute graph to 'mnist.ggml'
                    node_4


main: predicted digit is 8

real	0m0.006s
user	0m0.000s
sys	0m0.006s
+ ./bin/mnist-cpu ./mnist.ggml ../examples/mnist/models/mnist/t10k-images.idx3-ubyte
_ _ _ _ _ _ _ _ _ _ _ _ _ _ _ _ _ _ _ _ _ _ _ _ _ _ _ _ 
_ _ _ _ _ _ _ _ _ _ _ _ _ _ _ _ _ _ _ _ _ _ _ _ _ _ _ _ 
_ _ _ _ _ _ _ _ _ _ _ _ _ _ _ _ _ _ _ _ _ _ _ _ _ _ _ _ 
_ _ _ _ _ _ _ _ _ _ _ _ _ _ _ _ _ _ _ _ _ _ _ _ _ _ _ _ 
_ _ _ _ _ _ _ _ _ _ _ _ _ _ _ _ _ _ _ _ _ _ _ _ _ _ _ _ 
_ _ _ _ _ _ _ _ _ _ _ _ _ _ _ _ _ _ _ _ _ _ _ _ _ _ _ _ 
_ _ _ _ _ _ _ _ _ _ _ _ _ _ * _ _ _ _ _ _ _ _ _ _ _ _ _ 
_ _ _ _ _ _ _ _ _ _ * * * * * * * * _ _ _ * _ _ _ _ _ _ 
_ _ _ _ _ _ _ _ _ * * * * _ _ _ * * * _ _ * _ _ _ _ _ _ 
_ _ _ _ _ _ _ _ _ * * _ _ _ _ _ _ _ * * * * _ _ _ _ _ _ 
_ _ _ _ _ _ _ _ _ _ * _ _ _ _ _ _ _ * * * _ _ _ _ _ _ _ 
_ _ _ _ _ _ _ _ _ _ * * * _ _ _ _ * * _ _ _ _ _ _ _ _ _ 
_ _ _ _ _ _ _ _ _ _ _ * * _ _ _ _ * _ _ _ _ _ _ _ _ _ _ 
_ _ _ _ _ _ _ _ _ _ _ _ _ * _ * * _ _ _ _ _ _ _ _ _ _ _ 
_ _ _ _ _ _ _ _ _ _ _ _ _ * * * * _ _ _ _ _ _ _ _ _ _ _ 
_ _ _ _ _ _ _ _ _ _ _ _ _ * * * _ _ _ _ _ _ _ _ _ _ _ _ 
_ _ _ _ _ _ _ _ _ _ _ _ * * _ _ * _ _ _ _ _ _ _ _ _ _ _ 
_ _ _ _ _ _ _ _ _ _ _ _ * _ _ _ _ _ _ _ _ _ _ _ _ _ _ _ 
_ _ _ _ _ _ _ _ _ _ _ * _ _ _ _ _ * _ _ _ _ _ _ _ _ _ _ 
_ _ _ _ _ _ _ _ _ _ _ * _ _ _ _ _ * _ _ _ _ _ _ _ _ _ _ 
_ _ _ _ _ _ _ _ _ _ _ * _ _ _ _ _ * _ _ _ _ _ _ _ _ _ _ 
_ _ _ _ _ _ _ _ _ _ _ * _ _ _ _ _ * _ _ _ _ _ _ _ _ _ _ 
_ _ _ _ _ _ _ _ _ _ _ * * _ _ _ _ * _ _ _ _ _ _ _ _ _ _ 
_ _ _ _ _ _ _ _ _ _ _ _ * * _ _ _ _ _ _ _ _ _ _ _ _ _ _ 
_ _ _ _ _ _ _ _ _ _ _ _ _ * * * * _ _ _ _ _ _ _ _ _ _ _ 
_ _ _ _ _ _ _ _ _ _ _ _ _ _ _ * _ _ _ _ _ _ _ _ _ _ _ _ 
_ _ _ _ _ _ _ _ _ _ _ _ _ _ _ _ _ _ _ _ _ _ _ _ _ _ _ _ 
_ _ _ _ _ _ _ _ _ _ _ _ _ _ _ _ _ _ _ _ _ _ _ _ _ _ _ _ 

ggml_graph_import: loaded leaf 0: '      fc2_weight',   2 dims,     20000 bytes
ggml_graph_import: loaded leaf 1: '      fc1_weight',   2 dims,   1568000 bytes
ggml_graph_import: loaded leaf 2: '           input',   1 dims,      3136 bytes
ggml_graph_import: loaded leaf 3: '        fc1_bias',   1 dims,      2000 bytes
ggml_graph_import: loaded leaf 4: '        fc2_bias',   1 dims,        40 bytes
ggml_graph_import: loaded node 0: '          node_0',   2 dims,      2000 bytes
ggml_graph_import: loaded node 1: '          node_1',   2 dims,      2000 bytes
ggml_graph_import: loaded node 2: '          node_2',   2 dims,      2000 bytes
ggml_graph_import: loaded node 3: '          node_3',   2 dims,        40 bytes
ggml_graph_import: loaded node 4: '          node_4',   2 dims,        40 bytes
ggml_graph_import: loaded node 5: '           probs',   2 dims,        40 bytes
main: predicted digit is 8

real	0m0.005s
user	0m0.000s
sys	0m0.005s
