+ ./bin/sam -m ../models-mnt/sam//ggml-model-f16.bin -i ../models-mnt/sam//img.jpg
main: seed = 1699881495
main: loaded image '../models-mnt/sam//img.jpg' (680 x 453)
sam_image_preprocess: scale = 0.664062
main: preprocessed image (1024 x 1024)
sam_model_load: loading model from '../models-mnt/sam//ggml-model-f16.bin' - please wait ...
operator(): ggml ctx size = 202.33 MB
ggml_init_cublas: GGML_CUDA_FORCE_MMQ:   no
ggml_init_cublas: CUDA_USE_TENSOR_CORES: yes
ggml_init_cublas: found 1 CUDA devices:
  Device 0: Tesla V100-PCIE-16GB, compute capability 7.0
sam_model_load: .sam_model_load: n_enc_state      = 768
sam_model_load: n_enc_layer      = 12
sam_model_load: n_enc_head       = 12
sam_model_load: n_enc_out_chans  = 256
sam_model_load: n_pt_embd        = 4
sam_model_load: ftype            = 1
sam_model_load: qntvr            = 0
..................................... done
sam_model_load: model size =   185.05 MB / num tensors = 304
prompt: (414.375000, 162.796875)


main:     load time =   474.38 ms
main:    total time =  7611.42 ms
embd_img
dims:  64  64  256  1 f32
First & Last 10 elements:
-0.05098 -0.06350 -0.07114 -0.06840 -0.06827 -0.06965 -0.07145 -0.07089 -0.06780 -0.05429 
0.01584 0.01786 0.02235 0.01660 0.01758 0.01668 0.01793 0.02042 0.02101 0.03383 
sum:  12757.097307

Skipping mask 0 with iou 0.706267 below threshold 0.880000
Skipping mask 1 with iou 0.762381 below threshold 0.880000
Mask 2: iou = 0.947879, stability_score = 0.956250, bbox (371, 436), (144, 168)

real	0m7.760s
user	0m27.303s
sys	0m0.816s
