+ ./bin/yolov3-tiny -m yolov3-tiny.gguf -i ../models-mnt/yolo//dog.jpg
load_model: using Metal backend
ggml_metal_init: allocating
ggml_metal_init: found device: Apple M4
ggml_metal_init: picking default device: Apple M4
ggml_metal_init: using embedded metal library
ggml_metal_init: GPU name:   Apple M4
ggml_metal_init: GPU family: MTLGPUFamilyApple9  (1009)
ggml_metal_init: GPU family: MTLGPUFamilyCommon3 (3003)
ggml_metal_init: GPU family: MTLGPUFamilyMetal3  (5001)
ggml_metal_init: simdgroup reduction   = true
ggml_metal_init: simdgroup matrix mul. = true
ggml_metal_init: has residency sets    = true
ggml_metal_init: has bfloat            = true
ggml_metal_init: use bfloat            = false
ggml_metal_init: hasUnifiedMemory      = true
ggml_metal_init: recommendedMaxWorkingSetSize  = 11453.25 MB
ggml_metal_init: loaded kernel_add                                    0x132009b60 | th_max = 1024 | th_width =   32
ggml_metal_init: loaded kernel_add_row                                0x13200a260 | th_max = 1024 | th_width =   32
ggml_metal_init: loaded kernel_sub                                    0x13200a810 | th_max = 1024 | th_width =   32
ggml_metal_init: loaded kernel_sub_row                                0x13200adc0 | th_max = 1024 | th_width =   32
ggml_metal_init: loaded kernel_mul                                    0x13200b370 | th_max = 1024 | th_width =   32
ggml_metal_init: loaded kernel_mul_row                                0x13200b920 | th_max = 1024 | th_width =   32
ggml_metal_init: loaded kernel_div                                    0x13200bed0 | th_max = 1024 | th_width =   32
ggml_metal_init: loaded kernel_div_row                                0x13200c480 | th_max = 1024 | th_width =   32
ggml_metal_init: loaded kernel_repeat_f32                             0x13200ca30 | th_max = 1024 | th_width =   32
ggml_metal_init: loaded kernel_repeat_f16                             0x13200cf30 | th_max = 1024 | th_width =   32
ggml_metal_init: loaded kernel_repeat_i32                             0x13200d430 | th_max = 1024 | th_width =   32
ggml_metal_init: loaded kernel_repeat_i16                             0x13200d930 | th_max = 1024 | th_width =   32
ggml_metal_init: loaded kernel_scale                                  0x13200e450 | th_max = 1024 | th_width =   32
ggml_metal_init: loaded kernel_scale_4                                0x13200ec00 | th_max = 1024 | th_width =   32
ggml_metal_init: loaded kernel_clamp                                  0x13200f410 | th_max = 1024 | th_width =   32
ggml_metal_init: loaded kernel_tanh                                   0x13200fb30 | th_max = 1024 | th_width =   32
ggml_metal_init: loaded kernel_relu                                   0x132010250 | th_max = 1024 | th_width =   32
ggml_metal_init: loaded kernel_sigmoid                                0x132010970 | th_max = 1024 | th_width =   32
ggml_metal_init: loaded kernel_gelu                                   0x132011090 | th_max = 1024 | th_width =   32
ggml_metal_init: loaded kernel_gelu_4                                 0x132011860 | th_max = 1024 | th_width =   32
ggml_metal_init: loaded kernel_gelu_quick                             0x132011f80 | th_max = 1024 | th_width =   32
ggml_metal_init: loaded kernel_gelu_quick_4                           0x1320126a0 | th_max = 1024 | th_width =   32
ggml_metal_init: loaded kernel_silu                                   0x132012dc0 | th_max = 1024 | th_width =   32
ggml_metal_init: loaded kernel_silu_4                                 0x132013660 | th_max = 1024 | th_width =   32
ggml_metal_init: loaded kernel_elu                                    0x132013d80 | th_max = 1024 | th_width =   32
ggml_metal_init: loaded kernel_soft_max_f16                           0x132014040 | th_max = 1024 | th_width =   32
ggml_metal_init: loaded kernel_soft_max_f16_4                         0x132014650 | th_max = 1024 | th_width =   32
ggml_metal_init: loaded kernel_soft_max_f32                           0x1320152c0 | th_max = 1024 | th_width =   32
ggml_metal_init: loaded kernel_soft_max_f32_4                         0x132015800 | th_max = 1024 | th_width =   32
ggml_metal_init: loaded kernel_diag_mask_inf                          0x132015ac0 | th_max = 1024 | th_width =   32
ggml_metal_init: loaded kernel_diag_mask_inf_8                        0x132015f60 | th_max = 1024 | th_width =   32
ggml_metal_init: loaded kernel_get_rows_f32                           0x132016220 | th_max = 1024 | th_width =   32
ggml_metal_init: loaded kernel_get_rows_f16                           0x132016ab0 | th_max = 1024 | th_width =   32
ggml_metal_init: skipping kernel_get_rows_bf16                     (not supported)
ggml_metal_init: loaded kernel_get_rows_q4_0                          0x132016d70 | th_max = 1024 | th_width =   32
ggml_metal_init: loaded kernel_get_rows_q4_1                          0x132017210 | th_max = 1024 | th_width =   32
ggml_metal_init: loaded kernel_get_rows_q5_0                          0x1320176b0 | th_max = 1024 | th_width =   32
ggml_metal_init: loaded kernel_get_rows_q5_1                          0x132017b50 | th_max = 1024 | th_width =   32
ggml_metal_init: loaded kernel_get_rows_q8_0                          0x132017ff0 | th_max = 1024 | th_width =   32
ggml_metal_init: loaded kernel_get_rows_q2_K                          0x132018490 | th_max = 1024 | th_width =   32
ggml_metal_init: loaded kernel_get_rows_q3_K                          0x132018930 | th_max = 1024 | th_width =   32
ggml_metal_init: loaded kernel_get_rows_q4_K                          0x132018dd0 | th_max = 1024 | th_width =   32
ggml_metal_init: loaded kernel_get_rows_q5_K                          0x132019270 | th_max = 1024 | th_width =   32
ggml_metal_init: loaded kernel_get_rows_q6_K                          0x132019710 | th_max = 1024 | th_width =   32
ggml_metal_init: loaded kernel_get_rows_iq2_xxs                       0x1320199d0 | th_max = 1024 | th_width =   32
ggml_metal_init: loaded kernel_get_rows_iq2_xs                        0x132019fe0 | th_max = 1024 | th_width =   32
ggml_metal_init: loaded kernel_get_rows_iq3_xxs                       0x13201a5f0 | th_max = 1024 | th_width =   32
ggml_metal_init: loaded kernel_get_rows_iq3_s                         0x13201ac00 | th_max = 1024 | th_width =   32
ggml_metal_init: loaded kernel_get_rows_iq2_s                         0x13201b520 | th_max = 1024 | th_width =   32
ggml_metal_init: loaded kernel_get_rows_iq1_s                         0x13201bb30 | th_max = 1024 | th_width =   32
ggml_metal_init: loaded kernel_get_rows_iq1_m                         0x13201c140 | th_max = 1024 | th_width =   32
ggml_metal_init: loaded kernel_get_rows_iq4_nl                        0x13201c750 | th_max = 1024 | th_width =   32
ggml_metal_init: loaded kernel_get_rows_iq4_xs                        0x13201cd60 | th_max = 1024 | th_width =   32
ggml_metal_init: loaded kernel_get_rows_i32                           0x13201d370 | th_max = 1024 | th_width =   32
ggml_metal_init: loaded kernel_rms_norm                               0x13201db60 | th_max = 1024 | th_width =   32
ggml_metal_init: loaded kernel_group_norm                             0x13201e000 | th_max = 1024 | th_width =   32
ggml_metal_init: loaded kernel_norm                                   0x13201e4a0 | th_max = 1024 | th_width =   32
ggml_metal_init: loaded kernel_ssm_conv_f32                           0x13201e760 | th_max = 1024 | th_width =   32
ggml_metal_init: loaded kernel_ssm_scan_f32                           0x13201ed70 | th_max = 1024 | th_width =   32
ggml_metal_init: loaded kernel_mul_mv_f32_f32                         0x13201f560 | th_max = 1024 | th_width =   32
ggml_metal_init: skipping kernel_mul_mv_bf16_f32                   (not supported)
ggml_metal_init: skipping kernel_mul_mv_bf16_f32_1row              (not supported)
ggml_metal_init: skipping kernel_mul_mv_bf16_f32_l4                (not supported)
ggml_metal_init: skipping kernel_mul_mv_bf16_bf16                  (not supported)
ggml_metal_init: loaded kernel_mul_mv_f16_f32                         0x13201fa00 | th_max = 1024 | th_width =   32
ggml_metal_init: loaded kernel_mul_mv_f16_f32_1row                    0x13201fcc0 | th_max = 1024 | th_width =   32
ggml_metal_init: loaded kernel_mul_mv_f16_f32_l4                      0x132020160 | th_max = 1024 | th_width =   32
ggml_metal_init: loaded kernel_mul_mv_f16_f16                         0x132020600 | th_max = 1024 | th_width =   32
ggml_metal_init: loaded kernel_mul_mv_q4_0_f32                        0x132020aa0 | th_max = 1024 | th_width =   32
ggml_metal_init: loaded kernel_mul_mv_q4_1_f32                        0x132020f40 | th_max = 1024 | th_width =   32
ggml_metal_init: loaded kernel_mul_mv_q5_0_f32                        0x1320213e0 | th_max = 1024 | th_width =   32
ggml_metal_init: loaded kernel_mul_mv_q5_1_f32                        0x132021880 | th_max = 1024 | th_width =   32
ggml_metal_init: loaded kernel_mul_mv_q8_0_f32                        0x132021d20 | th_max = 1024 | th_width =   32
ggml_metal_init: loaded kernel_mul_mv_ext_f16_f32_r1_2                0x132022270 | th_max = 1024 | th_width =   32
ggml_metal_init: loaded kernel_mul_mv_ext_f16_f32_r1_3                0x1320227c0 | th_max = 1024 | th_width =   32
ggml_metal_init: loaded kernel_mul_mv_ext_f16_f32_r1_4                0x132022d10 | th_max = 1024 | th_width =   32
ggml_metal_init: loaded kernel_mul_mv_ext_f16_f32_r1_5                0x132023260 | th_max = 1024 | th_width =   32
ggml_metal_init: loaded kernel_mul_mv_ext_q4_0_f32_r1_2               0x1320237b0 | th_max = 1024 | th_width =   32
ggml_metal_init: loaded kernel_mul_mv_ext_q4_0_f32_r1_3               0x132023d00 | th_max = 1024 | th_width =   32
ggml_metal_init: loaded kernel_mul_mv_ext_q4_0_f32_r1_4               0x132024250 | th_max = 1024 | th_width =   32
ggml_metal_init: loaded kernel_mul_mv_ext_q4_0_f32_r1_5               0x1320247a0 | th_max = 1024 | th_width =   32
ggml_metal_init: loaded kernel_mul_mv_ext_q4_1_f32_r1_2               0x132024cf0 | th_max = 1024 | th_width =   32
ggml_metal_init: loaded kernel_mul_mv_ext_q4_1_f32_r1_3               0x132025240 | th_max = 1024 | th_width =   32
ggml_metal_init: loaded kernel_mul_mv_ext_q4_1_f32_r1_4               0x132025790 | th_max = 1024 | th_width =   32
ggml_metal_init: loaded kernel_mul_mv_ext_q4_1_f32_r1_5               0x132025ce0 | th_max = 1024 | th_width =   32
ggml_metal_init: loaded kernel_mul_mv_ext_q5_0_f32_r1_2               0x132026230 | th_max = 1024 | th_width =   32
ggml_metal_init: loaded kernel_mul_mv_ext_q5_0_f32_r1_3               0x132026780 | th_max = 1024 | th_width =   32
ggml_metal_init: loaded kernel_mul_mv_ext_q5_0_f32_r1_4               0x132026cd0 | th_max = 1024 | th_width =   32
ggml_metal_init: loaded kernel_mul_mv_ext_q5_0_f32_r1_5               0x132027220 | th_max = 1024 | th_width =   32
ggml_metal_init: loaded kernel_mul_mv_ext_q5_1_f32_r1_2               0x132027770 | th_max = 1024 | th_width =   32
ggml_metal_init: loaded kernel_mul_mv_ext_q5_1_f32_r1_3               0x132027cc0 | th_max = 1024 | th_width =   32
ggml_metal_init: loaded kernel_mul_mv_ext_q5_1_f32_r1_4               0x132028210 | th_max = 1024 | th_width =   32
ggml_metal_init: loaded kernel_mul_mv_ext_q5_1_f32_r1_5               0x132028760 | th_max = 1024 | th_width =   32
ggml_metal_init: loaded kernel_mul_mv_ext_q8_0_f32_r1_2               0x132028cb0 | th_max = 1024 | th_width =   32
ggml_metal_init: loaded kernel_mul_mv_ext_q8_0_f32_r1_3               0x132029200 | th_max = 1024 | th_width =   32
ggml_metal_init: loaded kernel_mul_mv_ext_q8_0_f32_r1_4               0x132029750 | th_max = 1024 | th_width =   32
ggml_metal_init: loaded kernel_mul_mv_ext_q8_0_f32_r1_5               0x132029ca0 | th_max = 1024 | th_width =   32
ggml_metal_init: loaded kernel_mul_mv_ext_q4_K_f32_r1_2               0x13202a1f0 | th_max = 1024 | th_width =   32
ggml_metal_init: loaded kernel_mul_mv_ext_q4_K_f32_r1_3               0x13202a740 | th_max = 1024 | th_width =   32
ggml_metal_init: loaded kernel_mul_mv_ext_q4_K_f32_r1_4               0x13202ac90 | th_max = 1024 | th_width =   32
ggml_metal_init: loaded kernel_mul_mv_ext_q4_K_f32_r1_5               0x13202b1e0 | th_max = 1024 | th_width =   32
ggml_metal_init: loaded kernel_mul_mv_ext_q5_K_f32_r1_2               0x13202b730 | th_max = 1024 | th_width =   32
ggml_metal_init: loaded kernel_mul_mv_ext_q5_K_f32_r1_3               0x13201b210 | th_max = 1024 | th_width =   32
ggml_metal_init: loaded kernel_mul_mv_ext_q5_K_f32_r1_4               0x13202bba0 | th_max = 1024 | th_width =   32
ggml_metal_init: loaded kernel_mul_mv_ext_q5_K_f32_r1_5               0x13202c350 | th_max = 1024 | th_width =   32
ggml_metal_init: loaded kernel_mul_mv_ext_q6_K_f32_r1_2               0x13202c8a0 | th_max = 1024 | th_width =   32
ggml_metal_init: loaded kernel_mul_mv_ext_q6_K_f32_r1_3               0x13202cdf0 | th_max = 1024 | th_width =   32
ggml_metal_init: loaded kernel_mul_mv_ext_q6_K_f32_r1_4               0x13202d340 | th_max = 1024 | th_width =   32
ggml_metal_init: loaded kernel_mul_mv_ext_q6_K_f32_r1_5               0x13202d890 | th_max = 1024 | th_width =   32
ggml_metal_init: loaded kernel_mul_mv_ext_iq4_nl_f32_r1_2             0x13202dde0 | th_max = 1024 | th_width =   32
ggml_metal_init: loaded kernel_mul_mv_ext_iq4_nl_f32_r1_3             0x13202e330 | th_max = 1024 | th_width =   32
ggml_metal_init: loaded kernel_mul_mv_ext_iq4_nl_f32_r1_4             0x13202e880 | th_max = 1024 | th_width =   32
ggml_metal_init: loaded kernel_mul_mv_ext_iq4_nl_f32_r1_5             0x13202edd0 | th_max = 1024 | th_width =   32
ggml_metal_init: loaded kernel_mul_mv_q2_K_f32                        0x13202f270 | th_max = 1024 | th_width =   32
ggml_metal_init: loaded kernel_mul_mv_q3_K_f32                        0x13202f710 | th_max = 1024 | th_width =   32
ggml_metal_init: loaded kernel_mul_mv_q4_K_f32                        0x13202fbb0 | th_max = 1024 | th_width =   32
ggml_metal_init: loaded kernel_mul_mv_q5_K_f32                        0x132030050 | th_max = 1024 | th_width =   32
ggml_metal_init: loaded kernel_mul_mv_q6_K_f32                        0x1320304f0 | th_max = 1024 | th_width =   32
ggml_metal_init: loaded kernel_mul_mv_iq2_xxs_f32                     0x132030990 | th_max = 1024 | th_width =   32
ggml_metal_init: loaded kernel_mul_mv_iq2_xs_f32                      0x132030e30 | th_max = 1024 | th_width =   32
ggml_metal_init: loaded kernel_mul_mv_iq3_xxs_f32                     0x1320312d0 | th_max = 1024 | th_width =   32
ggml_metal_init: loaded kernel_mul_mv_iq3_s_f32                       0x132031770 | th_max = 1024 | th_width =   32
ggml_metal_init: loaded kernel_mul_mv_iq2_s_f32                       0x132031c10 | th_max = 1024 | th_width =   32
ggml_metal_init: loaded kernel_mul_mv_iq1_s_f32                       0x1320320b0 | th_max = 1024 | th_width =   32
ggml_metal_init: loaded kernel_mul_mv_iq1_m_f32                       0x132032550 | th_max = 1024 | th_width =   32
ggml_metal_init: loaded kernel_mul_mv_iq4_nl_f32                      0x1320329f0 | th_max = 1024 | th_width =   32
ggml_metal_init: loaded kernel_mul_mv_iq4_xs_f32                      0x132032e90 | th_max = 1024 | th_width =   32
ggml_metal_init: loaded kernel_mul_mv_id_f32_f32                      0x132033330 | th_max = 1024 | th_width =   32
ggml_metal_init: loaded kernel_mul_mv_id_f16_f32                      0x1320337d0 | th_max = 1024 | th_width =   32
ggml_metal_init: skipping kernel_mul_mv_id_bf16_f32                (not supported)
ggml_metal_init: loaded kernel_mul_mv_id_q4_0_f32                     0x132033c70 | th_max = 1024 | th_width =   32
ggml_metal_init: loaded kernel_mul_mv_id_q4_1_f32                     0x132034110 | th_max = 1024 | th_width =   32
ggml_metal_init: loaded kernel_mul_mv_id_q5_0_f32                     0x1320345b0 | th_max = 1024 | th_width =   32
ggml_metal_init: loaded kernel_mul_mv_id_q5_1_f32                     0x132034a50 | th_max = 1024 | th_width =   32
ggml_metal_init: loaded kernel_mul_mv_id_q8_0_f32                     0x132034ef0 | th_max = 1024 | th_width =   32
ggml_metal_init: loaded kernel_mul_mv_id_q2_K_f32                     0x132035390 | th_max = 1024 | th_width =   32
ggml_metal_init: loaded kernel_mul_mv_id_q3_K_f32                     0x132035830 | th_max = 1024 | th_width =   32
ggml_metal_init: loaded kernel_mul_mv_id_q4_K_f32                     0x132035cd0 | th_max = 1024 | th_width =   32
ggml_metal_init: loaded kernel_mul_mv_id_q5_K_f32                     0x132036170 | th_max = 1024 | th_width =   32
ggml_metal_init: loaded kernel_mul_mv_id_q6_K_f32                     0x132036610 | th_max = 1024 | th_width =   32
ggml_metal_init: loaded kernel_mul_mv_id_iq2_xxs_f32                  0x132036ab0 | th_max = 1024 | th_width =   32
ggml_metal_init: loaded kernel_mul_mv_id_iq2_xs_f32                   0x132036f50 | th_max = 1024 | th_width =   32
ggml_metal_init: loaded kernel_mul_mv_id_iq3_xxs_f32                  0x1320373f0 | th_max = 1024 | th_width =   32
ggml_metal_init: loaded kernel_mul_mv_id_iq3_s_f32                    0x132037890 | th_max = 1024 | th_width =   32
ggml_metal_init: loaded kernel_mul_mv_id_iq2_s_f32                    0x132037d30 | th_max = 1024 | th_width =   32
ggml_metal_init: loaded kernel_mul_mv_id_iq1_s_f32                    0x1320381d0 | th_max = 1024 | th_width =   32
ggml_metal_init: loaded kernel_mul_mv_id_iq1_m_f32                    0x132038670 | th_max = 1024 | th_width =   32
ggml_metal_init: loaded kernel_mul_mv_id_iq4_nl_f32                   0x132038b10 | th_max = 1024 | th_width =   32
ggml_metal_init: loaded kernel_mul_mv_id_iq4_xs_f32                   0x132038fb0 | th_max = 1024 | th_width =   32
ggml_metal_init: loaded kernel_mul_mm_f32_f32                         0x132039450 | th_max = 1024 | th_width =   32
ggml_metal_init: loaded kernel_mul_mm_f16_f32                         0x1320398f0 | th_max = 1024 | th_width =   32
ggml_metal_init: skipping kernel_mul_mm_bf16_f32                   (not supported)
ggml_metal_init: loaded kernel_mul_mm_q4_0_f32                        0x132039d90 | th_max = 1024 | th_width =   32
ggml_metal_init: loaded kernel_mul_mm_q4_1_f32                        0x13203a230 | th_max = 1024 | th_width =   32
ggml_metal_init: loaded kernel_mul_mm_q5_0_f32                        0x13203a6d0 | th_max = 1024 | th_width =   32
ggml_metal_init: loaded kernel_mul_mm_q5_1_f32                        0x13203ab70 | th_max = 1024 | th_width =   32
ggml_metal_init: loaded kernel_mul_mm_q8_0_f32                        0x13203b010 | th_max = 1024 | th_width =   32
ggml_metal_init: loaded kernel_mul_mm_q2_K_f32                        0x13203b4b0 | th_max = 1024 | th_width =   32
ggml_metal_init: loaded kernel_mul_mm_q3_K_f32                        0x13203b950 | th_max = 1024 | th_width =   32
ggml_metal_init: loaded kernel_mul_mm_q4_K_f32                        0x13203bdf0 | th_max = 1024 | th_width =   32
ggml_metal_init: loaded kernel_mul_mm_q5_K_f32                        0x13203c290 | th_max = 1024 | th_width =   32
ggml_metal_init: loaded kernel_mul_mm_q6_K_f32                        0x13203c730 | th_max = 1024 | th_width =   32
ggml_metal_init: loaded kernel_mul_mm_iq2_xxs_f32                     0x13203cbd0 | th_max = 1024 | th_width =   32
ggml_metal_init: loaded kernel_mul_mm_iq2_xs_f32                      0x13203d070 | th_max = 1024 | th_width =   32
ggml_metal_init: loaded kernel_mul_mm_iq3_xxs_f32                     0x13203d510 | th_max = 1024 | th_width =   32
ggml_metal_init: loaded kernel_mul_mm_iq3_s_f32                       0x13203d9b0 | th_max = 1024 | th_width =   32
ggml_metal_init: loaded kernel_mul_mm_iq2_s_f32                       0x13203de50 | th_max = 1024 | th_width =   32
ggml_metal_init: loaded kernel_mul_mm_iq1_s_f32                       0x13203e2f0 | th_max = 1024 | th_width =   32
ggml_metal_init: loaded kernel_mul_mm_iq1_m_f32                       0x13203e790 | th_max = 1024 | th_width =   32
ggml_metal_init: loaded kernel_mul_mm_iq4_nl_f32                      0x13203ec30 | th_max = 1024 | th_width =   32
ggml_metal_init: loaded kernel_mul_mm_iq4_xs_f32                      0x13203f0d0 | th_max = 1024 | th_width =   32
ggml_metal_init: loaded kernel_mul_mm_id_f32_f32                      0x13203f570 | th_max = 1024 | th_width =   32
ggml_metal_init: loaded kernel_mul_mm_id_f16_f32                      0x13203fa10 | th_max = 1024 | th_width =   32
ggml_metal_init: skipping kernel_mul_mm_id_bf16_f32                (not supported)
ggml_metal_init: loaded kernel_mul_mm_id_q4_0_f32                     0x13203feb0 | th_max = 1024 | th_width =   32
ggml_metal_init: loaded kernel_mul_mm_id_q4_1_f32                     0x132040350 | th_max = 1024 | th_width =   32
ggml_metal_init: loaded kernel_mul_mm_id_q5_0_f32                     0x1320407f0 | th_max = 1024 | th_width =   32
ggml_metal_init: loaded kernel_mul_mm_id_q5_1_f32                     0x132040c90 | th_max = 1024 | th_width =   32
ggml_metal_init: loaded kernel_mul_mm_id_q8_0_f32                     0x132041130 | th_max = 1024 | th_width =   32
ggml_metal_init: loaded kernel_mul_mm_id_q2_K_f32                     0x1320415d0 | th_max = 1024 | th_width =   32
ggml_metal_init: loaded kernel_mul_mm_id_q3_K_f32                     0x132041a70 | th_max = 1024 | th_width =   32
ggml_metal_init: loaded kernel_mul_mm_id_q4_K_f32                     0x132041f10 | th_max = 1024 | th_width =   32
ggml_metal_init: loaded kernel_mul_mm_id_q5_K_f32                     0x1320423b0 | th_max = 1024 | th_width =   32
ggml_metal_init: loaded kernel_mul_mm_id_q6_K_f32                     0x132042850 | th_max = 1024 | th_width =   32
ggml_metal_init: loaded kernel_mul_mm_id_iq2_xxs_f32                  0x132042cf0 | th_max = 1024 | th_width =   32
ggml_metal_init: loaded kernel_mul_mm_id_iq2_xs_f32                   0x132043190 | th_max = 1024 | th_width =   32
ggml_metal_init: loaded kernel_mul_mm_id_iq3_xxs_f32                  0x132043630 | th_max = 1024 | th_width =   32
ggml_metal_init: loaded kernel_mul_mm_id_iq3_s_f32                    0x132043ad0 | th_max = 1024 | th_width =   32
ggml_metal_init: loaded kernel_mul_mm_id_iq2_s_f32                    0x132043f70 | th_max = 1024 | th_width =   32
ggml_metal_init: loaded kernel_mul_mm_id_iq1_s_f32                    0x132044410 | th_max = 1024 | th_width =   32
ggml_metal_init: loaded kernel_mul_mm_id_iq1_m_f32                    0x1320448b0 | th_max = 1024 | th_width =   32
ggml_metal_init: loaded kernel_mul_mm_id_iq4_nl_f32                   0x132044d50 | th_max = 1024 | th_width =   32
ggml_metal_init: loaded kernel_mul_mm_id_iq4_xs_f32                   0x1320451f0 | th_max = 1024 | th_width =   32
ggml_metal_init: loaded kernel_rope_norm_f32                          0x132045740 | th_max = 1024 | th_width =   32
ggml_metal_init: loaded kernel_rope_norm_f16                          0x132045c90 | th_max = 1024 | th_width =   32
ggml_metal_init: loaded kernel_rope_neox_f32                          0x1320461e0 | th_max = 1024 | th_width =   32
ggml_metal_init: loaded kernel_rope_neox_f16                          0x132046730 | th_max = 1024 | th_width =   32
ggml_metal_init: loaded kernel_im2col_f16                             0x1320469f0 | th_max = 1024 | th_width =   32
ggml_metal_init: loaded kernel_im2col_f32                             0x132047000 | th_max = 1024 | th_width =   32
ggml_metal_init: loaded kernel_im2col_ext_f16                         0x132047610 | th_max = 1024 | th_width =   32
ggml_metal_init: loaded kernel_im2col_ext_f32                         0x132047c20 | th_max = 1024 | th_width =   32
ggml_metal_init: loaded kernel_conv_transpose_1d_f32_f32              0x132048410 | th_max = 1024 | th_width =   32
ggml_metal_init: loaded kernel_conv_transpose_1d_f16_f32              0x1320488b0 | th_max = 1024 | th_width =   32
ggml_metal_init: loaded kernel_upscale_f32                            0x132048b70 | th_max = 1024 | th_width =   32
ggml_metal_init: loaded kernel_pad_f32                                0x132049180 | th_max = 1024 | th_width =   32
ggml_metal_init: loaded kernel_pad_reflect_1d_f32                     0x132049790 | th_max = 1024 | th_width =   32
ggml_metal_init: loaded kernel_timestep_embedding_f32                 0x132049f80 | th_max = 1024 | th_width =   32
ggml_metal_init: loaded kernel_arange_f32                             0x13204a420 | th_max = 1024 | th_width =   32
ggml_metal_init: loaded kernel_argsort_f32_i32_asc                    0x13204a8c0 | th_max = 1024 | th_width =   32
ggml_metal_init: loaded kernel_argsort_f32_i32_desc                   0x13204ad60 | th_max = 1024 | th_width =   32
ggml_metal_init: loaded kernel_leaky_relu_f32                         0x13204b510 | th_max = 1024 | th_width =   32
ggml_metal_init: loaded kernel_flash_attn_ext_f16_h64                 0x13204ba60 | th_max = 1024 | th_width =   32
ggml_metal_init: loaded kernel_flash_attn_ext_f16_h80                 0x13204bfb0 | th_max = 1024 | th_width =   32
ggml_metal_init: loaded kernel_flash_attn_ext_f16_h96                 0x13204c500 | th_max = 1024 | th_width =   32
ggml_metal_init: loaded kernel_flash_attn_ext_f16_h112                0x13204ca50 | th_max = 1024 | th_width =   32
ggml_metal_init: loaded kernel_flash_attn_ext_f16_h128                0x13204cfa0 | th_max = 1024 | th_width =   32
ggml_metal_init: loaded kernel_flash_attn_ext_f16_h256                0x13204d4f0 | th_max = 1024 | th_width =   32
ggml_metal_init: skipping kernel_flash_attn_ext_bf16_h64           (not supported)
ggml_metal_init: skipping kernel_flash_attn_ext_bf16_h80           (not supported)
ggml_metal_init: skipping kernel_flash_attn_ext_bf16_h96           (not supported)
ggml_metal_init: skipping kernel_flash_attn_ext_bf16_h112          (not supported)
ggml_metal_init: skipping kernel_flash_attn_ext_bf16_h128          (not supported)
ggml_metal_init: skipping kernel_flash_attn_ext_bf16_h256          (not supported)
ggml_metal_init: loaded kernel_flash_attn_ext_q4_0_h64                0x13204da40 | th_max = 1024 | th_width =   32
ggml_metal_init: loaded kernel_flash_attn_ext_q4_0_h80                0x13204df90 | th_max = 1024 | th_width =   32
ggml_metal_init: loaded kernel_flash_attn_ext_q4_0_h96                0x13204e4e0 | th_max = 1024 | th_width =   32
ggml_metal_init: loaded kernel_flash_attn_ext_q4_0_h112               0x13204ea30 | th_max = 1024 | th_width =   32
ggml_metal_init: loaded kernel_flash_attn_ext_q4_0_h128               0x13204ef80 | th_max = 1024 | th_width =   32
ggml_metal_init: loaded kernel_flash_attn_ext_q4_0_h256               0x13204f4d0 | th_max = 1024 | th_width =   32
ggml_metal_init: loaded kernel_flash_attn_ext_q4_1_h64                0x13204fa20 | th_max = 1024 | th_width =   32
ggml_metal_init: loaded kernel_flash_attn_ext_q4_1_h80                0x13204ff70 | th_max = 1024 | th_width =   32
ggml_metal_init: loaded kernel_flash_attn_ext_q4_1_h96                0x1320504c0 | th_max = 1024 | th_width =   32
ggml_metal_init: loaded kernel_flash_attn_ext_q4_1_h112               0x132050a10 | th_max = 1024 | th_width =   32
ggml_metal_init: loaded kernel_flash_attn_ext_q4_1_h128               0x132050f60 | th_max = 1024 | th_width =   32
ggml_metal_init: loaded kernel_flash_attn_ext_q4_1_h256               0x1320514b0 | th_max = 1024 | th_width =   32
ggml_metal_init: loaded kernel_flash_attn_ext_q5_0_h64                0x132051a00 | th_max = 1024 | th_width =   32
ggml_metal_init: loaded kernel_flash_attn_ext_q5_0_h80                0x132051f50 | th_max = 1024 | th_width =   32
ggml_metal_init: loaded kernel_flash_attn_ext_q5_0_h96                0x1320524a0 | th_max = 1024 | th_width =   32
ggml_metal_init: loaded kernel_flash_attn_ext_q5_0_h112               0x1320529f0 | th_max = 1024 | th_width =   32
ggml_metal_init: loaded kernel_flash_attn_ext_q5_0_h128               0x132052f40 | th_max = 1024 | th_width =   32
ggml_metal_init: loaded kernel_flash_attn_ext_q5_0_h256               0x132053490 | th_max = 1024 | th_width =   32
ggml_metal_init: loaded kernel_flash_attn_ext_q5_1_h64                0x1320539e0 | th_max = 1024 | th_width =   32
ggml_metal_init: loaded kernel_flash_attn_ext_q5_1_h80                0x132053f30 | th_max = 1024 | th_width =   32
ggml_metal_init: loaded kernel_flash_attn_ext_q5_1_h96                0x132054480 | th_max = 1024 | th_width =   32
ggml_metal_init: loaded kernel_flash_attn_ext_q5_1_h112               0x1320549d0 | th_max = 1024 | th_width =   32
ggml_metal_init: loaded kernel_flash_attn_ext_q5_1_h128               0x132054f20 | th_max = 1024 | th_width =   32
ggml_metal_init: loaded kernel_flash_attn_ext_q5_1_h256               0x132055470 | th_max = 1024 | th_width =   32
ggml_metal_init: loaded kernel_flash_attn_ext_q8_0_h64                0x1320559c0 | th_max = 1024 | th_width =   32
ggml_metal_init: loaded kernel_flash_attn_ext_q8_0_h80                0x132055f10 | th_max = 1024 | th_width =   32
ggml_metal_init: loaded kernel_flash_attn_ext_q8_0_h96                0x132056460 | th_max = 1024 | th_width =   32
ggml_metal_init: loaded kernel_flash_attn_ext_q8_0_h112               0x1320569b0 | th_max = 1024 | th_width =   32
ggml_metal_init: loaded kernel_flash_attn_ext_q8_0_h128               0x132056f00 | th_max = 1024 | th_width =   32
ggml_metal_init: loaded kernel_flash_attn_ext_q8_0_h256               0x132057450 | th_max = 1024 | th_width =   32
ggml_metal_init: loaded kernel_flash_attn_ext_vec_f16_h128            0x1320579a0 | th_max = 1024 | th_width =   32
ggml_metal_init: skipping kernel_flash_attn_ext_vec_bf16_h128      (not supported)
ggml_metal_init: loaded kernel_flash_attn_ext_vec_q4_0_h128           0x132057ef0 | th_max = 1024 | th_width =   32
ggml_metal_init: loaded kernel_flash_attn_ext_vec_q4_1_h128           0x132058440 | th_max = 1024 | th_width =   32
ggml_metal_init: loaded kernel_flash_attn_ext_vec_q5_0_h128           0x132058990 | th_max = 1024 | th_width =   32
ggml_metal_init: loaded kernel_flash_attn_ext_vec_q5_1_h128           0x132058ee0 | th_max = 1024 | th_width =   32
ggml_metal_init: loaded kernel_flash_attn_ext_vec_q8_0_h128           0x132059430 | th_max = 1024 | th_width =   32
ggml_metal_init: loaded kernel_flash_attn_ext_vec_f16_h256            0x132059980 | th_max = 1024 | th_width =   32
ggml_metal_init: skipping kernel_flash_attn_ext_vec_bf16_h256      (not supported)
ggml_metal_init: loaded kernel_flash_attn_ext_vec_q4_0_h256           0x132059ed0 | th_max = 1024 | th_width =   32
ggml_metal_init: loaded kernel_flash_attn_ext_vec_q4_1_h256           0x13205a420 | th_max = 1024 | th_width =   32
ggml_metal_init: loaded kernel_flash_attn_ext_vec_q5_0_h256           0x13205a970 | th_max = 1024 | th_width =   32
ggml_metal_init: loaded kernel_flash_attn_ext_vec_q5_1_h256           0x13205aec0 | th_max = 1024 | th_width =   32
ggml_metal_init: loaded kernel_flash_attn_ext_vec_q8_0_h256           0x13205b410 | th_max = 1024 | th_width =   32
ggml_metal_init: loaded kernel_set_f32                                0x13205b8b0 | th_max = 1024 | th_width =   32
ggml_metal_init: loaded kernel_set_i32                                0x13205bd50 | th_max = 1024 | th_width =   32
ggml_metal_init: loaded kernel_cpy_f32_f32                            0x13205c1f0 | th_max = 1024 | th_width =   32
ggml_metal_init: loaded kernel_cpy_f32_f16                            0x13205c690 | th_max = 1024 | th_width =   32
ggml_metal_init: skipping kernel_cpy_f32_bf16                      (not supported)
ggml_metal_init: loaded kernel_cpy_f16_f32                            0x13205cb30 | th_max = 1024 | th_width =   32
ggml_metal_init: loaded kernel_cpy_f16_f16                            0x13205cfd0 | th_max = 1024 | th_width =   32
ggml_metal_init: skipping kernel_cpy_bf16_f32                      (not supported)
ggml_metal_init: skipping kernel_cpy_bf16_bf16                     (not supported)
ggml_metal_init: loaded kernel_cpy_f32_q8_0                           0x13205d470 | th_max = 1024 | th_width =   32
ggml_metal_init: loaded kernel_cpy_f32_q4_0                           0x13205d910 | th_max = 1024 | th_width =   32
ggml_metal_init: loaded kernel_cpy_f32_q4_1                           0x13205ddb0 | th_max = 1024 | th_width =   32
ggml_metal_init: loaded kernel_cpy_f32_q5_0                           0x13205e250 | th_max = 1024 | th_width =   32
ggml_metal_init: loaded kernel_cpy_f32_q5_1                           0x13205e6f0 | th_max = 1024 | th_width =   32
ggml_metal_init: loaded kernel_cpy_f32_iq4_nl                         0x13205eb90 | th_max = 1024 | th_width =   32
ggml_metal_init: loaded kernel_cpy_q4_0_f32                           0x13205f030 | th_max = 1024 | th_width =   32
ggml_metal_init: loaded kernel_cpy_q4_0_f16                           0x13205f4d0 | th_max = 1024 | th_width =   32
ggml_metal_init: loaded kernel_cpy_q4_1_f32                           0x13205f970 | th_max = 1024 | th_width =   32
ggml_metal_init: loaded kernel_cpy_q4_1_f16                           0x13205fe10 | th_max = 1024 | th_width =   32
ggml_metal_init: loaded kernel_cpy_q5_0_f32                           0x1320602b0 | th_max = 1024 | th_width =   32
ggml_metal_init: loaded kernel_cpy_q5_0_f16                           0x132060750 | th_max = 1024 | th_width =   32
ggml_metal_init: loaded kernel_cpy_q5_1_f32                           0x132060bf0 | th_max = 1024 | th_width =   32
ggml_metal_init: loaded kernel_cpy_q5_1_f16                           0x132061090 | th_max = 1024 | th_width =   32
ggml_metal_init: loaded kernel_cpy_q8_0_f32                           0x132061530 | th_max = 1024 | th_width =   32
ggml_metal_init: loaded kernel_cpy_q8_0_f16                           0x1320619d0 | th_max = 1024 | th_width =   32
ggml_metal_init: loaded kernel_concat                                 0x132061f20 | th_max = 1024 | th_width =   32
ggml_metal_init: loaded kernel_sqr                                    0x132062640 | th_max = 1024 | th_width =   32
ggml_metal_init: loaded kernel_sqrt                                   0x132062d60 | th_max = 1024 | th_width =   32
ggml_metal_init: loaded kernel_sin                                    0x132063480 | th_max = 1024 | th_width =   32
ggml_metal_init: loaded kernel_cos                                    0x132063ba0 | th_max = 1024 | th_width =   32
ggml_metal_init: loaded kernel_sum_rows                               0x132063e60 | th_max = 1024 | th_width =   32
ggml_metal_init: loaded kernel_argmax                                 0x132064650 | th_max = 1024 | th_width =   32
ggml_metal_init: loaded kernel_pool_2d_avg_f32                        0x132064910 | th_max = 1024 | th_width =   32
ggml_metal_init: loaded kernel_pool_2d_max_f32                        0x132064f20 | th_max = 1024 | th_width =   32
ggml_metal_free: deallocating
Layer  0 output shape:  416 x 416 x   16 x   1
Layer  1 output shape:  208 x 208 x   16 x   1
Layer  2 output shape:  208 x 208 x   32 x   1
Layer  3 output shape:  104 x 104 x   32 x   1
Layer  4 output shape:  104 x 104 x   64 x   1
Layer  5 output shape:   52 x  52 x   64 x   1
Layer  6 output shape:   52 x  52 x  128 x   1
Layer  7 output shape:   26 x  26 x  128 x   1
Layer  8 output shape:   26 x  26 x  256 x   1
Layer  9 output shape:   13 x  13 x  256 x   1
Layer 10 output shape:   13 x  13 x  512 x   1
Layer 11 output shape:   13 x  13 x  512 x   1
Layer 12 output shape:   13 x  13 x 1024 x   1
Layer 13 output shape:   13 x  13 x  256 x   1
Layer 14 output shape:   13 x  13 x  512 x   1
Layer 15 output shape:   13 x  13 x  255 x   1
Layer 18 output shape:   13 x  13 x  128 x   1
Layer 19 output shape:   26 x  26 x  128 x   1
Layer 20 output shape:   26 x  26 x  384 x   1
Layer 21 output shape:   26 x  26 x  256 x   1
Layer 22 output shape:   26 x  26 x  255 x   1
dog: 57%
car: 52%
truck: 56%
car: 62%
bicycle: 58%
Detected objects saved in 'predictions.jpg' (time: 0.046000 sec.)

real	0m0.286s
user	0m0.048s
sys	0m0.031s
