../models-mnt/yolo//yolov3-tiny.weights converted to yolov3-tiny.gguf
+ ./bin/yolov3-tiny -m yolov3-tiny.gguf -i ../models-mnt/yolo//dog.jpg
load_model: using Metal backend
ggml_metal_init: allocating
ggml_metal_init: found device: Apple M4
ggml_metal_init: picking default device: Apple M4
ggml_metal_init: using embedded metal library
ggml_metal_init: GPU name:   Apple M4
ggml_metal_init: GPU family: MTLGPUFamilyApple9  (1009)
ggml_metal_init: GPU family: MTLGPUFamilyCommon3 (3003)
ggml_metal_init: GPU family: MTLGPUFamilyMetal3  (5001)
ggml_metal_init: simdgroup reduction   = true
ggml_metal_init: simdgroup matrix mul. = true
ggml_metal_init: has bfloat            = true
ggml_metal_init: use bfloat            = false
ggml_metal_init: hasUnifiedMemory      = true
ggml_metal_init: recommendedMaxWorkingSetSize  = 11453.25 MB
ggml_metal_init: loaded kernel_add                                    0x12d0097f0 | th_max = 1024 | th_width =   32
ggml_metal_init: loaded kernel_add_row                                0x12d009f00 | th_max = 1024 | th_width =   32
ggml_metal_init: loaded kernel_sub                                    0x12d00a4b0 | th_max = 1024 | th_width =   32
ggml_metal_init: loaded kernel_sub_row                                0x12d00aa60 | th_max = 1024 | th_width =   32
ggml_metal_init: loaded kernel_mul                                    0x12d00b010 | th_max = 1024 | th_width =   32
ggml_metal_init: loaded kernel_mul_row                                0x12d00b5c0 | th_max = 1024 | th_width =   32
ggml_metal_init: loaded kernel_div                                    0x12d00bb70 | th_max = 1024 | th_width =   32
ggml_metal_init: loaded kernel_div_row                                0x12d00c120 | th_max = 1024 | th_width =   32
ggml_metal_init: loaded kernel_repeat_f32                             0x12d00c6d0 | th_max = 1024 | th_width =   32
ggml_metal_init: loaded kernel_repeat_f16                             0x12d00cbd0 | th_max = 1024 | th_width =   32
ggml_metal_init: loaded kernel_repeat_i32                             0x12d00d0d0 | th_max = 1024 | th_width =   32
ggml_metal_init: loaded kernel_repeat_i16                             0x12d00d5d0 | th_max = 1024 | th_width =   32
ggml_metal_init: loaded kernel_scale                                  0x12d00e0f0 | th_max = 1024 | th_width =   32
ggml_metal_init: loaded kernel_scale_4                                0x12d00e8a0 | th_max = 1024 | th_width =   32
ggml_metal_init: loaded kernel_clamp                                  0x12d00f0b0 | th_max = 1024 | th_width =   32
ggml_metal_init: loaded kernel_tanh                                   0x12d00f7d0 | th_max = 1024 | th_width =   32
ggml_metal_init: loaded kernel_relu                                   0x12d00fef0 | th_max = 1024 | th_width =   32
ggml_metal_init: loaded kernel_sigmoid                                0x12d010610 | th_max = 1024 | th_width =   32
ggml_metal_init: loaded kernel_gelu                                   0x12d010d30 | th_max = 1024 | th_width =   32
ggml_metal_init: loaded kernel_gelu_4                                 0x12d011500 | th_max = 1024 | th_width =   32
ggml_metal_init: loaded kernel_gelu_quick                             0x12d011c20 | th_max = 1024 | th_width =   32
ggml_metal_init: loaded kernel_gelu_quick_4                           0x12d012340 | th_max = 1024 | th_width =   32
ggml_metal_init: loaded kernel_silu                                   0x12d012a60 | th_max = 1024 | th_width =   32
ggml_metal_init: loaded kernel_silu_4                                 0x12d013300 | th_max = 1024 | th_width =   32
ggml_metal_init: loaded kernel_elu                                    0x12d013a20 | th_max = 1024 | th_width =   32
ggml_metal_init: loaded kernel_soft_max_f16                           0x12d013ce0 | th_max = 1024 | th_width =   32
ggml_metal_init: loaded kernel_soft_max_f16_4                         0x12d0142f0 | th_max = 1024 | th_width =   32
ggml_metal_init: loaded kernel_soft_max_f32                           0x12d014f60 | th_max = 1024 | th_width =   32
ggml_metal_init: loaded kernel_soft_max_f32_4                         0x12d0154a0 | th_max = 1024 | th_width =   32
ggml_metal_init: loaded kernel_diag_mask_inf                          0x12d015760 | th_max = 1024 | th_width =   32
ggml_metal_init: loaded kernel_diag_mask_inf_8                        0x12d015c00 | th_max = 1024 | th_width =   32
ggml_metal_init: loaded kernel_get_rows_f32                           0x12d015ec0 | th_max = 1024 | th_width =   32
ggml_metal_init: loaded kernel_get_rows_f16                           0x12d016750 | th_max = 1024 | th_width =   32
ggml_metal_init: skipping kernel_get_rows_bf16                     (not supported)
ggml_metal_init: loaded kernel_get_rows_q4_0                          0x12d016a10 | th_max = 1024 | th_width =   32
ggml_metal_init: loaded kernel_get_rows_q4_1                          0x12d016eb0 | th_max = 1024 | th_width =   32
ggml_metal_init: loaded kernel_get_rows_q5_0                          0x12d017350 | th_max = 1024 | th_width =   32
ggml_metal_init: loaded kernel_get_rows_q5_1                          0x12d0177f0 | th_max = 1024 | th_width =   32
ggml_metal_init: loaded kernel_get_rows_q8_0                          0x12d017c90 | th_max = 1024 | th_width =   32
ggml_metal_init: loaded kernel_get_rows_q2_K                          0x12d018130 | th_max = 1024 | th_width =   32
ggml_metal_init: loaded kernel_get_rows_q3_K                          0x12d0185d0 | th_max = 1024 | th_width =   32
ggml_metal_init: loaded kernel_get_rows_q4_K                          0x12d018a70 | th_max = 1024 | th_width =   32
ggml_metal_init: loaded kernel_get_rows_q5_K                          0x12d018f10 | th_max = 1024 | th_width =   32
ggml_metal_init: loaded kernel_get_rows_q6_K                          0x12d0193b0 | th_max = 1024 | th_width =   32
ggml_metal_init: loaded kernel_get_rows_iq2_xxs                       0x12d019670 | th_max = 1024 | th_width =   32
ggml_metal_init: loaded kernel_get_rows_iq2_xs                        0x12d019c80 | th_max = 1024 | th_width =   32
ggml_metal_init: loaded kernel_get_rows_iq3_xxs                       0x12d01a290 | th_max = 1024 | th_width =   32
ggml_metal_init: loaded kernel_get_rows_iq3_s                         0x12d01a8a0 | th_max = 1024 | th_width =   32
ggml_metal_init: loaded kernel_get_rows_iq2_s                         0x12d01b1c0 | th_max = 1024 | th_width =   32
ggml_metal_init: loaded kernel_get_rows_iq1_s                         0x12d01b7d0 | th_max = 1024 | th_width =   32
ggml_metal_init: loaded kernel_get_rows_iq1_m                         0x12d01bde0 | th_max = 1024 | th_width =   32
ggml_metal_init: loaded kernel_get_rows_iq4_nl                        0x12d01c3f0 | th_max = 1024 | th_width =   32
ggml_metal_init: loaded kernel_get_rows_iq4_xs                        0x12d01ca00 | th_max = 1024 | th_width =   32
ggml_metal_init: loaded kernel_get_rows_i32                           0x12d01d010 | th_max = 1024 | th_width =   32
ggml_metal_init: loaded kernel_rms_norm                               0x12d01d800 | th_max = 1024 | th_width =   32
ggml_metal_init: loaded kernel_group_norm                             0x12d01dca0 | th_max = 1024 | th_width =   32
ggml_metal_init: loaded kernel_norm                                   0x12d01e140 | th_max = 1024 | th_width =   32
ggml_metal_init: loaded kernel_ssm_conv_f32                           0x12d01e400 | th_max = 1024 | th_width =   32
ggml_metal_init: loaded kernel_ssm_scan_f32                           0x12d01ea10 | th_max = 1024 | th_width =   32
ggml_metal_init: loaded kernel_mul_mv_f32_f32                         0x12d01f200 | th_max = 1024 | th_width =   32
ggml_metal_init: skipping kernel_mul_mv_bf16_f32                   (not supported)
ggml_metal_init: skipping kernel_mul_mv_bf16_f32_1row              (not supported)
ggml_metal_init: skipping kernel_mul_mv_bf16_f32_l4                (not supported)
ggml_metal_init: skipping kernel_mul_mv_bf16_bf16                  (not supported)
ggml_metal_init: loaded kernel_mul_mv_f16_f32                         0x12d01f6a0 | th_max = 1024 | th_width =   32
ggml_metal_init: loaded kernel_mul_mv_f16_f32_1row                    0x12d01f960 | th_max = 1024 | th_width =   32
ggml_metal_init: loaded kernel_mul_mv_f16_f32_l4                      0x12d01fe00 | th_max = 1024 | th_width =   32
ggml_metal_init: loaded kernel_mul_mv_f16_f16                         0x12d0202a0 | th_max = 1024 | th_width =   32
ggml_metal_init: loaded kernel_mul_mv_q4_0_f32                        0x12d020740 | th_max = 1024 | th_width =   32
ggml_metal_init: loaded kernel_mul_mv_q4_1_f32                        0x12d020be0 | th_max = 1024 | th_width =   32
ggml_metal_init: loaded kernel_mul_mv_q5_0_f32                        0x12d021080 | th_max = 1024 | th_width =   32
ggml_metal_init: loaded kernel_mul_mv_q5_1_f32                        0x12d021520 | th_max = 1024 | th_width =   32
ggml_metal_init: loaded kernel_mul_mv_q8_0_f32                        0x12d0219c0 | th_max = 1024 | th_width =   32
ggml_metal_init: loaded kernel_mul_mv_ext_f16_f32_r1_2                0x12d021f10 | th_max = 1024 | th_width =   32
ggml_metal_init: loaded kernel_mul_mv_ext_f16_f32_r1_3                0x12d022460 | th_max = 1024 | th_width =   32
ggml_metal_init: loaded kernel_mul_mv_ext_f16_f32_r1_4                0x12d0229b0 | th_max = 1024 | th_width =   32
ggml_metal_init: loaded kernel_mul_mv_ext_f16_f32_r1_5                0x12d022f00 | th_max = 1024 | th_width =   32
ggml_metal_init: loaded kernel_mul_mv_ext_q4_0_f32_r1_2               0x12d023450 | th_max = 1024 | th_width =   32
ggml_metal_init: loaded kernel_mul_mv_ext_q4_0_f32_r1_3               0x12d0239a0 | th_max = 1024 | th_width =   32
ggml_metal_init: loaded kernel_mul_mv_ext_q4_0_f32_r1_4               0x12d023ef0 | th_max = 1024 | th_width =   32
ggml_metal_init: loaded kernel_mul_mv_ext_q4_0_f32_r1_5               0x12d024440 | th_max = 1024 | th_width =   32
ggml_metal_init: loaded kernel_mul_mv_ext_q4_1_f32_r1_2               0x12d024990 | th_max = 1024 | th_width =   32
ggml_metal_init: loaded kernel_mul_mv_ext_q4_1_f32_r1_3               0x12d024ee0 | th_max = 1024 | th_width =   32
ggml_metal_init: loaded kernel_mul_mv_ext_q4_1_f32_r1_4               0x12d025430 | th_max = 1024 | th_width =   32
ggml_metal_init: loaded kernel_mul_mv_ext_q4_1_f32_r1_5               0x12d025980 | th_max = 1024 | th_width =   32
ggml_metal_init: loaded kernel_mul_mv_ext_q5_0_f32_r1_2               0x12d025ed0 | th_max = 1024 | th_width =   32
ggml_metal_init: loaded kernel_mul_mv_ext_q5_0_f32_r1_3               0x12d026420 | th_max = 1024 | th_width =   32
ggml_metal_init: loaded kernel_mul_mv_ext_q5_0_f32_r1_4               0x12d026970 | th_max = 1024 | th_width =   32
ggml_metal_init: loaded kernel_mul_mv_ext_q5_0_f32_r1_5               0x12d026ec0 | th_max = 1024 | th_width =   32
ggml_metal_init: loaded kernel_mul_mv_ext_q5_1_f32_r1_2               0x12d027410 | th_max = 1024 | th_width =   32
ggml_metal_init: loaded kernel_mul_mv_ext_q5_1_f32_r1_3               0x12d027960 | th_max = 1024 | th_width =   32
ggml_metal_init: loaded kernel_mul_mv_ext_q5_1_f32_r1_4               0x12d027eb0 | th_max = 1024 | th_width =   32
ggml_metal_init: loaded kernel_mul_mv_ext_q5_1_f32_r1_5               0x12d028400 | th_max = 1024 | th_width =   32
ggml_metal_init: loaded kernel_mul_mv_ext_q8_0_f32_r1_2               0x12d028950 | th_max = 1024 | th_width =   32
ggml_metal_init: loaded kernel_mul_mv_ext_q8_0_f32_r1_3               0x12d028ea0 | th_max = 1024 | th_width =   32
ggml_metal_init: loaded kernel_mul_mv_ext_q8_0_f32_r1_4               0x12d0293f0 | th_max = 1024 | th_width =   32
ggml_metal_init: loaded kernel_mul_mv_ext_q8_0_f32_r1_5               0x12d029940 | th_max = 1024 | th_width =   32
ggml_metal_init: loaded kernel_mul_mv_ext_q4_K_f32_r1_2               0x12d029e90 | th_max = 1024 | th_width =   32
ggml_metal_init: loaded kernel_mul_mv_ext_q4_K_f32_r1_3               0x12d02a3e0 | th_max = 1024 | th_width =   32
ggml_metal_init: loaded kernel_mul_mv_ext_q4_K_f32_r1_4               0x12d02a930 | th_max = 1024 | th_width =   32
ggml_metal_init: loaded kernel_mul_mv_ext_q4_K_f32_r1_5               0x12d02ae80 | th_max = 1024 | th_width =   32
ggml_metal_init: loaded kernel_mul_mv_ext_q5_K_f32_r1_2               0x12d02b3d0 | th_max = 1024 | th_width =   32
ggml_metal_init: loaded kernel_mul_mv_ext_q5_K_f32_r1_3               0x12d01aeb0 | th_max = 1024 | th_width =   32
ggml_metal_init: loaded kernel_mul_mv_ext_q5_K_f32_r1_4               0x12d02b840 | th_max = 1024 | th_width =   32
ggml_metal_init: loaded kernel_mul_mv_ext_q5_K_f32_r1_5               0x12d02bff0 | th_max = 1024 | th_width =   32
ggml_metal_init: loaded kernel_mul_mv_ext_q6_K_f32_r1_2               0x12d02c540 | th_max = 1024 | th_width =   32
ggml_metal_init: loaded kernel_mul_mv_ext_q6_K_f32_r1_3               0x12d02ca90 | th_max = 1024 | th_width =   32
ggml_metal_init: loaded kernel_mul_mv_ext_q6_K_f32_r1_4               0x12d02cfe0 | th_max = 1024 | th_width =   32
ggml_metal_init: loaded kernel_mul_mv_ext_q6_K_f32_r1_5               0x12d02d530 | th_max = 1024 | th_width =   32
ggml_metal_init: loaded kernel_mul_mv_ext_iq4_nl_f32_r1_2             0x12d02da80 | th_max = 1024 | th_width =   32
ggml_metal_init: loaded kernel_mul_mv_ext_iq4_nl_f32_r1_3             0x12d02dfd0 | th_max = 1024 | th_width =   32
ggml_metal_init: loaded kernel_mul_mv_ext_iq4_nl_f32_r1_4             0x12d02e520 | th_max = 1024 | th_width =   32
ggml_metal_init: loaded kernel_mul_mv_ext_iq4_nl_f32_r1_5             0x12d02ea70 | th_max = 1024 | th_width =   32
ggml_metal_init: loaded kernel_mul_mv_q2_K_f32                        0x12d02ef10 | th_max = 1024 | th_width =   32
ggml_metal_init: loaded kernel_mul_mv_q3_K_f32                        0x12d02f3b0 | th_max = 1024 | th_width =   32
ggml_metal_init: loaded kernel_mul_mv_q4_K_f32                        0x12d02f850 | th_max = 1024 | th_width =   32
ggml_metal_init: loaded kernel_mul_mv_q5_K_f32                        0x12d02fcf0 | th_max = 1024 | th_width =   32
ggml_metal_init: loaded kernel_mul_mv_q6_K_f32                        0x12d030190 | th_max = 1024 | th_width =   32
ggml_metal_init: loaded kernel_mul_mv_iq2_xxs_f32                     0x12d030630 | th_max = 1024 | th_width =   32
ggml_metal_init: loaded kernel_mul_mv_iq2_xs_f32                      0x12d030ad0 | th_max = 1024 | th_width =   32
ggml_metal_init: loaded kernel_mul_mv_iq3_xxs_f32                     0x12d030f70 | th_max = 1024 | th_width =   32
ggml_metal_init: loaded kernel_mul_mv_iq3_s_f32                       0x12d031410 | th_max = 1024 | th_width =   32
ggml_metal_init: loaded kernel_mul_mv_iq2_s_f32                       0x12d0318b0 | th_max = 1024 | th_width =   32
ggml_metal_init: loaded kernel_mul_mv_iq1_s_f32                       0x12d031d50 | th_max = 1024 | th_width =   32
ggml_metal_init: loaded kernel_mul_mv_iq1_m_f32                       0x12d0321f0 | th_max = 1024 | th_width =   32
ggml_metal_init: loaded kernel_mul_mv_iq4_nl_f32                      0x12d032690 | th_max = 1024 | th_width =   32
ggml_metal_init: loaded kernel_mul_mv_iq4_xs_f32                      0x12d032b30 | th_max = 1024 | th_width =   32
ggml_metal_init: loaded kernel_mul_mv_id_f32_f32                      0x12d032fd0 | th_max = 1024 | th_width =   32
ggml_metal_init: loaded kernel_mul_mv_id_f16_f32                      0x12d033470 | th_max = 1024 | th_width =   32
ggml_metal_init: skipping kernel_mul_mv_id_bf16_f32                (not supported)
ggml_metal_init: loaded kernel_mul_mv_id_q4_0_f32                     0x12d033910 | th_max = 1024 | th_width =   32
ggml_metal_init: loaded kernel_mul_mv_id_q4_1_f32                     0x12d033db0 | th_max = 1024 | th_width =   32
ggml_metal_init: loaded kernel_mul_mv_id_q5_0_f32                     0x12d034250 | th_max = 1024 | th_width =   32
ggml_metal_init: loaded kernel_mul_mv_id_q5_1_f32                     0x12d0346f0 | th_max = 1024 | th_width =   32
ggml_metal_init: loaded kernel_mul_mv_id_q8_0_f32                     0x12d034b90 | th_max = 1024 | th_width =   32
ggml_metal_init: loaded kernel_mul_mv_id_q2_K_f32                     0x12d035030 | th_max = 1024 | th_width =   32
ggml_metal_init: loaded kernel_mul_mv_id_q3_K_f32                     0x12d0354d0 | th_max = 1024 | th_width =   32
ggml_metal_init: loaded kernel_mul_mv_id_q4_K_f32                     0x12d035970 | th_max = 1024 | th_width =   32
ggml_metal_init: loaded kernel_mul_mv_id_q5_K_f32                     0x12d035e10 | th_max = 1024 | th_width =   32
ggml_metal_init: loaded kernel_mul_mv_id_q6_K_f32                     0x12d0362b0 | th_max = 1024 | th_width =   32
ggml_metal_init: loaded kernel_mul_mv_id_iq2_xxs_f32                  0x12d036750 | th_max = 1024 | th_width =   32
ggml_metal_init: loaded kernel_mul_mv_id_iq2_xs_f32                   0x12d036bf0 | th_max = 1024 | th_width =   32
ggml_metal_init: loaded kernel_mul_mv_id_iq3_xxs_f32                  0x12d037090 | th_max = 1024 | th_width =   32
ggml_metal_init: loaded kernel_mul_mv_id_iq3_s_f32                    0x12d037530 | th_max = 1024 | th_width =   32
ggml_metal_init: loaded kernel_mul_mv_id_iq2_s_f32                    0x12d0379d0 | th_max = 1024 | th_width =   32
ggml_metal_init: loaded kernel_mul_mv_id_iq1_s_f32                    0x12d037e70 | th_max = 1024 | th_width =   32
ggml_metal_init: loaded kernel_mul_mv_id_iq1_m_f32                    0x12d038310 | th_max = 1024 | th_width =   32
ggml_metal_init: loaded kernel_mul_mv_id_iq4_nl_f32                   0x12d0387b0 | th_max = 1024 | th_width =   32
ggml_metal_init: loaded kernel_mul_mv_id_iq4_xs_f32                   0x12d038c50 | th_max = 1024 | th_width =   32
ggml_metal_init: loaded kernel_mul_mm_f32_f32                         0x12d0390f0 | th_max = 1024 | th_width =   32
ggml_metal_init: loaded kernel_mul_mm_f16_f32                         0x12d039590 | th_max = 1024 | th_width =   32
ggml_metal_init: skipping kernel_mul_mm_bf16_f32                   (not supported)
ggml_metal_init: loaded kernel_mul_mm_q4_0_f32                        0x12d039a30 | th_max = 1024 | th_width =   32
ggml_metal_init: loaded kernel_mul_mm_q4_1_f32                        0x12d039ed0 | th_max = 1024 | th_width =   32
ggml_metal_init: loaded kernel_mul_mm_q5_0_f32                        0x12d03a370 | th_max = 1024 | th_width =   32
ggml_metal_init: loaded kernel_mul_mm_q5_1_f32                        0x12d03a810 | th_max = 1024 | th_width =   32
ggml_metal_init: loaded kernel_mul_mm_q8_0_f32                        0x12d03acb0 | th_max = 1024 | th_width =   32
ggml_metal_init: loaded kernel_mul_mm_q2_K_f32                        0x12d03b150 | th_max = 1024 | th_width =   32
ggml_metal_init: loaded kernel_mul_mm_q3_K_f32                        0x12d03b5f0 | th_max = 1024 | th_width =   32
ggml_metal_init: loaded kernel_mul_mm_q4_K_f32                        0x12d03ba90 | th_max = 1024 | th_width =   32
ggml_metal_init: loaded kernel_mul_mm_q5_K_f32                        0x12d03bf30 | th_max = 1024 | th_width =   32
ggml_metal_init: loaded kernel_mul_mm_q6_K_f32                        0x12d03c3d0 | th_max = 1024 | th_width =   32
ggml_metal_init: loaded kernel_mul_mm_iq2_xxs_f32                     0x12d03c870 | th_max = 1024 | th_width =   32
ggml_metal_init: loaded kernel_mul_mm_iq2_xs_f32                      0x12d03cd10 | th_max = 1024 | th_width =   32
ggml_metal_init: loaded kernel_mul_mm_iq3_xxs_f32                     0x12d03d1b0 | th_max = 1024 | th_width =   32
ggml_metal_init: loaded kernel_mul_mm_iq3_s_f32                       0x12d03d650 | th_max = 1024 | th_width =   32
ggml_metal_init: loaded kernel_mul_mm_iq2_s_f32                       0x12d03daf0 | th_max = 1024 | th_width =   32
ggml_metal_init: loaded kernel_mul_mm_iq1_s_f32                       0x12d03df90 | th_max = 1024 | th_width =   32
ggml_metal_init: loaded kernel_mul_mm_iq1_m_f32                       0x12d03e430 | th_max = 1024 | th_width =   32
ggml_metal_init: loaded kernel_mul_mm_iq4_nl_f32                      0x12d03e8d0 | th_max = 1024 | th_width =   32
ggml_metal_init: loaded kernel_mul_mm_iq4_xs_f32                      0x12d03ed70 | th_max = 1024 | th_width =   32
ggml_metal_init: loaded kernel_mul_mm_id_f32_f32                      0x12d03f210 | th_max = 1024 | th_width =   32
ggml_metal_init: loaded kernel_mul_mm_id_f16_f32                      0x12d03f6b0 | th_max = 1024 | th_width =   32
ggml_metal_init: skipping kernel_mul_mm_id_bf16_f32                (not supported)
ggml_metal_init: loaded kernel_mul_mm_id_q4_0_f32                     0x12d03fb50 | th_max = 1024 | th_width =   32
ggml_metal_init: loaded kernel_mul_mm_id_q4_1_f32                     0x12d03fff0 | th_max = 1024 | th_width =   32
ggml_metal_init: loaded kernel_mul_mm_id_q5_0_f32                     0x12d040490 | th_max = 1024 | th_width =   32
ggml_metal_init: loaded kernel_mul_mm_id_q5_1_f32                     0x12d040930 | th_max = 1024 | th_width =   32
ggml_metal_init: loaded kernel_mul_mm_id_q8_0_f32                     0x12d040dd0 | th_max = 1024 | th_width =   32
ggml_metal_init: loaded kernel_mul_mm_id_q2_K_f32                     0x12d041270 | th_max = 1024 | th_width =   32
ggml_metal_init: loaded kernel_mul_mm_id_q3_K_f32                     0x12d041710 | th_max = 1024 | th_width =   32
ggml_metal_init: loaded kernel_mul_mm_id_q4_K_f32                     0x12d041bb0 | th_max = 1024 | th_width =   32
ggml_metal_init: loaded kernel_mul_mm_id_q5_K_f32                     0x12d042050 | th_max = 1024 | th_width =   32
ggml_metal_init: loaded kernel_mul_mm_id_q6_K_f32                     0x12d0424f0 | th_max = 1024 | th_width =   32
ggml_metal_init: loaded kernel_mul_mm_id_iq2_xxs_f32                  0x12d042990 | th_max = 1024 | th_width =   32
ggml_metal_init: loaded kernel_mul_mm_id_iq2_xs_f32                   0x12d042e30 | th_max = 1024 | th_width =   32
ggml_metal_init: loaded kernel_mul_mm_id_iq3_xxs_f32                  0x12d0432d0 | th_max = 1024 | th_width =   32
ggml_metal_init: loaded kernel_mul_mm_id_iq3_s_f32                    0x12d043770 | th_max = 1024 | th_width =   32
ggml_metal_init: loaded kernel_mul_mm_id_iq2_s_f32                    0x12d043c10 | th_max = 1024 | th_width =   32
ggml_metal_init: loaded kernel_mul_mm_id_iq1_s_f32                    0x12d0440b0 | th_max = 1024 | th_width =   32
ggml_metal_init: loaded kernel_mul_mm_id_iq1_m_f32                    0x12d044550 | th_max = 1024 | th_width =   32
ggml_metal_init: loaded kernel_mul_mm_id_iq4_nl_f32                   0x12d0449f0 | th_max = 1024 | th_width =   32
ggml_metal_init: loaded kernel_mul_mm_id_iq4_xs_f32                   0x12d044e90 | th_max = 1024 | th_width =   32
ggml_metal_init: loaded kernel_rope_norm_f32                          0x12d0453e0 | th_max = 1024 | th_width =   32
ggml_metal_init: loaded kernel_rope_norm_f16                          0x12d045930 | th_max = 1024 | th_width =   32
ggml_metal_init: loaded kernel_rope_neox_f32                          0x12d045e80 | th_max = 1024 | th_width =   32
ggml_metal_init: loaded kernel_rope_neox_f16                          0x12d0463d0 | th_max = 1024 | th_width =   32
ggml_metal_init: loaded kernel_im2col_f16                             0x12d046690 | th_max = 1024 | th_width =   32
ggml_metal_init: loaded kernel_im2col_f32                             0x12d046ca0 | th_max = 1024 | th_width =   32
ggml_metal_init: loaded kernel_im2col_ext_f16                         0x12d0472b0 | th_max = 1024 | th_width =   32
ggml_metal_init: loaded kernel_im2col_ext_f32                         0x12d0478c0 | th_max = 1024 | th_width =   32
ggml_metal_init: loaded kernel_conv_transpose_1d_f32_f32              0x12d0480b0 | th_max = 1024 | th_width =   32
ggml_metal_init: loaded kernel_conv_transpose_1d_f16_f32              0x12d048550 | th_max = 1024 | th_width =   32
ggml_metal_init: loaded kernel_upscale_f32                            0x12d048810 | th_max = 1024 | th_width =   32
ggml_metal_init: loaded kernel_pad_f32                                0x12d048e20 | th_max = 1024 | th_width =   32
ggml_metal_init: loaded kernel_pad_reflect_1d_f32                     0x12d049430 | th_max = 1024 | th_width =   32
ggml_metal_init: loaded kernel_timestep_embedding_f32                 0x12d049c20 | th_max = 1024 | th_width =   32
ggml_metal_init: loaded kernel_arange_f32                             0x12d04a0c0 | th_max = 1024 | th_width =   32
ggml_metal_init: loaded kernel_argsort_f32_i32_asc                    0x12d04a560 | th_max = 1024 | th_width =   32
ggml_metal_init: loaded kernel_argsort_f32_i32_desc                   0x12d04aa00 | th_max = 1024 | th_width =   32
ggml_metal_init: loaded kernel_leaky_relu_f32                         0x12d04b1b0 | th_max = 1024 | th_width =   32
ggml_metal_init: loaded kernel_flash_attn_ext_f16_h64                 0x12d04b700 | th_max = 1024 | th_width =   32
ggml_metal_init: loaded kernel_flash_attn_ext_f16_h80                 0x12d04bc50 | th_max = 1024 | th_width =   32
ggml_metal_init: loaded kernel_flash_attn_ext_f16_h96                 0x12d04c1a0 | th_max = 1024 | th_width =   32
ggml_metal_init: loaded kernel_flash_attn_ext_f16_h112                0x12d04c6f0 | th_max = 1024 | th_width =   32
ggml_metal_init: loaded kernel_flash_attn_ext_f16_h128                0x12d04cc40 | th_max = 1024 | th_width =   32
ggml_metal_init: loaded kernel_flash_attn_ext_f16_h256                0x12d04d190 | th_max = 1024 | th_width =   32
ggml_metal_init: skipping kernel_flash_attn_ext_bf16_h64           (not supported)
ggml_metal_init: skipping kernel_flash_attn_ext_bf16_h80           (not supported)
ggml_metal_init: skipping kernel_flash_attn_ext_bf16_h96           (not supported)
ggml_metal_init: skipping kernel_flash_attn_ext_bf16_h112          (not supported)
ggml_metal_init: skipping kernel_flash_attn_ext_bf16_h128          (not supported)
ggml_metal_init: skipping kernel_flash_attn_ext_bf16_h256          (not supported)
ggml_metal_init: loaded kernel_flash_attn_ext_q4_0_h64                0x12d04d6e0 | th_max = 1024 | th_width =   32
ggml_metal_init: loaded kernel_flash_attn_ext_q4_0_h80                0x12d04dc30 | th_max = 1024 | th_width =   32
ggml_metal_init: loaded kernel_flash_attn_ext_q4_0_h96                0x12d04e180 | th_max = 1024 | th_width =   32
ggml_metal_init: loaded kernel_flash_attn_ext_q4_0_h112               0x12d04e6d0 | th_max = 1024 | th_width =   32
ggml_metal_init: loaded kernel_flash_attn_ext_q4_0_h128               0x12d04ec20 | th_max = 1024 | th_width =   32
ggml_metal_init: loaded kernel_flash_attn_ext_q4_0_h256               0x12d04f170 | th_max = 1024 | th_width =   32
ggml_metal_init: loaded kernel_flash_attn_ext_q4_1_h64                0x12d04f6c0 | th_max = 1024 | th_width =   32
ggml_metal_init: loaded kernel_flash_attn_ext_q4_1_h80                0x12d04fc10 | th_max = 1024 | th_width =   32
ggml_metal_init: loaded kernel_flash_attn_ext_q4_1_h96                0x12d050160 | th_max = 1024 | th_width =   32
ggml_metal_init: loaded kernel_flash_attn_ext_q4_1_h112               0x12d0506b0 | th_max = 1024 | th_width =   32
ggml_metal_init: loaded kernel_flash_attn_ext_q4_1_h128               0x12d050c00 | th_max = 1024 | th_width =   32
ggml_metal_init: loaded kernel_flash_attn_ext_q4_1_h256               0x12d051150 | th_max = 1024 | th_width =   32
ggml_metal_init: loaded kernel_flash_attn_ext_q5_0_h64                0x12d0516a0 | th_max = 1024 | th_width =   32
ggml_metal_init: loaded kernel_flash_attn_ext_q5_0_h80                0x12d051bf0 | th_max = 1024 | th_width =   32
ggml_metal_init: loaded kernel_flash_attn_ext_q5_0_h96                0x12d052140 | th_max = 1024 | th_width =   32
ggml_metal_init: loaded kernel_flash_attn_ext_q5_0_h112               0x12d052690 | th_max = 1024 | th_width =   32
ggml_metal_init: loaded kernel_flash_attn_ext_q5_0_h128               0x12d052be0 | th_max = 1024 | th_width =   32
ggml_metal_init: loaded kernel_flash_attn_ext_q5_0_h256               0x12d053130 | th_max = 1024 | th_width =   32
ggml_metal_init: loaded kernel_flash_attn_ext_q5_1_h64                0x12d053680 | th_max = 1024 | th_width =   32
ggml_metal_init: loaded kernel_flash_attn_ext_q5_1_h80                0x12d053bd0 | th_max = 1024 | th_width =   32
ggml_metal_init: loaded kernel_flash_attn_ext_q5_1_h96                0x12d054120 | th_max = 1024 | th_width =   32
ggml_metal_init: loaded kernel_flash_attn_ext_q5_1_h112               0x12d054670 | th_max = 1024 | th_width =   32
ggml_metal_init: loaded kernel_flash_attn_ext_q5_1_h128               0x12d054bc0 | th_max = 1024 | th_width =   32
ggml_metal_init: loaded kernel_flash_attn_ext_q5_1_h256               0x12d055110 | th_max = 1024 | th_width =   32
ggml_metal_init: loaded kernel_flash_attn_ext_q8_0_h64                0x12d055660 | th_max = 1024 | th_width =   32
ggml_metal_init: loaded kernel_flash_attn_ext_q8_0_h80                0x12d055bb0 | th_max = 1024 | th_width =   32
ggml_metal_init: loaded kernel_flash_attn_ext_q8_0_h96                0x12d056100 | th_max = 1024 | th_width =   32
ggml_metal_init: loaded kernel_flash_attn_ext_q8_0_h112               0x12d056650 | th_max = 1024 | th_width =   32
ggml_metal_init: loaded kernel_flash_attn_ext_q8_0_h128               0x12d056ba0 | th_max = 1024 | th_width =   32
ggml_metal_init: loaded kernel_flash_attn_ext_q8_0_h256               0x12d0570f0 | th_max = 1024 | th_width =   32
ggml_metal_init: loaded kernel_flash_attn_ext_vec_f16_h128            0x12d057640 | th_max = 1024 | th_width =   32
ggml_metal_init: skipping kernel_flash_attn_ext_vec_bf16_h128      (not supported)
ggml_metal_init: loaded kernel_flash_attn_ext_vec_q4_0_h128           0x12d057b90 | th_max = 1024 | th_width =   32
ggml_metal_init: loaded kernel_flash_attn_ext_vec_q4_1_h128           0x12d0580e0 | th_max = 1024 | th_width =   32
ggml_metal_init: loaded kernel_flash_attn_ext_vec_q5_0_h128           0x12d058630 | th_max = 1024 | th_width =   32
ggml_metal_init: loaded kernel_flash_attn_ext_vec_q5_1_h128           0x12d058b80 | th_max = 1024 | th_width =   32
ggml_metal_init: loaded kernel_flash_attn_ext_vec_q8_0_h128           0x12d0590d0 | th_max = 1024 | th_width =   32
ggml_metal_init: loaded kernel_flash_attn_ext_vec_f16_h256            0x12d059620 | th_max = 1024 | th_width =   32
ggml_metal_init: skipping kernel_flash_attn_ext_vec_bf16_h256      (not supported)
ggml_metal_init: loaded kernel_flash_attn_ext_vec_q4_0_h256           0x12d059b70 | th_max = 1024 | th_width =   32
ggml_metal_init: loaded kernel_flash_attn_ext_vec_q4_1_h256           0x12d05a0c0 | th_max = 1024 | th_width =   32
ggml_metal_init: loaded kernel_flash_attn_ext_vec_q5_0_h256           0x12d05a610 | th_max = 1024 | th_width =   32
ggml_metal_init: loaded kernel_flash_attn_ext_vec_q5_1_h256           0x12d05ab60 | th_max = 1024 | th_width =   32
ggml_metal_init: loaded kernel_flash_attn_ext_vec_q8_0_h256           0x12d05b0b0 | th_max = 1024 | th_width =   32
ggml_metal_init: loaded kernel_set_f32                                0x12d05b550 | th_max = 1024 | th_width =   32
ggml_metal_init: loaded kernel_set_i32                                0x12d05b9f0 | th_max = 1024 | th_width =   32
ggml_metal_init: loaded kernel_cpy_f32_f32                            0x12d05be90 | th_max = 1024 | th_width =   32
ggml_metal_init: loaded kernel_cpy_f32_f16                            0x12d05c330 | th_max = 1024 | th_width =   32
ggml_metal_init: skipping kernel_cpy_f32_bf16                      (not supported)
ggml_metal_init: loaded kernel_cpy_f16_f32                            0x12d05c7d0 | th_max = 1024 | th_width =   32
ggml_metal_init: loaded kernel_cpy_f16_f16                            0x12d05cc70 | th_max = 1024 | th_width =   32
ggml_metal_init: skipping kernel_cpy_bf16_f32                      (not supported)
ggml_metal_init: skipping kernel_cpy_bf16_bf16                     (not supported)
ggml_metal_init: loaded kernel_cpy_f32_q8_0                           0x12d05d110 | th_max = 1024 | th_width =   32
ggml_metal_init: loaded kernel_cpy_f32_q4_0                           0x12d05d5b0 | th_max = 1024 | th_width =   32
ggml_metal_init: loaded kernel_cpy_f32_q4_1                           0x12d05da50 | th_max = 1024 | th_width =   32
ggml_metal_init: loaded kernel_cpy_f32_q5_0                           0x12d05def0 | th_max = 1024 | th_width =   32
ggml_metal_init: loaded kernel_cpy_f32_q5_1                           0x12d05e390 | th_max = 1024 | th_width =   32
ggml_metal_init: loaded kernel_cpy_f32_iq4_nl                         0x12d05e830 | th_max = 1024 | th_width =   32
ggml_metal_init: loaded kernel_concat                                 0x12d05ed80 | th_max = 1024 | th_width =   32
ggml_metal_init: loaded kernel_sqr                                    0x12d05f4a0 | th_max = 1024 | th_width =   32
ggml_metal_init: loaded kernel_sqrt                                   0x12d05fbc0 | th_max = 1024 | th_width =   32
ggml_metal_init: loaded kernel_sin                                    0x12d0602e0 | th_max = 1024 | th_width =   32
ggml_metal_init: loaded kernel_cos                                    0x12d060a00 | th_max = 1024 | th_width =   32
ggml_metal_init: loaded kernel_sum_rows                               0x12d060cc0 | th_max = 1024 | th_width =   32
ggml_metal_init: loaded kernel_argmax                                 0x12d0614b0 | th_max = 1024 | th_width =   32
ggml_metal_init: loaded kernel_pool_2d_avg_f32                        0x12d061770 | th_max = 1024 | th_width =   32
ggml_metal_init: loaded kernel_pool_2d_max_f32                        0x12d061d80 | th_max = 1024 | th_width =   32
ggml_metal_free: deallocating
Layer  0 output shape:  416 x 416 x   16 x   1
Layer  1 output shape:  208 x 208 x   16 x   1
Layer  2 output shape:  208 x 208 x   32 x   1
Layer  3 output shape:  104 x 104 x   32 x   1
Layer  4 output shape:  104 x 104 x   64 x   1
Layer  5 output shape:   52 x  52 x   64 x   1
Layer  6 output shape:   52 x  52 x  128 x   1
Layer  7 output shape:   26 x  26 x  128 x   1
Layer  8 output shape:   26 x  26 x  256 x   1
Layer  9 output shape:   13 x  13 x  256 x   1
Layer 10 output shape:   13 x  13 x  512 x   1
Layer 11 output shape:   13 x  13 x  512 x   1
Layer 12 output shape:   13 x  13 x 1024 x   1
Layer 13 output shape:   13 x  13 x  256 x   1
Layer 14 output shape:   13 x  13 x  512 x   1
Layer 15 output shape:   13 x  13 x  255 x   1
Layer 18 output shape:   13 x  13 x  128 x   1
Layer 19 output shape:   26 x  26 x  128 x   1
Layer 20 output shape:   26 x  26 x  384 x   1
Layer 21 output shape:   26 x  26 x  256 x   1
Layer 22 output shape:   26 x  26 x  255 x   1
dog: 57%
car: 52%
truck: 56%
car: 62%
bicycle: 58%
Detected objects saved in 'predictions.jpg' (time: 0.044000 sec.)

real	0m0.290s
user	0m0.047s
sys	0m0.032s
