whisper_init_from_file_no_state: loading model from '../models-mnt/whisper//ggml-base.en.bin'
whisper_model_load: loading model
whisper_model_load: n_vocab       = 51864
whisper_model_load: n_audio_ctx   = 1500
whisper_model_load: n_audio_state = 512
whisper_model_load: n_audio_head  = 8
whisper_model_load: n_audio_layer = 6
whisper_model_load: n_text_ctx    = 448
whisper_model_load: n_text_state  = 512
whisper_model_load: n_text_head   = 8
whisper_model_load: n_text_layer  = 6
whisper_model_load: n_mels        = 80
whisper_model_load: ftype         = 1
whisper_model_load: qntvr         = 0
whisper_model_load: type          = 2
whisper_model_load: adding 1607 extra tokens
whisper_model_load: model ctx     =  140.66 MB
whisper_model_load: model size    =  140.54 MB
whisper_init_state: kv self size  =    5.25 MB
whisper_init_state: kv cross size =   17.58 MB
whisper_init_state: compute buffer (conv)   =   23.06 MB
whisper_init_state: compute buffer (encode) =   86.51 MB
whisper_init_state: compute buffer (cross)  =    9.05 MB
whisper_init_state: compute buffer (decode) =   29.26 MB

system_info: n_threads = 4 / 4 | AVX = 0 | AVX2 = 0 | AVX512 = 0 | FMA = 0 | NEON = 1 | ARM_FMA = 1 | METAL = 0 | F16C = 0 | FP16_VA = 0 | WASM_SIMD = 0 | BLAS = 0 | SSE3 = 0 | SSSE3 = 0 | VSX = 0 | COREML = 0 | OPENVINO = 0 | 

main: processing '../models-mnt/whisper//jfk.wav' (176000 samples, 11.0 sec), 4 threads, 1 processors, lang = en, task = transcribe, timestamps = 1 ...


[00:00:00.000 --> 00:00:11.000]   And so my fellow Americans, ask not what your country can do for you, ask what you can do for your country.

whisper_print_timings:     load time =   116.74 ms
whisper_print_timings:     fallbacks =   0 p /   0 h
whisper_print_timings:      mel time =    13.44 ms
whisper_print_timings:   sample time =    20.92 ms /    27 runs (    0.77 ms per run)
whisper_print_timings:   encode time =  4625.34 ms /     1 runs ( 4625.34 ms per run)
whisper_print_timings:   decode time =   181.94 ms /    27 runs (    6.74 ms per run)
whisper_print_timings:   prompt time =     0.00 ms /     1 runs (    0.00 ms per run)
whisper_print_timings:    total time =  5016.41 ms

