[  1%] Building C object src/CMakeFiles/ggml.dir/ggml.c.o
[  2%] Building CXX object examples/CMakeFiles/common.dir/common.cpp.o
[  4%] Linking C static library libggml.a
[  4%] Built target ggml
[  5%] Building C object tests/CMakeFiles/test-grad0.dir/test-grad0.c.o
[  6%] Building C object tests/CMakeFiles/test-vec1.dir/test-vec1.c.o
[  8%] Building C object tests/CMakeFiles/test-vec0.dir/test-vec0.c.o
[  9%] Linking C executable ../bin/test-vec0
[  9%] Built target test-vec0
[ 11%] Building C object tests/CMakeFiles/test-opt.dir/test-opt.c.o
[ 12%] Linking C executable ../bin/test-grad0
[ 13%] Linking C executable ../bin/test-opt
[ 13%] Built target test-grad0
[ 15%] Building CXX object tests/CMakeFiles/test-quantize-fns.dir/test-quantize-fns.cpp.o
[ 15%] Built target test-opt
[ 16%] Building CXX object tests/CMakeFiles/test-quantize-perf.dir/test-quantize-perf.cpp.o
[ 18%] Linking C executable ../bin/test-vec1
[ 18%] Built target test-vec1
[ 19%] Building C object tests/CMakeFiles/test-mul-mat0.dir/test-mul-mat0.c.o
[ 20%] Linking C executable ../bin/test-mul-mat0
[ 20%] Built target test-mul-mat0
[ 22%] Building C object tests/CMakeFiles/test-mul-mat2.dir/test-mul-mat2.c.o
[ 23%] Linking CXX executable ../bin/test-quantize-fns
[ 25%] Linking C executable ../bin/test-mul-mat2
[ 25%] Built target test-quantize-fns
[ 26%] Building C object tests/CMakeFiles/test0.dir/test0.c.o
[ 26%] Built target test-mul-mat2
[ 27%] Linking C executable ../bin/test0
[ 29%] Building C object tests/CMakeFiles/test1.dir/test1.c.o
[ 29%] Built target test0
[ 30%] Building C object tests/CMakeFiles/test2.dir/test2.c.o
[ 31%] Linking C executable ../bin/test1
[ 33%] Linking C executable ../bin/test2
[ 33%] Built target test1
[ 34%] Building C object tests/CMakeFiles/test3.dir/test3.c.o
[ 34%] Built target test2
[ 36%] Building C object tests/CMakeFiles/test-pool.dir/test-pool.c.o
[ 37%] Linking C executable ../bin/test3
[ 38%] Built target test3
[ 38%] Linking C executable ../bin/test-pool
[ 40%] Building CXX object examples/CMakeFiles/common-ggml.dir/common-ggml.cpp.o
[ 40%] Built target test-pool
[ 41%] Building CXX object examples/whisper/CMakeFiles/whisper-cpp.dir/whisper.cpp.o
[ 43%] Linking CXX executable ../bin/test-quantize-perf
[ 43%] Built target test-quantize-perf
[ 44%] Building CXX object examples/mnist/CMakeFiles/mnist-cpu.dir/main-cpu.cpp.o
[ 45%] Linking CXX executable ../../bin/mnist-cpu
[ 45%] Built target mnist-cpu
[ 47%] Linking CXX static library libcommon.a
[ 47%] Built target common
[ 48%] Building CXX object examples/mnist/CMakeFiles/mnist.dir/main.cpp.o
[ 50%] Linking CXX executable ../../bin/mnist
[ 51%] Linking CXX static library libcommon-ggml.a
[ 51%] Built target mnist
[ 51%] Built target common-ggml
[ 52%] Building CXX object examples/gpt-j/CMakeFiles/gpt-j.dir/main.cpp.o
[ 55%] Building CXX object examples/gpt-2/CMakeFiles/gpt-2-quantize.dir/quantize.cpp.o
[ 55%] Building CXX object examples/gpt-2/CMakeFiles/gpt-2.dir/main.cpp.o
[ 56%] Linking CXX executable ../../bin/gpt-2-quantize
[ 58%] Linking CXX executable ../../bin/gpt-j
[ 58%] Built target gpt-2-quantize
[ 59%] Linking CXX executable ../../bin/gpt-2
[ 61%] Building CXX object examples/gpt-j/CMakeFiles/gpt-j-quantize.dir/quantize.cpp.o
[ 61%] Built target gpt-j
[ 61%] Built target gpt-2
[ 62%] Building CXX object examples/whisper/CMakeFiles/whisper-quantize.dir/quantize.cpp.o
[ 63%] Building CXX object examples/gpt-neox/CMakeFiles/gpt-neox.dir/main.cpp.o
[ 65%] Linking CXX executable ../../bin/gpt-j-quantize
[ 65%] Built target gpt-j-quantize
[ 66%] Building CXX object examples/gpt-neox/CMakeFiles/gpt-neox-quantize.dir/quantize.cpp.o
[ 68%] Linking CXX executable ../../bin/whisper-quantize
[ 69%] Linking CXX executable ../../bin/gpt-neox
[ 69%] Built target whisper-quantize
[ 70%] Building CXX object examples/dolly-v2/CMakeFiles/dollyv2.dir/main.cpp.o
[ 70%] Built target gpt-neox
[ 72%] Building CXX object examples/dolly-v2/CMakeFiles/dollyv2-quantize.dir/quantize.cpp.o
[ 73%] Linking CXX static library libwhisper-cpp.a
[ 73%] Built target whisper-cpp
[ 75%] Building CXX object examples/replit/CMakeFiles/replit.dir/main.cpp.o
[ 76%] Linking CXX executable ../../bin/gpt-neox-quantize
[ 76%] Built target gpt-neox-quantize
[ 77%] Building CXX object examples/replit/CMakeFiles/replit-quantize.dir/quantize.cpp.o
[ 79%] Linking CXX executable ../../bin/dollyv2-quantize
[ 80%] Linking CXX executable ../../bin/dollyv2
[ 80%] Built target dollyv2-quantize
[ 81%] Building CXX object examples/mpt/CMakeFiles/mpt.dir/main.cpp.o
[ 81%] Built target dollyv2
[ 83%] Building CXX object examples/mpt/CMakeFiles/mpt-quantize.dir/quantize.cpp.o
[ 84%] Linking CXX executable ../../bin/replit-quantize
[ 84%] Built target replit-quantize
[ 86%] Building CXX object examples/starcoder/CMakeFiles/starcoder.dir/main.cpp.o
[ 87%] Linking CXX executable ../../bin/replit
[ 87%] Built target replit
[ 88%] Linking CXX executable ../../bin/mpt-quantize
[ 90%] Building CXX object examples/starcoder/CMakeFiles/starcoder-mmap.dir/starcoder-mmap.cpp.o
[ 90%] Built target mpt-quantize
[ 91%] Building CXX object examples/starcoder/CMakeFiles/starcoder-quantize.dir/quantize.cpp.o
[ 93%] Linking CXX executable ../../bin/mpt
/home/ggml/work/ggml/examples/starcoder/starcoder-mmap.cpp: In function ‘bool starcoder_model_load(const string&, starcoder_model&, gpt_vocab&, int32_t)’:
/home/ggml/work/ggml/examples/starcoder/starcoder-mmap.cpp:305:19: warning: unused variable ‘n_ctx’ [-Wunused-variable]
  305 |         const int n_ctx   = hparams.n_ctx;
      |                   ^~~~~
/home/ggml/work/ggml/examples/starcoder/starcoder-mmap.cpp:306:19: warning: unused variable ‘n_vocab’ [-Wunused-variable]
  306 |         const int n_vocab = hparams.n_vocab;
      |                   ^~~~~~~
/home/ggml/work/ggml/examples/starcoder/starcoder-mmap.cpp:310:19: warning: unused variable ‘kv_dim’ [-Wunused-variable]
  310 |         const int kv_dim   = kv_heads * head_dim;
      |                   ^~~~~~
/home/ggml/work/ggml/examples/starcoder/starcoder-mmap.cpp:197:18: warning: unused variable ‘file_size’ [-Wunused-variable]
  197 |     const size_t file_size = fin.tellg();
      |                  ^~~~~~~~~
[ 93%] Built target mpt
[ 94%] Building CXX object examples/whisper/CMakeFiles/whisper.dir/main.cpp.o
[ 95%] Linking CXX executable ../../bin/starcoder
[ 95%] Built target starcoder
[ 97%] Linking CXX executable ../../bin/starcoder-quantize
[ 98%] Linking CXX executable ../../bin/starcoder-mmap
[ 98%] Built target starcoder-quantize
[ 98%] Built target starcoder-mmap
[100%] Linking CXX executable ../../bin/whisper
[100%] Built target whisper

real	0m7.995s
user	0m24.772s
sys	0m2.671s
