+ ./bin/sam -m ../models-mnt/sam//ggml-model-f16.bin -i ../models-mnt/sam//img.jpg
main: seed = 1699797620
main: loaded image '../models-mnt/sam//img.jpg' (680 x 453)
sam_image_preprocess: scale = 0.664062
main: preprocessed image (1024 x 1024)
sam_model_load: loading model from '../models-mnt/sam//ggml-model-f16.bin' - please wait ...
operator(): ggml ctx size = 202.33 MB
sam_model_load: .sam_model_load: n_enc_state      = 768
sam_model_load: n_enc_layer      = 12
sam_model_load: n_enc_head       = 12
sam_model_load: n_enc_out_chans  = 256
sam_model_load: n_pt_embd        = 4
sam_model_load: ftype            = 1
sam_model_load: qntvr            = 0
..................................... done
sam_model_load: model size =   185.05 MB / num tensors = 304
prompt: (414.375000, 162.796875)


main:     load time =    89.21 ms
main:    total time = 39298.32 ms
embd_img
dims:  64  64  256  1 f32
First & Last 10 elements:
-0.05100 -0.06348 -0.07114 -0.06838 -0.06826 -0.06972 -0.07148 -0.07087 -0.06775 -0.05427 
0.01574 0.01770 0.02246 0.01671 0.01754 0.01669 0.01797 0.02047 0.02103 0.03390 
sum:  12757.146535

Skipping mask 0 with iou 0.705888 below threshold 0.880000
Skipping mask 1 with iou 0.762569 below threshold 0.880000
Mask 2: iou = 0.946929, stability_score = 0.956250, bbox (371, 436), (144, 168)

real	0m39.372s
user	2m35.658s
sys	0m0.408s
