[  1%] Building CXX object examples/CMakeFiles/common.dir/common.cpp.o
[  2%] Building C object src/CMakeFiles/ggml.dir/ggml.c.o
[  4%] Linking C static library libggml.a
[  5%] Linking CXX static library libcommon.a
[  5%] Built target ggml
[  5%] Built target common
[  7%] Building C object tests/CMakeFiles/test-opt.dir/test-opt.c.o
[  8%] Building C object tests/CMakeFiles/test-vec0.dir/test-vec0.c.o
[ 10%] Building C object tests/CMakeFiles/test-grad0.dir/test-grad0.c.o
[ 11%] Building CXX object tests/CMakeFiles/test-quantize-fns.dir/test-quantize-fns.cpp.o
[ 12%] Linking C executable ../bin/test-vec0
[ 14%] Linking C executable ../bin/test-opt
[ 14%] Built target test-vec0
[ 14%] Built target test-opt
[ 15%] Building CXX object tests/CMakeFiles/test-quantize-perf.dir/test-quantize-perf.cpp.o
[ 17%] Building C object tests/CMakeFiles/test-mul-mat0.dir/test-mul-mat0.c.o
[ 18%] Linking CXX executable ../bin/test-quantize-fns
[ 20%] Linking C executable ../bin/test-mul-mat0
[ 20%] Built target test-mul-mat0
[ 20%] Built target test-quantize-fns
[ 21%] Building C object tests/CMakeFiles/test-mul-mat2.dir/test-mul-mat2.c.o
[ 22%] Building C object tests/CMakeFiles/test0.dir/test0.c.o
[ 24%] Linking C executable ../bin/test0
[ 24%] Built target test0
[ 25%] Building C object tests/CMakeFiles/test1.dir/test1.c.o
[ 27%] Linking C executable ../bin/test-grad0
[ 28%] Linking C executable ../bin/test1
[ 28%] Built target test-grad0
[ 28%] Built target test1
[ 30%] Building C object tests/CMakeFiles/test2.dir/test2.c.o
[ 31%] Linking CXX executable ../bin/test-quantize-perf
[ 32%] Building C object tests/CMakeFiles/test3.dir/test3.c.o
[ 32%] Built target test-quantize-perf
[ 34%] Linking C executable ../bin/test2
[ 35%] Linking C executable ../bin/test3
[ 37%] Building C object tests/CMakeFiles/test-pool.dir/test-pool.c.o
[ 37%] Built target test2
[ 37%] Built target test3
[ 38%] Building CXX object examples/CMakeFiles/common-ggml.dir/common-ggml.cpp.o
[ 40%] Building CXX object examples/whisper/CMakeFiles/whisper-cpp.dir/whisper.cpp.o
[ 41%] Linking C executable ../bin/test-pool
[ 41%] Built target test-pool
[ 42%] Building CXX object examples/mnist/CMakeFiles/mnist.dir/main.cpp.o
[ 44%] Linking C executable ../bin/test-mul-mat2
[ 44%] Built target test-mul-mat2
[ 45%] Building CXX object examples/mnist/CMakeFiles/mnist-cpu.dir/main-cpu.cpp.o
[ 47%] Linking CXX executable ../../bin/mnist-cpu
[ 48%] Linking CXX executable ../../bin/mnist
[ 48%] Built target mnist-cpu
[ 48%] Built target mnist
[ 50%] Linking CXX static library libcommon-ggml.a
[ 50%] Built target common-ggml
[ 51%] Building CXX object examples/gpt-j/CMakeFiles/gpt-j.dir/main.cpp.o
[ 52%] Building CXX object examples/gpt-2/CMakeFiles/gpt-2-quantize.dir/quantize.cpp.o
[ 54%] Building CXX object examples/gpt-2/CMakeFiles/gpt-2.dir/main.cpp.o
[ 55%] Linking CXX executable ../../bin/gpt-2-quantize
[ 55%] Built target gpt-2-quantize
[ 57%] Building CXX object examples/gpt-j/CMakeFiles/gpt-j-quantize.dir/quantize.cpp.o
[ 58%] Linking CXX executable ../../bin/gpt-j
[ 58%] Built target gpt-j
[ 60%] Linking CXX executable ../../bin/gpt-2
[ 61%] Building CXX object examples/whisper/CMakeFiles/whisper-quantize.dir/quantize.cpp.o
[ 61%] Built target gpt-2
[ 62%] Building CXX object examples/gpt-neox/CMakeFiles/gpt-neox.dir/main.cpp.o
[ 64%] Linking CXX executable ../../bin/gpt-j-quantize
[ 64%] Built target gpt-j-quantize
[ 65%] Building CXX object examples/gpt-neox/CMakeFiles/gpt-neox-quantize.dir/quantize.cpp.o
[ 67%] Linking CXX executable ../../bin/whisper-quantize
[ 67%] Built target whisper-quantize
[ 68%] Building CXX object examples/dolly-v2/CMakeFiles/dollyv2.dir/main.cpp.o
[ 70%] Linking CXX executable ../../bin/gpt-neox-quantize
[ 70%] Built target gpt-neox-quantize
[ 71%] Building CXX object examples/dolly-v2/CMakeFiles/dollyv2-quantize.dir/quantize.cpp.o
[ 72%] Linking CXX executable ../../bin/gpt-neox
[ 72%] Built target gpt-neox
[ 74%] Building CXX object examples/replit/CMakeFiles/replit.dir/main.cpp.o
[ 75%] Linking CXX executable ../../bin/dollyv2-quantize
[ 75%] Built target dollyv2-quantize
[ 77%] Building CXX object examples/replit/CMakeFiles/replit-quantize.dir/quantize.cpp.o
[ 78%] Linking CXX executable ../../bin/dollyv2
[ 78%] Built target dollyv2
[ 80%] Building CXX object examples/mpt/CMakeFiles/mpt.dir/main.cpp.o
[ 81%] Linking CXX executable ../../bin/replit-quantize
[ 81%] Built target replit-quantize
[ 82%] Building CXX object examples/mpt/CMakeFiles/mpt-quantize.dir/quantize.cpp.o
[ 84%] Linking CXX executable ../../bin/replit
[ 84%] Built target replit
[ 85%] Building CXX object examples/starcoder/CMakeFiles/starcoder.dir/main.cpp.o
[ 87%] Linking CXX executable ../../bin/mpt-quantize
[ 87%] Built target mpt-quantize
[ 88%] Building CXX object examples/starcoder/CMakeFiles/starcoder-mmap.dir/starcoder-mmap.cpp.o
/home/ggml/work/ggml/examples/starcoder/starcoder-mmap.cpp: In function ‘bool starcoder_model_load(const string&, starcoder_model&, gpt_vocab&, int32_t)’:
/home/ggml/work/ggml/examples/starcoder/starcoder-mmap.cpp:305:19: warning: unused variable ‘n_ctx’ [-Wunused-variable]
  305 |         const int n_ctx   = hparams.n_ctx;
      |                   ^~~~~
/home/ggml/work/ggml/examples/starcoder/starcoder-mmap.cpp:306:19: warning: unused variable ‘n_vocab’ [-Wunused-variable]
  306 |         const int n_vocab = hparams.n_vocab;
      |                   ^~~~~~~
/home/ggml/work/ggml/examples/starcoder/starcoder-mmap.cpp:310:19: warning: unused variable ‘kv_dim’ [-Wunused-variable]
  310 |         const int kv_dim   = kv_heads * head_dim;
      |                   ^~~~~~
/home/ggml/work/ggml/examples/starcoder/starcoder-mmap.cpp:197:18: warning: unused variable ‘file_size’ [-Wunused-variable]
  197 |     const size_t file_size = fin.tellg();
      |                  ^~~~~~~~~
[ 90%] Linking CXX static library libwhisper-cpp.a
[ 91%] Linking CXX executable ../../bin/mpt
[ 91%] Built target whisper-cpp
[ 92%] Building CXX object examples/starcoder/CMakeFiles/starcoder-quantize.dir/quantize.cpp.o
[ 92%] Built target mpt
[ 94%] Building CXX object examples/whisper/CMakeFiles/whisper.dir/main.cpp.o
[ 95%] Linking CXX executable ../../bin/starcoder
[ 95%] Built target starcoder
[ 97%] Linking CXX executable ../../bin/starcoder-mmap
[ 97%] Built target starcoder-mmap
[ 98%] Linking CXX executable ../../bin/starcoder-quantize
[ 98%] Built target starcoder-quantize
[100%] Linking CXX executable ../../bin/whisper
[100%] Built target whisper

real	0m21.322s
user	0m55.638s
sys	0m4.859s
