+ ./bin/sam -m ../models-mnt/sam//ggml-model-f16.bin -i ../models-mnt/sam//img.jpg
main: seed = 1703350388
main: loaded image '../models-mnt/sam//img.jpg' (680 x 453)
sam_image_preprocess: scale = 0.664062
main: preprocessed image (1024 x 1024)
sam_model_load: loading model from '../models-mnt/sam//ggml-model-f16.bin' - please wait ...
operator(): ggml ctx size = 202.33 MB
ggml_init_cublas: GGML_CUDA_FORCE_MMQ:   no
ggml_init_cublas: CUDA_USE_TENSOR_CORES: yes
ggml_init_cublas: found 1 CUDA devices:
  Device 0: Tesla V100-PCIE-16GB, compute capability 7.0
sam_model_load: .sam_model_load: n_enc_state      = 768
sam_model_load: n_enc_layer      = 12
sam_model_load: n_enc_head       = 12
sam_model_load: n_enc_out_chans  = 256
sam_model_load: n_pt_embd        = 4
sam_model_load: ftype            = 1
sam_model_load: qntvr            = 0
..................................... done
sam_model_load: model size =   185.05 MB / num tensors = 304
prompt: (414.375000, 162.796875)


main:     load time =   505.23 ms
main:    total time =  8061.61 ms
embd_img
dims:  64  64  256  1 f32
First & Last 10 elements:
-0.05097 -0.06353 -0.07114 -0.06841 -0.06829 -0.06966 -0.07150 -0.07090 -0.06776 -0.05431 
0.01570 0.01779 0.02241 0.01663 0.01758 0.01663 0.01799 0.02049 0.02099 0.03377 
sum:  12757.139866

Skipping mask 0 with iou 0.708942 below threshold 0.880000
Skipping mask 1 with iou 0.763277 below threshold 0.880000
Mask 2: iou = 0.947704, stability_score = 0.956250, bbox (371, 436), (144, 168)

real	0m8.236s
user	0m28.290s
sys	0m0.909s
