../models-mnt/yolo//yolov3-tiny.weights converted to yolov3-tiny.gguf
+ ./bin/yolov3-tiny -m yolov3-tiny.gguf -i ../models-mnt/yolo//dog.jpg
load_model: using Metal backend
ggml_metal_init: allocating
ggml_metal_init: found device: Apple M4
ggml_metal_init: picking default device: Apple M4
ggml_metal_init: using embedded metal library
ggml_metal_init: GPU name:   Apple M4
ggml_metal_init: GPU family: MTLGPUFamilyApple9  (1009)
ggml_metal_init: GPU family: MTLGPUFamilyCommon3 (3003)
ggml_metal_init: GPU family: MTLGPUFamilyMetal3  (5001)
ggml_metal_init: simdgroup reduction   = true
ggml_metal_init: simdgroup matrix mul. = true
ggml_metal_init: has residency sets    = true
ggml_metal_init: has bfloat            = true
ggml_metal_init: use bfloat            = false
ggml_metal_init: hasUnifiedMemory      = true
ggml_metal_init: recommendedMaxWorkingSetSize  = 11453.25 MB
ggml_metal_init: loaded kernel_add                                    0x133708140 | th_max = 1024 | th_width =   32
ggml_metal_init: loaded kernel_add_row                                0x133708850 | th_max = 1024 | th_width =   32
ggml_metal_init: loaded kernel_sub                                    0x133708e00 | th_max = 1024 | th_width =   32
ggml_metal_init: loaded kernel_sub_row                                0x1337093b0 | th_max = 1024 | th_width =   32
ggml_metal_init: loaded kernel_mul                                    0x133709960 | th_max = 1024 | th_width =   32
ggml_metal_init: loaded kernel_mul_row                                0x133709f10 | th_max = 1024 | th_width =   32
ggml_metal_init: loaded kernel_div                                    0x13370a4c0 | th_max = 1024 | th_width =   32
ggml_metal_init: loaded kernel_div_row                                0x13370aa70 | th_max = 1024 | th_width =   32
ggml_metal_init: loaded kernel_repeat_f32                             0x13370b020 | th_max = 1024 | th_width =   32
ggml_metal_init: loaded kernel_repeat_f16                             0x13370b520 | th_max = 1024 | th_width =   32
ggml_metal_init: loaded kernel_repeat_i32                             0x13370ba20 | th_max = 1024 | th_width =   32
ggml_metal_init: loaded kernel_repeat_i16                             0x13370bf20 | th_max = 1024 | th_width =   32
ggml_metal_init: loaded kernel_scale                                  0x13370ca40 | th_max = 1024 | th_width =   32
ggml_metal_init: loaded kernel_scale_4                                0x13370d1f0 | th_max = 1024 | th_width =   32
ggml_metal_init: loaded kernel_clamp                                  0x13370da00 | th_max = 1024 | th_width =   32
ggml_metal_init: loaded kernel_tanh                                   0x13370e120 | th_max = 1024 | th_width =   32
ggml_metal_init: loaded kernel_relu                                   0x13370e840 | th_max = 1024 | th_width =   32
ggml_metal_init: loaded kernel_sigmoid                                0x13370ef60 | th_max = 1024 | th_width =   32
ggml_metal_init: loaded kernel_gelu                                   0x13370f680 | th_max = 1024 | th_width =   32
ggml_metal_init: loaded kernel_gelu_4                                 0x13370fe50 | th_max = 1024 | th_width =   32
ggml_metal_init: loaded kernel_gelu_quick                             0x133710570 | th_max = 1024 | th_width =   32
ggml_metal_init: loaded kernel_gelu_quick_4                           0x133710c90 | th_max = 1024 | th_width =   32
ggml_metal_init: loaded kernel_silu                                   0x1337113b0 | th_max = 1024 | th_width =   32
ggml_metal_init: loaded kernel_silu_4                                 0x133711c50 | th_max = 1024 | th_width =   32
ggml_metal_init: loaded kernel_elu                                    0x133712370 | th_max = 1024 | th_width =   32
ggml_metal_init: loaded kernel_soft_max_f16                           0x133712630 | th_max = 1024 | th_width =   32
ggml_metal_init: loaded kernel_soft_max_f16_4                         0x133712c40 | th_max = 1024 | th_width =   32
ggml_metal_init: loaded kernel_soft_max_f32                           0x1337138b0 | th_max = 1024 | th_width =   32
ggml_metal_init: loaded kernel_soft_max_f32_4                         0x133713df0 | th_max = 1024 | th_width =   32
ggml_metal_init: loaded kernel_diag_mask_inf                          0x1337140b0 | th_max = 1024 | th_width =   32
ggml_metal_init: loaded kernel_diag_mask_inf_8                        0x133714550 | th_max = 1024 | th_width =   32
ggml_metal_init: loaded kernel_get_rows_f32                           0x133714810 | th_max = 1024 | th_width =   32
ggml_metal_init: loaded kernel_get_rows_f16                           0x1337150a0 | th_max = 1024 | th_width =   32
ggml_metal_init: skipping kernel_get_rows_bf16                     (not supported)
ggml_metal_init: loaded kernel_get_rows_q4_0                          0x133715360 | th_max = 1024 | th_width =   32
ggml_metal_init: loaded kernel_get_rows_q4_1                          0x133715800 | th_max = 1024 | th_width =   32
ggml_metal_init: loaded kernel_get_rows_q5_0                          0x133715ca0 | th_max = 1024 | th_width =   32
ggml_metal_init: loaded kernel_get_rows_q5_1                          0x133716140 | th_max = 1024 | th_width =   32
ggml_metal_init: loaded kernel_get_rows_q8_0                          0x1337165e0 | th_max = 1024 | th_width =   32
ggml_metal_init: loaded kernel_get_rows_q2_K                          0x133716a80 | th_max = 1024 | th_width =   32
ggml_metal_init: loaded kernel_get_rows_q3_K                          0x133716f20 | th_max = 1024 | th_width =   32
ggml_metal_init: loaded kernel_get_rows_q4_K                          0x1337173c0 | th_max = 1024 | th_width =   32
ggml_metal_init: loaded kernel_get_rows_q5_K                          0x133717860 | th_max = 1024 | th_width =   32
ggml_metal_init: loaded kernel_get_rows_q6_K                          0x133717d00 | th_max = 1024 | th_width =   32
ggml_metal_init: loaded kernel_get_rows_iq2_xxs                       0x133717fc0 | th_max = 1024 | th_width =   32
ggml_metal_init: loaded kernel_get_rows_iq2_xs                        0x1337185d0 | th_max = 1024 | th_width =   32
ggml_metal_init: loaded kernel_get_rows_iq3_xxs                       0x133718be0 | th_max = 1024 | th_width =   32
ggml_metal_init: loaded kernel_get_rows_iq3_s                         0x1337191f0 | th_max = 1024 | th_width =   32
ggml_metal_init: loaded kernel_get_rows_iq2_s                         0x133719b10 | th_max = 1024 | th_width =   32
ggml_metal_init: loaded kernel_get_rows_iq1_s                         0x13371a120 | th_max = 1024 | th_width =   32
ggml_metal_init: loaded kernel_get_rows_iq1_m                         0x13371a730 | th_max = 1024 | th_width =   32
ggml_metal_init: loaded kernel_get_rows_iq4_nl                        0x13371ad40 | th_max = 1024 | th_width =   32
ggml_metal_init: loaded kernel_get_rows_iq4_xs                        0x13371b350 | th_max = 1024 | th_width =   32
ggml_metal_init: loaded kernel_get_rows_i32                           0x13371b960 | th_max = 1024 | th_width =   32
ggml_metal_init: loaded kernel_rms_norm                               0x13371c150 | th_max = 1024 | th_width =   32
ggml_metal_init: loaded kernel_group_norm                             0x13371c5f0 | th_max = 1024 | th_width =   32
ggml_metal_init: loaded kernel_norm                                   0x13371ca90 | th_max = 1024 | th_width =   32
ggml_metal_init: loaded kernel_ssm_conv_f32                           0x13371cd50 | th_max = 1024 | th_width =   32
ggml_metal_init: loaded kernel_ssm_scan_f32                           0x13371d360 | th_max = 1024 | th_width =   32
ggml_metal_init: loaded kernel_mul_mv_f32_f32                         0x13371db50 | th_max = 1024 | th_width =   32
ggml_metal_init: skipping kernel_mul_mv_bf16_f32                   (not supported)
ggml_metal_init: skipping kernel_mul_mv_bf16_f32_1row              (not supported)
ggml_metal_init: skipping kernel_mul_mv_bf16_f32_l4                (not supported)
ggml_metal_init: skipping kernel_mul_mv_bf16_bf16                  (not supported)
ggml_metal_init: loaded kernel_mul_mv_f16_f32                         0x13371dff0 | th_max = 1024 | th_width =   32
ggml_metal_init: loaded kernel_mul_mv_f16_f32_1row                    0x13371e2b0 | th_max = 1024 | th_width =   32
ggml_metal_init: loaded kernel_mul_mv_f16_f32_l4                      0x13371e750 | th_max = 1024 | th_width =   32
ggml_metal_init: loaded kernel_mul_mv_f16_f16                         0x13371ebf0 | th_max = 1024 | th_width =   32
ggml_metal_init: loaded kernel_mul_mv_q4_0_f32                        0x13371f090 | th_max = 1024 | th_width =   32
ggml_metal_init: loaded kernel_mul_mv_q4_1_f32                        0x13371f530 | th_max = 1024 | th_width =   32
ggml_metal_init: loaded kernel_mul_mv_q5_0_f32                        0x13371f9d0 | th_max = 1024 | th_width =   32
ggml_metal_init: loaded kernel_mul_mv_q5_1_f32                        0x13371fe70 | th_max = 1024 | th_width =   32
ggml_metal_init: loaded kernel_mul_mv_q8_0_f32                        0x133720310 | th_max = 1024 | th_width =   32
ggml_metal_init: loaded kernel_mul_mv_ext_f16_f32_r1_2                0x133720860 | th_max = 1024 | th_width =   32
ggml_metal_init: loaded kernel_mul_mv_ext_f16_f32_r1_3                0x133720db0 | th_max = 1024 | th_width =   32
ggml_metal_init: loaded kernel_mul_mv_ext_f16_f32_r1_4                0x133721300 | th_max = 1024 | th_width =   32
ggml_metal_init: loaded kernel_mul_mv_ext_f16_f32_r1_5                0x133721850 | th_max = 1024 | th_width =   32
ggml_metal_init: loaded kernel_mul_mv_ext_q4_0_f32_r1_2               0x133721da0 | th_max = 1024 | th_width =   32
ggml_metal_init: loaded kernel_mul_mv_ext_q4_0_f32_r1_3               0x1337222f0 | th_max = 1024 | th_width =   32
ggml_metal_init: loaded kernel_mul_mv_ext_q4_0_f32_r1_4               0x133722840 | th_max = 1024 | th_width =   32
ggml_metal_init: loaded kernel_mul_mv_ext_q4_0_f32_r1_5               0x133722d90 | th_max = 1024 | th_width =   32
ggml_metal_init: loaded kernel_mul_mv_ext_q4_1_f32_r1_2               0x1337232e0 | th_max = 1024 | th_width =   32
ggml_metal_init: loaded kernel_mul_mv_ext_q4_1_f32_r1_3               0x133723830 | th_max = 1024 | th_width =   32
ggml_metal_init: loaded kernel_mul_mv_ext_q4_1_f32_r1_4               0x133723d80 | th_max = 1024 | th_width =   32
ggml_metal_init: loaded kernel_mul_mv_ext_q4_1_f32_r1_5               0x1337242d0 | th_max = 1024 | th_width =   32
ggml_metal_init: loaded kernel_mul_mv_ext_q5_0_f32_r1_2               0x133724820 | th_max = 1024 | th_width =   32
ggml_metal_init: loaded kernel_mul_mv_ext_q5_0_f32_r1_3               0x133724d70 | th_max = 1024 | th_width =   32
ggml_metal_init: loaded kernel_mul_mv_ext_q5_0_f32_r1_4               0x1337252c0 | th_max = 1024 | th_width =   32
ggml_metal_init: loaded kernel_mul_mv_ext_q5_0_f32_r1_5               0x133725810 | th_max = 1024 | th_width =   32
ggml_metal_init: loaded kernel_mul_mv_ext_q5_1_f32_r1_2               0x133725d60 | th_max = 1024 | th_width =   32
ggml_metal_init: loaded kernel_mul_mv_ext_q5_1_f32_r1_3               0x1337262b0 | th_max = 1024 | th_width =   32
ggml_metal_init: loaded kernel_mul_mv_ext_q5_1_f32_r1_4               0x133726800 | th_max = 1024 | th_width =   32
ggml_metal_init: loaded kernel_mul_mv_ext_q5_1_f32_r1_5               0x133726d50 | th_max = 1024 | th_width =   32
ggml_metal_init: loaded kernel_mul_mv_ext_q8_0_f32_r1_2               0x1337272a0 | th_max = 1024 | th_width =   32
ggml_metal_init: loaded kernel_mul_mv_ext_q8_0_f32_r1_3               0x1337277f0 | th_max = 1024 | th_width =   32
ggml_metal_init: loaded kernel_mul_mv_ext_q8_0_f32_r1_4               0x133727d40 | th_max = 1024 | th_width =   32
ggml_metal_init: loaded kernel_mul_mv_ext_q8_0_f32_r1_5               0x133728290 | th_max = 1024 | th_width =   32
ggml_metal_init: loaded kernel_mul_mv_ext_q4_K_f32_r1_2               0x1337287e0 | th_max = 1024 | th_width =   32
ggml_metal_init: loaded kernel_mul_mv_ext_q4_K_f32_r1_3               0x133728d30 | th_max = 1024 | th_width =   32
ggml_metal_init: loaded kernel_mul_mv_ext_q4_K_f32_r1_4               0x133729280 | th_max = 1024 | th_width =   32
ggml_metal_init: loaded kernel_mul_mv_ext_q4_K_f32_r1_5               0x1337297d0 | th_max = 1024 | th_width =   32
ggml_metal_init: loaded kernel_mul_mv_ext_q5_K_f32_r1_2               0x133729d20 | th_max = 1024 | th_width =   32
ggml_metal_init: loaded kernel_mul_mv_ext_q5_K_f32_r1_3               0x133719800 | th_max = 1024 | th_width =   32
ggml_metal_init: loaded kernel_mul_mv_ext_q5_K_f32_r1_4               0x13372a190 | th_max = 1024 | th_width =   32
ggml_metal_init: loaded kernel_mul_mv_ext_q5_K_f32_r1_5               0x13372a940 | th_max = 1024 | th_width =   32
ggml_metal_init: loaded kernel_mul_mv_ext_q6_K_f32_r1_2               0x13372ae90 | th_max = 1024 | th_width =   32
ggml_metal_init: loaded kernel_mul_mv_ext_q6_K_f32_r1_3               0x13372b3e0 | th_max = 1024 | th_width =   32
ggml_metal_init: loaded kernel_mul_mv_ext_q6_K_f32_r1_4               0x13372b930 | th_max = 1024 | th_width =   32
ggml_metal_init: loaded kernel_mul_mv_ext_q6_K_f32_r1_5               0x13372be80 | th_max = 1024 | th_width =   32
ggml_metal_init: loaded kernel_mul_mv_ext_iq4_nl_f32_r1_2             0x13372c3d0 | th_max = 1024 | th_width =   32
ggml_metal_init: loaded kernel_mul_mv_ext_iq4_nl_f32_r1_3             0x13372c920 | th_max = 1024 | th_width =   32
ggml_metal_init: loaded kernel_mul_mv_ext_iq4_nl_f32_r1_4             0x13372ce70 | th_max = 1024 | th_width =   32
ggml_metal_init: loaded kernel_mul_mv_ext_iq4_nl_f32_r1_5             0x13372d3c0 | th_max = 1024 | th_width =   32
ggml_metal_init: loaded kernel_mul_mv_q2_K_f32                        0x13372d860 | th_max = 1024 | th_width =   32
ggml_metal_init: loaded kernel_mul_mv_q3_K_f32                        0x13372dd00 | th_max = 1024 | th_width =   32
ggml_metal_init: loaded kernel_mul_mv_q4_K_f32                        0x13372e1a0 | th_max = 1024 | th_width =   32
ggml_metal_init: loaded kernel_mul_mv_q5_K_f32                        0x13372e640 | th_max = 1024 | th_width =   32
ggml_metal_init: loaded kernel_mul_mv_q6_K_f32                        0x13372eae0 | th_max = 1024 | th_width =   32
ggml_metal_init: loaded kernel_mul_mv_iq2_xxs_f32                     0x13372ef80 | th_max = 1024 | th_width =   32
ggml_metal_init: loaded kernel_mul_mv_iq2_xs_f32                      0x13372f420 | th_max = 1024 | th_width =   32
ggml_metal_init: loaded kernel_mul_mv_iq3_xxs_f32                     0x13372f8c0 | th_max = 1024 | th_width =   32
ggml_metal_init: loaded kernel_mul_mv_iq3_s_f32                       0x13372fd60 | th_max = 1024 | th_width =   32
ggml_metal_init: loaded kernel_mul_mv_iq2_s_f32                       0x133730200 | th_max = 1024 | th_width =   32
ggml_metal_init: loaded kernel_mul_mv_iq1_s_f32                       0x1337306a0 | th_max = 1024 | th_width =   32
ggml_metal_init: loaded kernel_mul_mv_iq1_m_f32                       0x133730b40 | th_max = 1024 | th_width =   32
ggml_metal_init: loaded kernel_mul_mv_iq4_nl_f32                      0x133730fe0 | th_max = 1024 | th_width =   32
ggml_metal_init: loaded kernel_mul_mv_iq4_xs_f32                      0x133731480 | th_max = 1024 | th_width =   32
ggml_metal_init: loaded kernel_mul_mv_id_f32_f32                      0x133731920 | th_max = 1024 | th_width =   32
ggml_metal_init: loaded kernel_mul_mv_id_f16_f32                      0x133731dc0 | th_max = 1024 | th_width =   32
ggml_metal_init: skipping kernel_mul_mv_id_bf16_f32                (not supported)
ggml_metal_init: loaded kernel_mul_mv_id_q4_0_f32                     0x133732260 | th_max = 1024 | th_width =   32
ggml_metal_init: loaded kernel_mul_mv_id_q4_1_f32                     0x133732700 | th_max = 1024 | th_width =   32
ggml_metal_init: loaded kernel_mul_mv_id_q5_0_f32                     0x133732ba0 | th_max = 1024 | th_width =   32
ggml_metal_init: loaded kernel_mul_mv_id_q5_1_f32                     0x133733040 | th_max = 1024 | th_width =   32
ggml_metal_init: loaded kernel_mul_mv_id_q8_0_f32                     0x1337334e0 | th_max = 1024 | th_width =   32
ggml_metal_init: loaded kernel_mul_mv_id_q2_K_f32                     0x133733980 | th_max = 1024 | th_width =   32
ggml_metal_init: loaded kernel_mul_mv_id_q3_K_f32                     0x133733e20 | th_max = 1024 | th_width =   32
ggml_metal_init: loaded kernel_mul_mv_id_q4_K_f32                     0x1337342c0 | th_max = 1024 | th_width =   32
ggml_metal_init: loaded kernel_mul_mv_id_q5_K_f32                     0x133734760 | th_max = 1024 | th_width =   32
ggml_metal_init: loaded kernel_mul_mv_id_q6_K_f32                     0x133734c00 | th_max = 1024 | th_width =   32
ggml_metal_init: loaded kernel_mul_mv_id_iq2_xxs_f32                  0x1337350a0 | th_max = 1024 | th_width =   32
ggml_metal_init: loaded kernel_mul_mv_id_iq2_xs_f32                   0x133735540 | th_max = 1024 | th_width =   32
ggml_metal_init: loaded kernel_mul_mv_id_iq3_xxs_f32                  0x1337359e0 | th_max = 1024 | th_width =   32
ggml_metal_init: loaded kernel_mul_mv_id_iq3_s_f32                    0x133735e80 | th_max = 1024 | th_width =   32
ggml_metal_init: loaded kernel_mul_mv_id_iq2_s_f32                    0x133736320 | th_max = 1024 | th_width =   32
ggml_metal_init: loaded kernel_mul_mv_id_iq1_s_f32                    0x1337367c0 | th_max = 1024 | th_width =   32
ggml_metal_init: loaded kernel_mul_mv_id_iq1_m_f32                    0x133736c60 | th_max = 1024 | th_width =   32
ggml_metal_init: loaded kernel_mul_mv_id_iq4_nl_f32                   0x133737100 | th_max = 1024 | th_width =   32
ggml_metal_init: loaded kernel_mul_mv_id_iq4_xs_f32                   0x1337375a0 | th_max = 1024 | th_width =   32
ggml_metal_init: loaded kernel_mul_mm_f32_f32                         0x133737a40 | th_max = 1024 | th_width =   32
ggml_metal_init: loaded kernel_mul_mm_f16_f32                         0x133737ee0 | th_max = 1024 | th_width =   32
ggml_metal_init: skipping kernel_mul_mm_bf16_f32                   (not supported)
ggml_metal_init: loaded kernel_mul_mm_q4_0_f32                        0x133738380 | th_max = 1024 | th_width =   32
ggml_metal_init: loaded kernel_mul_mm_q4_1_f32                        0x133738820 | th_max = 1024 | th_width =   32
ggml_metal_init: loaded kernel_mul_mm_q5_0_f32                        0x133738cc0 | th_max = 1024 | th_width =   32
ggml_metal_init: loaded kernel_mul_mm_q5_1_f32                        0x133739160 | th_max = 1024 | th_width =   32
ggml_metal_init: loaded kernel_mul_mm_q8_0_f32                        0x133739600 | th_max = 1024 | th_width =   32
ggml_metal_init: loaded kernel_mul_mm_q2_K_f32                        0x133739aa0 | th_max = 1024 | th_width =   32
ggml_metal_init: loaded kernel_mul_mm_q3_K_f32                        0x133739f40 | th_max = 1024 | th_width =   32
ggml_metal_init: loaded kernel_mul_mm_q4_K_f32                        0x13373a3e0 | th_max = 1024 | th_width =   32
ggml_metal_init: loaded kernel_mul_mm_q5_K_f32                        0x13373a880 | th_max = 1024 | th_width =   32
ggml_metal_init: loaded kernel_mul_mm_q6_K_f32                        0x13373ad20 | th_max = 1024 | th_width =   32
ggml_metal_init: loaded kernel_mul_mm_iq2_xxs_f32                     0x13373b1c0 | th_max = 1024 | th_width =   32
ggml_metal_init: loaded kernel_mul_mm_iq2_xs_f32                      0x13373b660 | th_max = 1024 | th_width =   32
ggml_metal_init: loaded kernel_mul_mm_iq3_xxs_f32                     0x13373bb00 | th_max = 1024 | th_width =   32
ggml_metal_init: loaded kernel_mul_mm_iq3_s_f32                       0x13373bfa0 | th_max = 1024 | th_width =   32
ggml_metal_init: loaded kernel_mul_mm_iq2_s_f32                       0x13373c440 | th_max = 1024 | th_width =   32
ggml_metal_init: loaded kernel_mul_mm_iq1_s_f32                       0x13373c8e0 | th_max = 1024 | th_width =   32
ggml_metal_init: loaded kernel_mul_mm_iq1_m_f32                       0x13373cd80 | th_max = 1024 | th_width =   32
ggml_metal_init: loaded kernel_mul_mm_iq4_nl_f32                      0x13373d220 | th_max = 1024 | th_width =   32
ggml_metal_init: loaded kernel_mul_mm_iq4_xs_f32                      0x13373d6c0 | th_max = 1024 | th_width =   32
ggml_metal_init: loaded kernel_mul_mm_id_f32_f32                      0x13373db60 | th_max = 1024 | th_width =   32
ggml_metal_init: loaded kernel_mul_mm_id_f16_f32                      0x13373e000 | th_max = 1024 | th_width =   32
ggml_metal_init: skipping kernel_mul_mm_id_bf16_f32                (not supported)
ggml_metal_init: loaded kernel_mul_mm_id_q4_0_f32                     0x13373e4a0 | th_max = 1024 | th_width =   32
ggml_metal_init: loaded kernel_mul_mm_id_q4_1_f32                     0x13373e940 | th_max = 1024 | th_width =   32
ggml_metal_init: loaded kernel_mul_mm_id_q5_0_f32                     0x13373ede0 | th_max = 1024 | th_width =   32
ggml_metal_init: loaded kernel_mul_mm_id_q5_1_f32                     0x13373f280 | th_max = 1024 | th_width =   32
ggml_metal_init: loaded kernel_mul_mm_id_q8_0_f32                     0x13373f720 | th_max = 1024 | th_width =   32
ggml_metal_init: loaded kernel_mul_mm_id_q2_K_f32                     0x13373fbc0 | th_max = 1024 | th_width =   32
ggml_metal_init: loaded kernel_mul_mm_id_q3_K_f32                     0x133740060 | th_max = 1024 | th_width =   32
ggml_metal_init: loaded kernel_mul_mm_id_q4_K_f32                     0x133740500 | th_max = 1024 | th_width =   32
ggml_metal_init: loaded kernel_mul_mm_id_q5_K_f32                     0x1337409a0 | th_max = 1024 | th_width =   32
ggml_metal_init: loaded kernel_mul_mm_id_q6_K_f32                     0x133740e40 | th_max = 1024 | th_width =   32
ggml_metal_init: loaded kernel_mul_mm_id_iq2_xxs_f32                  0x1337412e0 | th_max = 1024 | th_width =   32
ggml_metal_init: loaded kernel_mul_mm_id_iq2_xs_f32                   0x133741780 | th_max = 1024 | th_width =   32
ggml_metal_init: loaded kernel_mul_mm_id_iq3_xxs_f32                  0x133741c20 | th_max = 1024 | th_width =   32
ggml_metal_init: loaded kernel_mul_mm_id_iq3_s_f32                    0x1337420c0 | th_max = 1024 | th_width =   32
ggml_metal_init: loaded kernel_mul_mm_id_iq2_s_f32                    0x133742560 | th_max = 1024 | th_width =   32
ggml_metal_init: loaded kernel_mul_mm_id_iq1_s_f32                    0x133742a00 | th_max = 1024 | th_width =   32
ggml_metal_init: loaded kernel_mul_mm_id_iq1_m_f32                    0x133742ea0 | th_max = 1024 | th_width =   32
ggml_metal_init: loaded kernel_mul_mm_id_iq4_nl_f32                   0x133743340 | th_max = 1024 | th_width =   32
ggml_metal_init: loaded kernel_mul_mm_id_iq4_xs_f32                   0x1337437e0 | th_max = 1024 | th_width =   32
ggml_metal_init: loaded kernel_rope_norm_f32                          0x133743d30 | th_max = 1024 | th_width =   32
ggml_metal_init: loaded kernel_rope_norm_f16                          0x133744280 | th_max = 1024 | th_width =   32
ggml_metal_init: loaded kernel_rope_neox_f32                          0x1337447d0 | th_max = 1024 | th_width =   32
ggml_metal_init: loaded kernel_rope_neox_f16                          0x133744d20 | th_max = 1024 | th_width =   32
ggml_metal_init: loaded kernel_im2col_f16                             0x133744fe0 | th_max = 1024 | th_width =   32
ggml_metal_init: loaded kernel_im2col_f32                             0x1337455f0 | th_max = 1024 | th_width =   32
ggml_metal_init: loaded kernel_im2col_ext_f16                         0x133745c00 | th_max = 1024 | th_width =   32
ggml_metal_init: loaded kernel_im2col_ext_f32                         0x133746210 | th_max = 1024 | th_width =   32
ggml_metal_init: loaded kernel_conv_transpose_1d_f32_f32              0x133746a00 | th_max = 1024 | th_width =   32
ggml_metal_init: loaded kernel_conv_transpose_1d_f16_f32              0x133746ea0 | th_max = 1024 | th_width =   32
ggml_metal_init: loaded kernel_upscale_f32                            0x133747160 | th_max = 1024 | th_width =   32
ggml_metal_init: loaded kernel_pad_f32                                0x133747770 | th_max = 1024 | th_width =   32
ggml_metal_init: loaded kernel_pad_reflect_1d_f32                     0x133747d80 | th_max = 1024 | th_width =   32
ggml_metal_init: loaded kernel_timestep_embedding_f32                 0x133748570 | th_max = 1024 | th_width =   32
ggml_metal_init: loaded kernel_arange_f32                             0x133748a10 | th_max = 1024 | th_width =   32
ggml_metal_init: loaded kernel_argsort_f32_i32_asc                    0x133748eb0 | th_max = 1024 | th_width =   32
ggml_metal_init: loaded kernel_argsort_f32_i32_desc                   0x133749350 | th_max = 1024 | th_width =   32
ggml_metal_init: loaded kernel_leaky_relu_f32                         0x133749b00 | th_max = 1024 | th_width =   32
ggml_metal_init: loaded kernel_flash_attn_ext_f16_h64                 0x13374a050 | th_max = 1024 | th_width =   32
ggml_metal_init: loaded kernel_flash_attn_ext_f16_h80                 0x13374a5a0 | th_max = 1024 | th_width =   32
ggml_metal_init: loaded kernel_flash_attn_ext_f16_h96                 0x13374aaf0 | th_max = 1024 | th_width =   32
ggml_metal_init: loaded kernel_flash_attn_ext_f16_h112                0x13374b040 | th_max = 1024 | th_width =   32
ggml_metal_init: loaded kernel_flash_attn_ext_f16_h128                0x13374b590 | th_max = 1024 | th_width =   32
ggml_metal_init: loaded kernel_flash_attn_ext_f16_h256                0x13374bae0 | th_max = 1024 | th_width =   32
ggml_metal_init: skipping kernel_flash_attn_ext_bf16_h64           (not supported)
ggml_metal_init: skipping kernel_flash_attn_ext_bf16_h80           (not supported)
ggml_metal_init: skipping kernel_flash_attn_ext_bf16_h96           (not supported)
ggml_metal_init: skipping kernel_flash_attn_ext_bf16_h112          (not supported)
ggml_metal_init: skipping kernel_flash_attn_ext_bf16_h128          (not supported)
ggml_metal_init: skipping kernel_flash_attn_ext_bf16_h256          (not supported)
ggml_metal_init: loaded kernel_flash_attn_ext_q4_0_h64                0x13374c030 | th_max = 1024 | th_width =   32
ggml_metal_init: loaded kernel_flash_attn_ext_q4_0_h80                0x13374c580 | th_max = 1024 | th_width =   32
ggml_metal_init: loaded kernel_flash_attn_ext_q4_0_h96                0x13374cad0 | th_max = 1024 | th_width =   32
ggml_metal_init: loaded kernel_flash_attn_ext_q4_0_h112               0x13374d020 | th_max = 1024 | th_width =   32
ggml_metal_init: loaded kernel_flash_attn_ext_q4_0_h128               0x13374d570 | th_max = 1024 | th_width =   32
ggml_metal_init: loaded kernel_flash_attn_ext_q4_0_h256               0x13374dac0 | th_max = 1024 | th_width =   32
ggml_metal_init: loaded kernel_flash_attn_ext_q4_1_h64                0x13374e010 | th_max = 1024 | th_width =   32
ggml_metal_init: loaded kernel_flash_attn_ext_q4_1_h80                0x13374e560 | th_max = 1024 | th_width =   32
ggml_metal_init: loaded kernel_flash_attn_ext_q4_1_h96                0x13374eab0 | th_max = 1024 | th_width =   32
ggml_metal_init: loaded kernel_flash_attn_ext_q4_1_h112               0x13374f000 | th_max = 1024 | th_width =   32
ggml_metal_init: loaded kernel_flash_attn_ext_q4_1_h128               0x13374f550 | th_max = 1024 | th_width =   32
ggml_metal_init: loaded kernel_flash_attn_ext_q4_1_h256               0x13374faa0 | th_max = 1024 | th_width =   32
ggml_metal_init: loaded kernel_flash_attn_ext_q5_0_h64                0x13374fff0 | th_max = 1024 | th_width =   32
ggml_metal_init: loaded kernel_flash_attn_ext_q5_0_h80                0x133750540 | th_max = 1024 | th_width =   32
ggml_metal_init: loaded kernel_flash_attn_ext_q5_0_h96                0x133750a90 | th_max = 1024 | th_width =   32
ggml_metal_init: loaded kernel_flash_attn_ext_q5_0_h112               0x133750fe0 | th_max = 1024 | th_width =   32
ggml_metal_init: loaded kernel_flash_attn_ext_q5_0_h128               0x133751530 | th_max = 1024 | th_width =   32
ggml_metal_init: loaded kernel_flash_attn_ext_q5_0_h256               0x133751a80 | th_max = 1024 | th_width =   32
ggml_metal_init: loaded kernel_flash_attn_ext_q5_1_h64                0x133751fd0 | th_max = 1024 | th_width =   32
ggml_metal_init: loaded kernel_flash_attn_ext_q5_1_h80                0x133752520 | th_max = 1024 | th_width =   32
ggml_metal_init: loaded kernel_flash_attn_ext_q5_1_h96                0x133752a70 | th_max = 1024 | th_width =   32
ggml_metal_init: loaded kernel_flash_attn_ext_q5_1_h112               0x133752fc0 | th_max = 1024 | th_width =   32
ggml_metal_init: loaded kernel_flash_attn_ext_q5_1_h128               0x133753510 | th_max = 1024 | th_width =   32
ggml_metal_init: loaded kernel_flash_attn_ext_q5_1_h256               0x133753a60 | th_max = 1024 | th_width =   32
ggml_metal_init: loaded kernel_flash_attn_ext_q8_0_h64                0x133753fb0 | th_max = 1024 | th_width =   32
ggml_metal_init: loaded kernel_flash_attn_ext_q8_0_h80                0x133754500 | th_max = 1024 | th_width =   32
ggml_metal_init: loaded kernel_flash_attn_ext_q8_0_h96                0x133754a50 | th_max = 1024 | th_width =   32
ggml_metal_init: loaded kernel_flash_attn_ext_q8_0_h112               0x133754fa0 | th_max = 1024 | th_width =   32
ggml_metal_init: loaded kernel_flash_attn_ext_q8_0_h128               0x1337554f0 | th_max = 1024 | th_width =   32
ggml_metal_init: loaded kernel_flash_attn_ext_q8_0_h256               0x133755a40 | th_max = 1024 | th_width =   32
ggml_metal_init: loaded kernel_flash_attn_ext_vec_f16_h128            0x133755f90 | th_max = 1024 | th_width =   32
ggml_metal_init: skipping kernel_flash_attn_ext_vec_bf16_h128      (not supported)
ggml_metal_init: loaded kernel_flash_attn_ext_vec_q4_0_h128           0x1337564e0 | th_max = 1024 | th_width =   32
ggml_metal_init: loaded kernel_flash_attn_ext_vec_q4_1_h128           0x133756a30 | th_max = 1024 | th_width =   32
ggml_metal_init: loaded kernel_flash_attn_ext_vec_q5_0_h128           0x133756f80 | th_max = 1024 | th_width =   32
ggml_metal_init: loaded kernel_flash_attn_ext_vec_q5_1_h128           0x1337574d0 | th_max = 1024 | th_width =   32
ggml_metal_init: loaded kernel_flash_attn_ext_vec_q8_0_h128           0x133757a20 | th_max = 1024 | th_width =   32
ggml_metal_init: loaded kernel_flash_attn_ext_vec_f16_h256            0x133757f70 | th_max = 1024 | th_width =   32
ggml_metal_init: skipping kernel_flash_attn_ext_vec_bf16_h256      (not supported)
ggml_metal_init: loaded kernel_flash_attn_ext_vec_q4_0_h256           0x1337584c0 | th_max = 1024 | th_width =   32
ggml_metal_init: loaded kernel_flash_attn_ext_vec_q4_1_h256           0x133758a10 | th_max = 1024 | th_width =   32
ggml_metal_init: loaded kernel_flash_attn_ext_vec_q5_0_h256           0x133758f60 | th_max = 1024 | th_width =   32
ggml_metal_init: loaded kernel_flash_attn_ext_vec_q5_1_h256           0x1337594b0 | th_max = 1024 | th_width =   32
ggml_metal_init: loaded kernel_flash_attn_ext_vec_q8_0_h256           0x133759a00 | th_max = 1024 | th_width =   32
ggml_metal_init: loaded kernel_set_f32                                0x133759ea0 | th_max = 1024 | th_width =   32
ggml_metal_init: loaded kernel_set_i32                                0x13375a340 | th_max = 1024 | th_width =   32
ggml_metal_init: loaded kernel_cpy_f32_f32                            0x13375a7e0 | th_max = 1024 | th_width =   32
ggml_metal_init: loaded kernel_cpy_f32_f16                            0x13375ac80 | th_max = 1024 | th_width =   32
ggml_metal_init: skipping kernel_cpy_f32_bf16                      (not supported)
ggml_metal_init: loaded kernel_cpy_f16_f32                            0x13375b120 | th_max = 1024 | th_width =   32
ggml_metal_init: loaded kernel_cpy_f16_f16                            0x13375b5c0 | th_max = 1024 | th_width =   32
ggml_metal_init: skipping kernel_cpy_bf16_f32                      (not supported)
ggml_metal_init: skipping kernel_cpy_bf16_bf16                     (not supported)
ggml_metal_init: loaded kernel_cpy_f32_q8_0                           0x13375ba60 | th_max = 1024 | th_width =   32
ggml_metal_init: loaded kernel_cpy_f32_q4_0                           0x13375bf00 | th_max = 1024 | th_width =   32
ggml_metal_init: loaded kernel_cpy_f32_q4_1                           0x13375c3a0 | th_max = 1024 | th_width =   32
ggml_metal_init: loaded kernel_cpy_f32_q5_0                           0x13375c840 | th_max = 1024 | th_width =   32
ggml_metal_init: loaded kernel_cpy_f32_q5_1                           0x13375cce0 | th_max = 1024 | th_width =   32
ggml_metal_init: loaded kernel_cpy_f32_iq4_nl                         0x13375d180 | th_max = 1024 | th_width =   32
ggml_metal_init: loaded kernel_concat                                 0x13375d6d0 | th_max = 1024 | th_width =   32
ggml_metal_init: loaded kernel_sqr                                    0x13375ddf0 | th_max = 1024 | th_width =   32
ggml_metal_init: loaded kernel_sqrt                                   0x13375e510 | th_max = 1024 | th_width =   32
ggml_metal_init: loaded kernel_sin                                    0x13375ec30 | th_max = 1024 | th_width =   32
ggml_metal_init: loaded kernel_cos                                    0x13375f350 | th_max = 1024 | th_width =   32
ggml_metal_init: loaded kernel_sum_rows                               0x13375f610 | th_max = 1024 | th_width =   32
ggml_metal_init: loaded kernel_argmax                                 0x13375fe00 | th_max = 1024 | th_width =   32
ggml_metal_init: loaded kernel_pool_2d_avg_f32                        0x1337600c0 | th_max = 1024 | th_width =   32
ggml_metal_init: loaded kernel_pool_2d_max_f32                        0x1337606d0 | th_max = 1024 | th_width =   32
ggml_metal_free: deallocating
Layer  0 output shape:  416 x 416 x   16 x   1
Layer  1 output shape:  208 x 208 x   16 x   1
Layer  2 output shape:  208 x 208 x   32 x   1
Layer  3 output shape:  104 x 104 x   32 x   1
Layer  4 output shape:  104 x 104 x   64 x   1
Layer  5 output shape:   52 x  52 x   64 x   1
Layer  6 output shape:   52 x  52 x  128 x   1
Layer  7 output shape:   26 x  26 x  128 x   1
Layer  8 output shape:   26 x  26 x  256 x   1
Layer  9 output shape:   13 x  13 x  256 x   1
Layer 10 output shape:   13 x  13 x  512 x   1
Layer 11 output shape:   13 x  13 x  512 x   1
Layer 12 output shape:   13 x  13 x 1024 x   1
Layer 13 output shape:   13 x  13 x  256 x   1
Layer 14 output shape:   13 x  13 x  512 x   1
Layer 15 output shape:   13 x  13 x  255 x   1
Layer 18 output shape:   13 x  13 x  128 x   1
Layer 19 output shape:   26 x  26 x  128 x   1
Layer 20 output shape:   26 x  26 x  384 x   1
Layer 21 output shape:   26 x  26 x  256 x   1
Layer 22 output shape:   26 x  26 x  255 x   1
dog: 57%
car: 52%
truck: 56%
car: 62%
bicycle: 58%
Detected objects saved in 'predictions.jpg' (time: 0.046000 sec.)

real	0m0.282s
user	0m0.035s
sys	0m0.027s
