+ ./bin/mnist ./models/mnist/ggml-model-f32.bin ../examples/mnist/models/mnist/t10k-images.idx3-ubyte
_ _ _ _ _ _ _ _ _ _ _ _ _ _ _ _ _ _ _ _ _ _ _ _ _ _ _ _ 
_ _ _ _ _ _ _ _ _ _ _ _ _ _ _ _ _ _ _ _ _ _ _ _ _ _ _ _ 
_ _ _ _ _ _ _ _ _ _ _ _ _ _ _ _ _ _ _ _ _ _ _ _ _ _ _ _ 
_ _ _ _ _ _ _ _ _ _ _ _ _ _ _ _ _ _ _ _ _ _ _ _ _ _ _ _ 
_ _ _ _ _ _ _ _ _ _ _ _ _ _ _ _ _ _ _ _ _ _ _ _ _ _ _ _ 
_ _ _ _ _ _ _ _ _ _ _ _ _ _ _ _ _ _ _ _ _ _ _ _ _ _ _ _ 
_ _ _ _ _ _ _ _ * _ _ _ _ _ _ _ _ _ _ _ _ _ _ _ _ _ _ _ 
_ _ _ _ _ _ _ * * * * _ _ _ _ _ _ _ _ _ _ _ _ _ _ _ _ _ 
_ _ _ _ _ _ _ * * * * * * * * * _ * _ _ _ _ _ _ _ _ _ _ 
_ _ _ _ _ _ _ _ * * _ _ _ _ _ _ _ _ * * _ _ _ _ _ _ _ _ 
_ _ _ _ _ _ _ _ * * _ _ _ _ _ _ _ _ * * _ _ _ _ _ _ _ _ 
_ _ _ _ _ _ _ _ * * * _ _ _ _ _ _ _ * * _ _ _ _ _ _ _ _ 
_ _ _ _ _ _ _ _ * * * _ _ _ _ _ _ _ * * _ _ _ _ _ _ _ _ 
_ _ _ _ _ _ _ _ * * * _ _ _ _ _ _ _ * * _ _ _ _ _ _ _ _ 
_ _ _ _ _ _ _ _ _ _ * _ _ _ _ _ _ * * * _ _ _ _ _ _ _ _ 
_ _ _ _ _ _ _ _ _ _ * * _ _ _ _ _ * * * _ _ _ _ _ _ _ _ 
_ _ _ _ _ _ _ _ _ _ _ _ _ _ _ _ _ * * * _ _ _ _ _ _ _ _ 
_ _ _ _ _ _ _ _ _ _ _ _ _ _ _ _ * * * _ _ _ _ _ _ _ _ _ 
_ _ _ _ _ _ _ _ _ _ _ _ _ _ _ _ * * * _ _ _ _ _ _ _ _ _ 
_ _ _ _ _ _ _ _ _ _ _ _ _ _ _ _ * * * _ _ _ _ _ _ _ _ _ 
_ _ _ _ _ _ _ _ _ _ _ _ _ _ _ * * * _ _ _ _ _ _ _ _ _ _ 
_ _ _ _ _ _ _ _ _ _ _ _ _ _ _ * * * _ _ _ _ _ _ _ _ _ _ 
_ _ _ _ _ _ _ _ _ _ _ _ _ _ _ * * _ _ _ _ _ _ _ _ _ _ _ 
_ _ _ _ _ _ _ _ _ _ _ _ _ _ _ * * _ _ _ _ _ _ _ _ _ _ _ 
_ _ _ _ _ _ _ _ _ _ _ _ _ _ _ * * _ _ _ _ _ _ _ _ _ _ _ 
_ _ _ _ _ _ _ _ _ _ _ _ _ _ _ _ * _ _ _ _ _ _ _ _ _ _ _ 
_ _ _ _ _ _ _ _ _ _ _ _ _ _ _ _ _ _ _ _ _ _ _ _ _ _ _ _ 
_ _ _ _ _ _ _ _ _ _ _ _ _ _ _ _ _ _ _ _ _ _ _ _ _ _ _ _ 

mnist_model_load: loading model from './models/mnist/ggml-model-f32.bin'
mnist_model_load: ggml ctx size =   1.52 MB
main: loaded model in     2.00 ms
ggml_graph_dump_dot: dot -Tpng mnist.dot -o mnist.dot.png && open mnist.dot.png

magic            67676d6c
version                 1
leafs                   5
nodes                   6
eval             6144

TYPE   OP              NDIMS      NE0      NE1      NE2      NE3              NB0              NB1              NB2              NB3             DATA             NAME
f32    NONE                2 500 10 1 1                4             2000            20000            20000   0x709819cfa990                       fc2_weight
f32    NONE                2 784 500 1 1                4             3136          1568000          1568000   0x709819b7b1a0                       fc1_weight
f32    NONE                1 784 1 1 1                4             3136             3136             3136   0x593d3c59cce0                            input
f32    NONE                1 500 1 1 1                4             2000             2000             2000   0x709819cfa030                         fc1_bias
f32    NONE                1 10 1 1 1                4               40               40               40   0x709819cff940                         fc2_bias

ARG    TYPE   OP              NDIMS      NE0      NE1      NE2      NE3              NB0              NB1              NB2              NB3   NTASKS             DATA             NAME
DST    f32    MUL_MAT             1 500 1 1 1                4             2000             2000             2000   0x593d3c59dab0                           node_0
SRC    f32    NONE                2 784 500 1 1                4             3136          1568000          1568000   0x709819b7b1a0                       fc1_weight
SRC    f32    NONE                1 784 1 1 1                4             3136             3136             3136   0x593d3c59cce0                            input

DST    f32    ADD                 1 500 1 1 1                4             2000             2000             2000   0x593d3c59e410                           node_1
SRC    f32    MUL_MAT             1 500 1 1 1                4             2000             2000             2000   0x593d3c59dab0                           node_0
SRC    f32    NONE                1 500 1 1 1                4             2000             2000             2000   0x709819cfa030                         fc1_bias

DST    f32    UNARY               1 500 1 1 1                4             2000             2000             2000   0x593d3c59ed70                           node_2
SRC    f32    ADD                 1 500 1 1 1                4             2000             2000             2000   0x593d3c59e410                           node_1

DST    f32    MUL_MAT             1 10 1 1 1                4               40               40               40   0x593d3c59f6d0                           node_3
SRC    f32    NONE                2 500 10 1 1                4             2000            20000            20000   0x709819cfa990                       fc2_weight
SRC    f32    UNARY               1 500 1 1 1                4             2000             2000             2000   0x593d3c59ed70                           node_2

DST    f32    ADD                 1 10 1 1 1                4               40               40               40   0x593d3c59f890                           node_4
SRC    f32    MUL_MAT             1 10 1 1 1                4               40               40               40   0x593d3c59f6d0                           node_3
SRC    f32    NONE                1 10 1 1 1                4               40               40               40   0x709819cff940                         fc2_bias

DST    f32    SOFT_MAX            1 10 1 1 1                4               40               40               40   0x593d3c59fa50                            probs
SRC    f32    ADD                 1 10 1 1 1                4               40               40               40   0x593d3c59f890       mnist_eval: exported compute graph to 'mnist.ggml'
                    node_4


main: predicted digit is 7

real	0m0.010s
user	0m0.000s
sys	0m0.005s
+ ./bin/mnist-cpu ./mnist.ggml ../examples/mnist/models/mnist/t10k-images.idx3-ubyte
_ _ _ _ _ _ _ _ _ _ _ _ _ _ _ _ _ _ _ _ _ _ _ _ _ _ _ _ 
_ _ _ _ _ _ _ _ _ _ _ _ _ _ _ _ _ _ _ _ _ _ _ _ _ _ _ _ 
_ _ _ _ _ _ _ _ _ _ _ _ _ _ _ _ _ _ _ _ _ _ _ _ _ _ _ _ 
_ _ _ _ _ _ _ _ _ _ _ _ _ _ _ _ _ _ _ _ _ _ _ _ _ _ _ _ 
_ _ _ _ _ _ _ _ _ _ _ _ _ _ _ _ _ _ _ _ _ _ _ _ _ _ _ _ 
_ _ _ _ _ _ _ _ _ _ _ _ _ _ _ _ _ _ _ _ _ _ _ _ _ _ _ _ 
_ _ _ _ _ _ _ _ * _ _ _ _ _ _ _ _ _ _ _ _ _ _ _ _ _ _ _ 
_ _ _ _ _ _ _ * * * * _ _ _ _ _ _ _ _ _ _ _ _ _ _ _ _ _ 
_ _ _ _ _ _ _ * * * * * * * * * _ * _ _ _ _ _ _ _ _ _ _ 
_ _ _ _ _ _ _ _ * * _ _ _ _ _ _ _ _ * * _ _ _ _ _ _ _ _ 
_ _ _ _ _ _ _ _ * * _ _ _ _ _ _ _ _ * * _ _ _ _ _ _ _ _ 
_ _ _ _ _ _ _ _ * * * _ _ _ _ _ _ _ * * _ _ _ _ _ _ _ _ 
_ _ _ _ _ _ _ _ * * * _ _ _ _ _ _ _ * * _ _ _ _ _ _ _ _ 
_ _ _ _ _ _ _ _ * * * _ _ _ _ _ _ _ * * _ _ _ _ _ _ _ _ 
_ _ _ _ _ _ _ _ _ _ * _ _ _ _ _ _ * * * _ _ _ _ _ _ _ _ 
_ _ _ _ _ _ _ _ _ _ * * _ _ _ _ _ * * * _ _ _ _ _ _ _ _ 
_ _ _ _ _ _ _ _ _ _ _ _ _ _ _ _ _ * * * _ _ _ _ _ _ _ _ 
_ _ _ _ _ _ _ _ _ _ _ _ _ _ _ _ * * * _ _ _ _ _ _ _ _ _ 
_ _ _ _ _ _ _ _ _ _ _ _ _ _ _ _ * * * _ _ _ _ _ _ _ _ _ 
_ _ _ _ _ _ _ _ _ _ _ _ _ _ _ _ * * * _ _ _ _ _ _ _ _ _ 
_ _ _ _ _ _ _ _ _ _ _ _ _ _ _ * * * _ _ _ _ _ _ _ _ _ _ 
_ _ _ _ _ _ _ _ _ _ _ _ _ _ _ * * * _ _ _ _ _ _ _ _ _ _ 
_ _ _ _ _ _ _ _ _ _ _ _ _ _ _ * * _ _ _ _ _ _ _ _ _ _ _ 
_ _ _ _ _ _ _ _ _ _ _ _ _ _ _ * * _ _ _ _ _ _ _ _ _ _ _ 
_ _ _ _ _ _ _ _ _ _ _ _ _ _ _ * * _ _ _ _ _ _ _ _ _ _ _ 
_ _ _ _ _ _ _ _ _ _ _ _ _ _ _ _ * _ _ _ _ _ _ _ _ _ _ _ 
_ _ _ _ _ _ _ _ _ _ _ _ _ _ _ _ _ _ _ _ _ _ _ _ _ _ _ _ 
_ _ _ _ _ _ _ _ _ _ _ _ _ _ _ _ _ _ _ _ _ _ _ _ _ _ _ _ 

ggml_graph_import: loaded leaf 0: '      fc2_weight',     20000 bytes
ggml_graph_import: loaded leaf 1: '      fc1_weight',   1568000 bytes
ggml_graph_import: loaded leaf 2: '           input',      3136 bytes
ggml_graph_import: loaded leaf 3: '        fc1_bias',      2000 bytes
ggml_graph_import: loaded leaf 4: '        fc2_bias',        40 bytes
ggml_graph_import: loaded node 0: '          node_0',      2000 bytes
ggml_graph_import: loaded node 1: '          node_1',      2000 bytes
ggml_graph_import: loaded node 2: '          node_2',      2000 bytes
ggml_graph_import: loaded node 3: '          node_3',        40 bytes
ggml_graph_import: loaded node 4: '          node_4',        40 bytes
ggml_graph_import: loaded node 5: '           probs',        40 bytes
main: predicted digit is 7

real	0m0.004s
user	0m0.000s
sys	0m0.004s
