+ ./bin/yolov3-tiny -m yolov3-tiny.gguf -i ../models-mnt/yolo//dog.jpg
load_model: using Metal backend
ggml_metal_init: allocating
ggml_metal_init: found device: Apple M4
ggml_metal_init: picking default device: Apple M4
ggml_metal_init: using embedded metal library
ggml_metal_init: GPU name:   Apple M4
ggml_metal_init: GPU family: MTLGPUFamilyApple9  (1009)
ggml_metal_init: GPU family: MTLGPUFamilyCommon3 (3003)
ggml_metal_init: GPU family: MTLGPUFamilyMetal3  (5001)
ggml_metal_init: simdgroup reduction   = true
ggml_metal_init: simdgroup matrix mul. = true
ggml_metal_init: has residency sets    = true
ggml_metal_init: has bfloat            = true
ggml_metal_init: use bfloat            = false
ggml_metal_init: hasUnifiedMemory      = true
ggml_metal_init: recommendedMaxWorkingSetSize  = 11453.25 MB
ggml_metal_init: loaded kernel_add                                    0x152708f40 | th_max = 1024 | th_width =   32
ggml_metal_init: loaded kernel_add_row                                0x152709640 | th_max = 1024 | th_width =   32
ggml_metal_init: loaded kernel_sub                                    0x152709bf0 | th_max = 1024 | th_width =   32
ggml_metal_init: loaded kernel_sub_row                                0x15270a1a0 | th_max = 1024 | th_width =   32
ggml_metal_init: loaded kernel_mul                                    0x15270a750 | th_max = 1024 | th_width =   32
ggml_metal_init: loaded kernel_mul_row                                0x15270ad00 | th_max = 1024 | th_width =   32
ggml_metal_init: loaded kernel_div                                    0x15270b2b0 | th_max = 1024 | th_width =   32
ggml_metal_init: loaded kernel_div_row                                0x15270b860 | th_max = 1024 | th_width =   32
ggml_metal_init: loaded kernel_repeat_f32                             0x15270be10 | th_max = 1024 | th_width =   32
ggml_metal_init: loaded kernel_repeat_f16                             0x15270c310 | th_max = 1024 | th_width =   32
ggml_metal_init: loaded kernel_repeat_i32                             0x15270c810 | th_max = 1024 | th_width =   32
ggml_metal_init: loaded kernel_repeat_i16                             0x15270cd10 | th_max = 1024 | th_width =   32
ggml_metal_init: loaded kernel_scale                                  0x15270d830 | th_max = 1024 | th_width =   32
ggml_metal_init: loaded kernel_scale_4                                0x15270dfe0 | th_max = 1024 | th_width =   32
ggml_metal_init: loaded kernel_clamp                                  0x15270e7f0 | th_max = 1024 | th_width =   32
ggml_metal_init: loaded kernel_tanh                                   0x15270ef10 | th_max = 1024 | th_width =   32
ggml_metal_init: loaded kernel_relu                                   0x15270f630 | th_max = 1024 | th_width =   32
ggml_metal_init: loaded kernel_sigmoid                                0x15270fd50 | th_max = 1024 | th_width =   32
ggml_metal_init: loaded kernel_gelu                                   0x152710470 | th_max = 1024 | th_width =   32
ggml_metal_init: loaded kernel_gelu_4                                 0x152710c40 | th_max = 1024 | th_width =   32
ggml_metal_init: loaded kernel_gelu_quick                             0x152711360 | th_max = 1024 | th_width =   32
ggml_metal_init: loaded kernel_gelu_quick_4                           0x152711a80 | th_max = 1024 | th_width =   32
ggml_metal_init: loaded kernel_silu                                   0x1527121a0 | th_max = 1024 | th_width =   32
ggml_metal_init: loaded kernel_silu_4                                 0x152712a40 | th_max = 1024 | th_width =   32
ggml_metal_init: loaded kernel_elu                                    0x152713160 | th_max = 1024 | th_width =   32
ggml_metal_init: loaded kernel_soft_max_f16                           0x152713420 | th_max = 1024 | th_width =   32
ggml_metal_init: loaded kernel_soft_max_f16_4                         0x152713a30 | th_max = 1024 | th_width =   32
ggml_metal_init: loaded kernel_soft_max_f32                           0x1527146a0 | th_max = 1024 | th_width =   32
ggml_metal_init: loaded kernel_soft_max_f32_4                         0x152714be0 | th_max = 1024 | th_width =   32
ggml_metal_init: loaded kernel_diag_mask_inf                          0x152714ea0 | th_max = 1024 | th_width =   32
ggml_metal_init: loaded kernel_diag_mask_inf_8                        0x152715340 | th_max = 1024 | th_width =   32
ggml_metal_init: loaded kernel_get_rows_f32                           0x152715600 | th_max = 1024 | th_width =   32
ggml_metal_init: loaded kernel_get_rows_f16                           0x152715e90 | th_max = 1024 | th_width =   32
ggml_metal_init: skipping kernel_get_rows_bf16                     (not supported)
ggml_metal_init: loaded kernel_get_rows_q4_0                          0x152716150 | th_max = 1024 | th_width =   32
ggml_metal_init: loaded kernel_get_rows_q4_1                          0x1527165f0 | th_max = 1024 | th_width =   32
ggml_metal_init: loaded kernel_get_rows_q5_0                          0x152716a90 | th_max = 1024 | th_width =   32
ggml_metal_init: loaded kernel_get_rows_q5_1                          0x152716f30 | th_max = 1024 | th_width =   32
ggml_metal_init: loaded kernel_get_rows_q8_0                          0x1527173d0 | th_max = 1024 | th_width =   32
ggml_metal_init: loaded kernel_get_rows_q2_K                          0x152717870 | th_max = 1024 | th_width =   32
ggml_metal_init: loaded kernel_get_rows_q3_K                          0x152717d10 | th_max = 1024 | th_width =   32
ggml_metal_init: loaded kernel_get_rows_q4_K                          0x1527181b0 | th_max = 1024 | th_width =   32
ggml_metal_init: loaded kernel_get_rows_q5_K                          0x152718650 | th_max = 1024 | th_width =   32
ggml_metal_init: loaded kernel_get_rows_q6_K                          0x152718af0 | th_max = 1024 | th_width =   32
ggml_metal_init: loaded kernel_get_rows_iq2_xxs                       0x152718db0 | th_max = 1024 | th_width =   32
ggml_metal_init: loaded kernel_get_rows_iq2_xs                        0x1527193c0 | th_max = 1024 | th_width =   32
ggml_metal_init: loaded kernel_get_rows_iq3_xxs                       0x1527199d0 | th_max = 1024 | th_width =   32
ggml_metal_init: loaded kernel_get_rows_iq3_s                         0x152719fe0 | th_max = 1024 | th_width =   32
ggml_metal_init: loaded kernel_get_rows_iq2_s                         0x15271a900 | th_max = 1024 | th_width =   32
ggml_metal_init: loaded kernel_get_rows_iq1_s                         0x15271af10 | th_max = 1024 | th_width =   32
ggml_metal_init: loaded kernel_get_rows_iq1_m                         0x15271b520 | th_max = 1024 | th_width =   32
ggml_metal_init: loaded kernel_get_rows_iq4_nl                        0x15271bb30 | th_max = 1024 | th_width =   32
ggml_metal_init: loaded kernel_get_rows_iq4_xs                        0x15271c140 | th_max = 1024 | th_width =   32
ggml_metal_init: loaded kernel_get_rows_i32                           0x15271c750 | th_max = 1024 | th_width =   32
ggml_metal_init: loaded kernel_rms_norm                               0x15271cf40 | th_max = 1024 | th_width =   32
ggml_metal_init: loaded kernel_group_norm                             0x15271d3e0 | th_max = 1024 | th_width =   32
ggml_metal_init: loaded kernel_norm                                   0x15271d880 | th_max = 1024 | th_width =   32
ggml_metal_init: loaded kernel_ssm_conv_f32                           0x15271db40 | th_max = 1024 | th_width =   32
ggml_metal_init: loaded kernel_ssm_scan_f32                           0x15271e150 | th_max = 1024 | th_width =   32
ggml_metal_init: loaded kernel_mul_mv_f32_f32                         0x15271e940 | th_max = 1024 | th_width =   32
ggml_metal_init: skipping kernel_mul_mv_bf16_f32                   (not supported)
ggml_metal_init: skipping kernel_mul_mv_bf16_f32_1row              (not supported)
ggml_metal_init: skipping kernel_mul_mv_bf16_f32_l4                (not supported)
ggml_metal_init: skipping kernel_mul_mv_bf16_bf16                  (not supported)
ggml_metal_init: loaded kernel_mul_mv_f16_f32                         0x15271ede0 | th_max = 1024 | th_width =   32
ggml_metal_init: loaded kernel_mul_mv_f16_f32_1row                    0x15271f0a0 | th_max = 1024 | th_width =   32
ggml_metal_init: loaded kernel_mul_mv_f16_f32_l4                      0x15271f540 | th_max = 1024 | th_width =   32
ggml_metal_init: loaded kernel_mul_mv_f16_f16                         0x15271f9e0 | th_max = 1024 | th_width =   32
ggml_metal_init: loaded kernel_mul_mv_q4_0_f32                        0x15271fe80 | th_max = 1024 | th_width =   32
ggml_metal_init: loaded kernel_mul_mv_q4_1_f32                        0x152720320 | th_max = 1024 | th_width =   32
ggml_metal_init: loaded kernel_mul_mv_q5_0_f32                        0x1527207c0 | th_max = 1024 | th_width =   32
ggml_metal_init: loaded kernel_mul_mv_q5_1_f32                        0x152720c60 | th_max = 1024 | th_width =   32
ggml_metal_init: loaded kernel_mul_mv_q8_0_f32                        0x152721100 | th_max = 1024 | th_width =   32
ggml_metal_init: loaded kernel_mul_mv_ext_f16_f32_r1_2                0x152721650 | th_max = 1024 | th_width =   32
ggml_metal_init: loaded kernel_mul_mv_ext_f16_f32_r1_3                0x152721ba0 | th_max = 1024 | th_width =   32
ggml_metal_init: loaded kernel_mul_mv_ext_f16_f32_r1_4                0x1527220f0 | th_max = 1024 | th_width =   32
ggml_metal_init: loaded kernel_mul_mv_ext_f16_f32_r1_5                0x152722640 | th_max = 1024 | th_width =   32
ggml_metal_init: loaded kernel_mul_mv_ext_q4_0_f32_r1_2               0x152722b90 | th_max = 1024 | th_width =   32
ggml_metal_init: loaded kernel_mul_mv_ext_q4_0_f32_r1_3               0x1527230e0 | th_max = 1024 | th_width =   32
ggml_metal_init: loaded kernel_mul_mv_ext_q4_0_f32_r1_4               0x152723630 | th_max = 1024 | th_width =   32
ggml_metal_init: loaded kernel_mul_mv_ext_q4_0_f32_r1_5               0x152723b80 | th_max = 1024 | th_width =   32
ggml_metal_init: loaded kernel_mul_mv_ext_q4_1_f32_r1_2               0x1527240d0 | th_max = 1024 | th_width =   32
ggml_metal_init: loaded kernel_mul_mv_ext_q4_1_f32_r1_3               0x152724620 | th_max = 1024 | th_width =   32
ggml_metal_init: loaded kernel_mul_mv_ext_q4_1_f32_r1_4               0x152724b70 | th_max = 1024 | th_width =   32
ggml_metal_init: loaded kernel_mul_mv_ext_q4_1_f32_r1_5               0x1527250c0 | th_max = 1024 | th_width =   32
ggml_metal_init: loaded kernel_mul_mv_ext_q5_0_f32_r1_2               0x152725610 | th_max = 1024 | th_width =   32
ggml_metal_init: loaded kernel_mul_mv_ext_q5_0_f32_r1_3               0x152725b60 | th_max = 1024 | th_width =   32
ggml_metal_init: loaded kernel_mul_mv_ext_q5_0_f32_r1_4               0x1527260b0 | th_max = 1024 | th_width =   32
ggml_metal_init: loaded kernel_mul_mv_ext_q5_0_f32_r1_5               0x152726600 | th_max = 1024 | th_width =   32
ggml_metal_init: loaded kernel_mul_mv_ext_q5_1_f32_r1_2               0x152726b50 | th_max = 1024 | th_width =   32
ggml_metal_init: loaded kernel_mul_mv_ext_q5_1_f32_r1_3               0x1527270a0 | th_max = 1024 | th_width =   32
ggml_metal_init: loaded kernel_mul_mv_ext_q5_1_f32_r1_4               0x1527275f0 | th_max = 1024 | th_width =   32
ggml_metal_init: loaded kernel_mul_mv_ext_q5_1_f32_r1_5               0x152727b40 | th_max = 1024 | th_width =   32
ggml_metal_init: loaded kernel_mul_mv_ext_q8_0_f32_r1_2               0x152728090 | th_max = 1024 | th_width =   32
ggml_metal_init: loaded kernel_mul_mv_ext_q8_0_f32_r1_3               0x1527285e0 | th_max = 1024 | th_width =   32
ggml_metal_init: loaded kernel_mul_mv_ext_q8_0_f32_r1_4               0x152728b30 | th_max = 1024 | th_width =   32
ggml_metal_init: loaded kernel_mul_mv_ext_q8_0_f32_r1_5               0x152729080 | th_max = 1024 | th_width =   32
ggml_metal_init: loaded kernel_mul_mv_ext_q4_K_f32_r1_2               0x1527295d0 | th_max = 1024 | th_width =   32
ggml_metal_init: loaded kernel_mul_mv_ext_q4_K_f32_r1_3               0x152729b20 | th_max = 1024 | th_width =   32
ggml_metal_init: loaded kernel_mul_mv_ext_q4_K_f32_r1_4               0x15272a070 | th_max = 1024 | th_width =   32
ggml_metal_init: loaded kernel_mul_mv_ext_q4_K_f32_r1_5               0x15272a5c0 | th_max = 1024 | th_width =   32
ggml_metal_init: loaded kernel_mul_mv_ext_q5_K_f32_r1_2               0x15272ab10 | th_max = 1024 | th_width =   32
ggml_metal_init: loaded kernel_mul_mv_ext_q5_K_f32_r1_3               0x15271a5f0 | th_max = 1024 | th_width =   32
ggml_metal_init: loaded kernel_mul_mv_ext_q5_K_f32_r1_4               0x15272af80 | th_max = 1024 | th_width =   32
ggml_metal_init: loaded kernel_mul_mv_ext_q5_K_f32_r1_5               0x15272b730 | th_max = 1024 | th_width =   32
ggml_metal_init: loaded kernel_mul_mv_ext_q6_K_f32_r1_2               0x15272bc80 | th_max = 1024 | th_width =   32
ggml_metal_init: loaded kernel_mul_mv_ext_q6_K_f32_r1_3               0x15272c1d0 | th_max = 1024 | th_width =   32
ggml_metal_init: loaded kernel_mul_mv_ext_q6_K_f32_r1_4               0x15272c720 | th_max = 1024 | th_width =   32
ggml_metal_init: loaded kernel_mul_mv_ext_q6_K_f32_r1_5               0x15272cc70 | th_max = 1024 | th_width =   32
ggml_metal_init: loaded kernel_mul_mv_ext_iq4_nl_f32_r1_2             0x15272d1c0 | th_max = 1024 | th_width =   32
ggml_metal_init: loaded kernel_mul_mv_ext_iq4_nl_f32_r1_3             0x15272d710 | th_max = 1024 | th_width =   32
ggml_metal_init: loaded kernel_mul_mv_ext_iq4_nl_f32_r1_4             0x15272dc60 | th_max = 1024 | th_width =   32
ggml_metal_init: loaded kernel_mul_mv_ext_iq4_nl_f32_r1_5             0x15272e1b0 | th_max = 1024 | th_width =   32
ggml_metal_init: loaded kernel_mul_mv_q2_K_f32                        0x15272e650 | th_max = 1024 | th_width =   32
ggml_metal_init: loaded kernel_mul_mv_q3_K_f32                        0x15272eaf0 | th_max = 1024 | th_width =   32
ggml_metal_init: loaded kernel_mul_mv_q4_K_f32                        0x15272ef90 | th_max = 1024 | th_width =   32
ggml_metal_init: loaded kernel_mul_mv_q5_K_f32                        0x15272f430 | th_max = 1024 | th_width =   32
ggml_metal_init: loaded kernel_mul_mv_q6_K_f32                        0x15272f8d0 | th_max = 1024 | th_width =   32
ggml_metal_init: loaded kernel_mul_mv_iq2_xxs_f32                     0x15272fd70 | th_max = 1024 | th_width =   32
ggml_metal_init: loaded kernel_mul_mv_iq2_xs_f32                      0x152730210 | th_max = 1024 | th_width =   32
ggml_metal_init: loaded kernel_mul_mv_iq3_xxs_f32                     0x1527306b0 | th_max = 1024 | th_width =   32
ggml_metal_init: loaded kernel_mul_mv_iq3_s_f32                       0x152730b50 | th_max = 1024 | th_width =   32
ggml_metal_init: loaded kernel_mul_mv_iq2_s_f32                       0x152730ff0 | th_max = 1024 | th_width =   32
ggml_metal_init: loaded kernel_mul_mv_iq1_s_f32                       0x152731490 | th_max = 1024 | th_width =   32
ggml_metal_init: loaded kernel_mul_mv_iq1_m_f32                       0x152731930 | th_max = 1024 | th_width =   32
ggml_metal_init: loaded kernel_mul_mv_iq4_nl_f32                      0x152731dd0 | th_max = 1024 | th_width =   32
ggml_metal_init: loaded kernel_mul_mv_iq4_xs_f32                      0x152732270 | th_max = 1024 | th_width =   32
ggml_metal_init: loaded kernel_mul_mv_id_f32_f32                      0x152732710 | th_max = 1024 | th_width =   32
ggml_metal_init: loaded kernel_mul_mv_id_f16_f32                      0x152732bb0 | th_max = 1024 | th_width =   32
ggml_metal_init: skipping kernel_mul_mv_id_bf16_f32                (not supported)
ggml_metal_init: loaded kernel_mul_mv_id_q4_0_f32                     0x152733050 | th_max = 1024 | th_width =   32
ggml_metal_init: loaded kernel_mul_mv_id_q4_1_f32                     0x1527334f0 | th_max = 1024 | th_width =   32
ggml_metal_init: loaded kernel_mul_mv_id_q5_0_f32                     0x152733990 | th_max = 1024 | th_width =   32
ggml_metal_init: loaded kernel_mul_mv_id_q5_1_f32                     0x152733e30 | th_max = 1024 | th_width =   32
ggml_metal_init: loaded kernel_mul_mv_id_q8_0_f32                     0x1527342d0 | th_max = 1024 | th_width =   32
ggml_metal_init: loaded kernel_mul_mv_id_q2_K_f32                     0x152734770 | th_max = 1024 | th_width =   32
ggml_metal_init: loaded kernel_mul_mv_id_q3_K_f32                     0x152734c10 | th_max = 1024 | th_width =   32
ggml_metal_init: loaded kernel_mul_mv_id_q4_K_f32                     0x1527350b0 | th_max = 1024 | th_width =   32
ggml_metal_init: loaded kernel_mul_mv_id_q5_K_f32                     0x152735550 | th_max = 1024 | th_width =   32
ggml_metal_init: loaded kernel_mul_mv_id_q6_K_f32                     0x1527359f0 | th_max = 1024 | th_width =   32
ggml_metal_init: loaded kernel_mul_mv_id_iq2_xxs_f32                  0x152735e90 | th_max = 1024 | th_width =   32
ggml_metal_init: loaded kernel_mul_mv_id_iq2_xs_f32                   0x152736330 | th_max = 1024 | th_width =   32
ggml_metal_init: loaded kernel_mul_mv_id_iq3_xxs_f32                  0x1527367d0 | th_max = 1024 | th_width =   32
ggml_metal_init: loaded kernel_mul_mv_id_iq3_s_f32                    0x152736c70 | th_max = 1024 | th_width =   32
ggml_metal_init: loaded kernel_mul_mv_id_iq2_s_f32                    0x152737110 | th_max = 1024 | th_width =   32
ggml_metal_init: loaded kernel_mul_mv_id_iq1_s_f32                    0x1527375b0 | th_max = 1024 | th_width =   32
ggml_metal_init: loaded kernel_mul_mv_id_iq1_m_f32                    0x152737a50 | th_max = 1024 | th_width =   32
ggml_metal_init: loaded kernel_mul_mv_id_iq4_nl_f32                   0x152737ef0 | th_max = 1024 | th_width =   32
ggml_metal_init: loaded kernel_mul_mv_id_iq4_xs_f32                   0x152738390 | th_max = 1024 | th_width =   32
ggml_metal_init: loaded kernel_mul_mm_f32_f32                         0x152738830 | th_max = 1024 | th_width =   32
ggml_metal_init: loaded kernel_mul_mm_f16_f32                         0x152738cd0 | th_max = 1024 | th_width =   32
ggml_metal_init: skipping kernel_mul_mm_bf16_f32                   (not supported)
ggml_metal_init: loaded kernel_mul_mm_q4_0_f32                        0x152739170 | th_max = 1024 | th_width =   32
ggml_metal_init: loaded kernel_mul_mm_q4_1_f32                        0x152739610 | th_max = 1024 | th_width =   32
ggml_metal_init: loaded kernel_mul_mm_q5_0_f32                        0x152739ab0 | th_max = 1024 | th_width =   32
ggml_metal_init: loaded kernel_mul_mm_q5_1_f32                        0x152739f50 | th_max = 1024 | th_width =   32
ggml_metal_init: loaded kernel_mul_mm_q8_0_f32                        0x15273a3f0 | th_max = 1024 | th_width =   32
ggml_metal_init: loaded kernel_mul_mm_q2_K_f32                        0x15273a890 | th_max = 1024 | th_width =   32
ggml_metal_init: loaded kernel_mul_mm_q3_K_f32                        0x15273ad30 | th_max = 1024 | th_width =   32
ggml_metal_init: loaded kernel_mul_mm_q4_K_f32                        0x15273b1d0 | th_max = 1024 | th_width =   32
ggml_metal_init: loaded kernel_mul_mm_q5_K_f32                        0x15273b670 | th_max = 1024 | th_width =   32
ggml_metal_init: loaded kernel_mul_mm_q6_K_f32                        0x15273bb10 | th_max = 1024 | th_width =   32
ggml_metal_init: loaded kernel_mul_mm_iq2_xxs_f32                     0x15273bfb0 | th_max = 1024 | th_width =   32
ggml_metal_init: loaded kernel_mul_mm_iq2_xs_f32                      0x15273c450 | th_max = 1024 | th_width =   32
ggml_metal_init: loaded kernel_mul_mm_iq3_xxs_f32                     0x15273c8f0 | th_max = 1024 | th_width =   32
ggml_metal_init: loaded kernel_mul_mm_iq3_s_f32                       0x15273cd90 | th_max = 1024 | th_width =   32
ggml_metal_init: loaded kernel_mul_mm_iq2_s_f32                       0x15273d230 | th_max = 1024 | th_width =   32
ggml_metal_init: loaded kernel_mul_mm_iq1_s_f32                       0x15273d6d0 | th_max = 1024 | th_width =   32
ggml_metal_init: loaded kernel_mul_mm_iq1_m_f32                       0x15273db70 | th_max = 1024 | th_width =   32
ggml_metal_init: loaded kernel_mul_mm_iq4_nl_f32                      0x15273e010 | th_max = 1024 | th_width =   32
ggml_metal_init: loaded kernel_mul_mm_iq4_xs_f32                      0x15273e4b0 | th_max = 1024 | th_width =   32
ggml_metal_init: loaded kernel_mul_mm_id_f32_f32                      0x15273e950 | th_max = 1024 | th_width =   32
ggml_metal_init: loaded kernel_mul_mm_id_f16_f32                      0x15273edf0 | th_max = 1024 | th_width =   32
ggml_metal_init: skipping kernel_mul_mm_id_bf16_f32                (not supported)
ggml_metal_init: loaded kernel_mul_mm_id_q4_0_f32                     0x15273f290 | th_max = 1024 | th_width =   32
ggml_metal_init: loaded kernel_mul_mm_id_q4_1_f32                     0x15273f730 | th_max = 1024 | th_width =   32
ggml_metal_init: loaded kernel_mul_mm_id_q5_0_f32                     0x15273fbd0 | th_max = 1024 | th_width =   32
ggml_metal_init: loaded kernel_mul_mm_id_q5_1_f32                     0x152740070 | th_max = 1024 | th_width =   32
ggml_metal_init: loaded kernel_mul_mm_id_q8_0_f32                     0x152740510 | th_max = 1024 | th_width =   32
ggml_metal_init: loaded kernel_mul_mm_id_q2_K_f32                     0x1527409b0 | th_max = 1024 | th_width =   32
ggml_metal_init: loaded kernel_mul_mm_id_q3_K_f32                     0x152740e50 | th_max = 1024 | th_width =   32
ggml_metal_init: loaded kernel_mul_mm_id_q4_K_f32                     0x1527412f0 | th_max = 1024 | th_width =   32
ggml_metal_init: loaded kernel_mul_mm_id_q5_K_f32                     0x152741790 | th_max = 1024 | th_width =   32
ggml_metal_init: loaded kernel_mul_mm_id_q6_K_f32                     0x152741c30 | th_max = 1024 | th_width =   32
ggml_metal_init: loaded kernel_mul_mm_id_iq2_xxs_f32                  0x1527420d0 | th_max = 1024 | th_width =   32
ggml_metal_init: loaded kernel_mul_mm_id_iq2_xs_f32                   0x152742570 | th_max = 1024 | th_width =   32
ggml_metal_init: loaded kernel_mul_mm_id_iq3_xxs_f32                  0x152742a10 | th_max = 1024 | th_width =   32
ggml_metal_init: loaded kernel_mul_mm_id_iq3_s_f32                    0x152742eb0 | th_max = 1024 | th_width =   32
ggml_metal_init: loaded kernel_mul_mm_id_iq2_s_f32                    0x152743350 | th_max = 1024 | th_width =   32
ggml_metal_init: loaded kernel_mul_mm_id_iq1_s_f32                    0x1527437f0 | th_max = 1024 | th_width =   32
ggml_metal_init: loaded kernel_mul_mm_id_iq1_m_f32                    0x152743c90 | th_max = 1024 | th_width =   32
ggml_metal_init: loaded kernel_mul_mm_id_iq4_nl_f32                   0x152744130 | th_max = 1024 | th_width =   32
ggml_metal_init: loaded kernel_mul_mm_id_iq4_xs_f32                   0x1527445d0 | th_max = 1024 | th_width =   32
ggml_metal_init: loaded kernel_rope_norm_f32                          0x152744b20 | th_max = 1024 | th_width =   32
ggml_metal_init: loaded kernel_rope_norm_f16                          0x152745070 | th_max = 1024 | th_width =   32
ggml_metal_init: loaded kernel_rope_neox_f32                          0x1527455c0 | th_max = 1024 | th_width =   32
ggml_metal_init: loaded kernel_rope_neox_f16                          0x152745b10 | th_max = 1024 | th_width =   32
ggml_metal_init: loaded kernel_im2col_f16                             0x152745dd0 | th_max = 1024 | th_width =   32
ggml_metal_init: loaded kernel_im2col_f32                             0x1527463e0 | th_max = 1024 | th_width =   32
ggml_metal_init: loaded kernel_im2col_ext_f16                         0x1527469f0 | th_max = 1024 | th_width =   32
ggml_metal_init: loaded kernel_im2col_ext_f32                         0x152747000 | th_max = 1024 | th_width =   32
ggml_metal_init: loaded kernel_conv_transpose_1d_f32_f32              0x1527477f0 | th_max = 1024 | th_width =   32
ggml_metal_init: loaded kernel_conv_transpose_1d_f16_f32              0x152747c90 | th_max = 1024 | th_width =   32
ggml_metal_init: loaded kernel_upscale_f32                            0x152747f50 | th_max = 1024 | th_width =   32
ggml_metal_init: loaded kernel_pad_f32                                0x152748560 | th_max = 1024 | th_width =   32
ggml_metal_init: loaded kernel_pad_reflect_1d_f32                     0x152748b70 | th_max = 1024 | th_width =   32
ggml_metal_init: loaded kernel_timestep_embedding_f32                 0x152749360 | th_max = 1024 | th_width =   32
ggml_metal_init: loaded kernel_arange_f32                             0x152749800 | th_max = 1024 | th_width =   32
ggml_metal_init: loaded kernel_argsort_f32_i32_asc                    0x152749ca0 | th_max = 1024 | th_width =   32
ggml_metal_init: loaded kernel_argsort_f32_i32_desc                   0x15274a140 | th_max = 1024 | th_width =   32
ggml_metal_init: loaded kernel_leaky_relu_f32                         0x15274a8f0 | th_max = 1024 | th_width =   32
ggml_metal_init: loaded kernel_flash_attn_ext_f16_h64                 0x15274ae40 | th_max = 1024 | th_width =   32
ggml_metal_init: loaded kernel_flash_attn_ext_f16_h80                 0x15274b390 | th_max = 1024 | th_width =   32
ggml_metal_init: loaded kernel_flash_attn_ext_f16_h96                 0x15274b8e0 | th_max = 1024 | th_width =   32
ggml_metal_init: loaded kernel_flash_attn_ext_f16_h112                0x15274be30 | th_max = 1024 | th_width =   32
ggml_metal_init: loaded kernel_flash_attn_ext_f16_h128                0x15274c380 | th_max = 1024 | th_width =   32
ggml_metal_init: loaded kernel_flash_attn_ext_f16_h256                0x15274c8d0 | th_max = 1024 | th_width =   32
ggml_metal_init: skipping kernel_flash_attn_ext_bf16_h64           (not supported)
ggml_metal_init: skipping kernel_flash_attn_ext_bf16_h80           (not supported)
ggml_metal_init: skipping kernel_flash_attn_ext_bf16_h96           (not supported)
ggml_metal_init: skipping kernel_flash_attn_ext_bf16_h112          (not supported)
ggml_metal_init: skipping kernel_flash_attn_ext_bf16_h128          (not supported)
ggml_metal_init: skipping kernel_flash_attn_ext_bf16_h256          (not supported)
ggml_metal_init: loaded kernel_flash_attn_ext_q4_0_h64                0x15274ce20 | th_max = 1024 | th_width =   32
ggml_metal_init: loaded kernel_flash_attn_ext_q4_0_h80                0x15274d370 | th_max = 1024 | th_width =   32
ggml_metal_init: loaded kernel_flash_attn_ext_q4_0_h96                0x15274d8c0 | th_max = 1024 | th_width =   32
ggml_metal_init: loaded kernel_flash_attn_ext_q4_0_h112               0x15274de10 | th_max = 1024 | th_width =   32
ggml_metal_init: loaded kernel_flash_attn_ext_q4_0_h128               0x15274e360 | th_max = 1024 | th_width =   32
ggml_metal_init: loaded kernel_flash_attn_ext_q4_0_h256               0x15274e8b0 | th_max = 1024 | th_width =   32
ggml_metal_init: loaded kernel_flash_attn_ext_q4_1_h64                0x15274ee00 | th_max = 1024 | th_width =   32
ggml_metal_init: loaded kernel_flash_attn_ext_q4_1_h80                0x15274f350 | th_max = 1024 | th_width =   32
ggml_metal_init: loaded kernel_flash_attn_ext_q4_1_h96                0x15274f8a0 | th_max = 1024 | th_width =   32
ggml_metal_init: loaded kernel_flash_attn_ext_q4_1_h112               0x15274fdf0 | th_max = 1024 | th_width =   32
ggml_metal_init: loaded kernel_flash_attn_ext_q4_1_h128               0x152750340 | th_max = 1024 | th_width =   32
ggml_metal_init: loaded kernel_flash_attn_ext_q4_1_h256               0x152750890 | th_max = 1024 | th_width =   32
ggml_metal_init: loaded kernel_flash_attn_ext_q5_0_h64                0x152750de0 | th_max = 1024 | th_width =   32
ggml_metal_init: loaded kernel_flash_attn_ext_q5_0_h80                0x152751330 | th_max = 1024 | th_width =   32
ggml_metal_init: loaded kernel_flash_attn_ext_q5_0_h96                0x152751880 | th_max = 1024 | th_width =   32
ggml_metal_init: loaded kernel_flash_attn_ext_q5_0_h112               0x152751dd0 | th_max = 1024 | th_width =   32
ggml_metal_init: loaded kernel_flash_attn_ext_q5_0_h128               0x152752320 | th_max = 1024 | th_width =   32
ggml_metal_init: loaded kernel_flash_attn_ext_q5_0_h256               0x152752870 | th_max = 1024 | th_width =   32
ggml_metal_init: loaded kernel_flash_attn_ext_q5_1_h64                0x152752dc0 | th_max = 1024 | th_width =   32
ggml_metal_init: loaded kernel_flash_attn_ext_q5_1_h80                0x152753310 | th_max = 1024 | th_width =   32
ggml_metal_init: loaded kernel_flash_attn_ext_q5_1_h96                0x152753860 | th_max = 1024 | th_width =   32
ggml_metal_init: loaded kernel_flash_attn_ext_q5_1_h112               0x152753db0 | th_max = 1024 | th_width =   32
ggml_metal_init: loaded kernel_flash_attn_ext_q5_1_h128               0x152754300 | th_max = 1024 | th_width =   32
ggml_metal_init: loaded kernel_flash_attn_ext_q5_1_h256               0x152754850 | th_max = 1024 | th_width =   32
ggml_metal_init: loaded kernel_flash_attn_ext_q8_0_h64                0x152754da0 | th_max = 1024 | th_width =   32
ggml_metal_init: loaded kernel_flash_attn_ext_q8_0_h80                0x1527552f0 | th_max = 1024 | th_width =   32
ggml_metal_init: loaded kernel_flash_attn_ext_q8_0_h96                0x152755840 | th_max = 1024 | th_width =   32
ggml_metal_init: loaded kernel_flash_attn_ext_q8_0_h112               0x152755d90 | th_max = 1024 | th_width =   32
ggml_metal_init: loaded kernel_flash_attn_ext_q8_0_h128               0x1527562e0 | th_max = 1024 | th_width =   32
ggml_metal_init: loaded kernel_flash_attn_ext_q8_0_h256               0x152756830 | th_max = 1024 | th_width =   32
ggml_metal_init: loaded kernel_flash_attn_ext_vec_f16_h128            0x152756d80 | th_max = 1024 | th_width =   32
ggml_metal_init: skipping kernel_flash_attn_ext_vec_bf16_h128      (not supported)
ggml_metal_init: loaded kernel_flash_attn_ext_vec_q4_0_h128           0x1527572d0 | th_max = 1024 | th_width =   32
ggml_metal_init: loaded kernel_flash_attn_ext_vec_q4_1_h128           0x152757820 | th_max = 1024 | th_width =   32
ggml_metal_init: loaded kernel_flash_attn_ext_vec_q5_0_h128           0x152757d70 | th_max = 1024 | th_width =   32
ggml_metal_init: loaded kernel_flash_attn_ext_vec_q5_1_h128           0x1527582c0 | th_max = 1024 | th_width =   32
ggml_metal_init: loaded kernel_flash_attn_ext_vec_q8_0_h128           0x152758810 | th_max = 1024 | th_width =   32
ggml_metal_init: loaded kernel_flash_attn_ext_vec_f16_h256            0x152758d60 | th_max = 1024 | th_width =   32
ggml_metal_init: skipping kernel_flash_attn_ext_vec_bf16_h256      (not supported)
ggml_metal_init: loaded kernel_flash_attn_ext_vec_q4_0_h256           0x1527592b0 | th_max = 1024 | th_width =   32
ggml_metal_init: loaded kernel_flash_attn_ext_vec_q4_1_h256           0x152759800 | th_max = 1024 | th_width =   32
ggml_metal_init: loaded kernel_flash_attn_ext_vec_q5_0_h256           0x152759d50 | th_max = 1024 | th_width =   32
ggml_metal_init: loaded kernel_flash_attn_ext_vec_q5_1_h256           0x15275a2a0 | th_max = 1024 | th_width =   32
ggml_metal_init: loaded kernel_flash_attn_ext_vec_q8_0_h256           0x15275a7f0 | th_max = 1024 | th_width =   32
ggml_metal_init: loaded kernel_set_f32                                0x15275ac90 | th_max = 1024 | th_width =   32
ggml_metal_init: loaded kernel_set_i32                                0x15275b130 | th_max = 1024 | th_width =   32
ggml_metal_init: loaded kernel_cpy_f32_f32                            0x15275b5d0 | th_max = 1024 | th_width =   32
ggml_metal_init: loaded kernel_cpy_f32_f16                            0x15275ba70 | th_max = 1024 | th_width =   32
ggml_metal_init: skipping kernel_cpy_f32_bf16                      (not supported)
ggml_metal_init: loaded kernel_cpy_f16_f32                            0x15275bf10 | th_max = 1024 | th_width =   32
ggml_metal_init: loaded kernel_cpy_f16_f16                            0x15275c3b0 | th_max = 1024 | th_width =   32
ggml_metal_init: skipping kernel_cpy_bf16_f32                      (not supported)
ggml_metal_init: skipping kernel_cpy_bf16_bf16                     (not supported)
ggml_metal_init: loaded kernel_cpy_f32_q8_0                           0x15275c850 | th_max = 1024 | th_width =   32
ggml_metal_init: loaded kernel_cpy_f32_q4_0                           0x15275ccf0 | th_max = 1024 | th_width =   32
ggml_metal_init: loaded kernel_cpy_f32_q4_1                           0x15275d190 | th_max = 1024 | th_width =   32
ggml_metal_init: loaded kernel_cpy_f32_q5_0                           0x15275d630 | th_max = 1024 | th_width =   32
ggml_metal_init: loaded kernel_cpy_f32_q5_1                           0x15275dad0 | th_max = 1024 | th_width =   32
ggml_metal_init: loaded kernel_cpy_f32_iq4_nl                         0x15275df70 | th_max = 1024 | th_width =   32
ggml_metal_init: loaded kernel_cpy_q4_0_f32                           0x15275e410 | th_max = 1024 | th_width =   32
ggml_metal_init: loaded kernel_cpy_q4_0_f16                           0x15275e8b0 | th_max = 1024 | th_width =   32
ggml_metal_init: loaded kernel_cpy_q4_1_f32                           0x15275ed50 | th_max = 1024 | th_width =   32
ggml_metal_init: loaded kernel_cpy_q4_1_f16                           0x15275f1f0 | th_max = 1024 | th_width =   32
ggml_metal_init: loaded kernel_cpy_q5_0_f32                           0x15275f690 | th_max = 1024 | th_width =   32
ggml_metal_init: loaded kernel_cpy_q5_0_f16                           0x15275fb30 | th_max = 1024 | th_width =   32
ggml_metal_init: loaded kernel_cpy_q5_1_f32                           0x15275ffd0 | th_max = 1024 | th_width =   32
ggml_metal_init: loaded kernel_cpy_q5_1_f16                           0x152760470 | th_max = 1024 | th_width =   32
ggml_metal_init: loaded kernel_cpy_q8_0_f32                           0x152760910 | th_max = 1024 | th_width =   32
ggml_metal_init: loaded kernel_cpy_q8_0_f16                           0x152760db0 | th_max = 1024 | th_width =   32
ggml_metal_init: loaded kernel_concat                                 0x152761300 | th_max = 1024 | th_width =   32
ggml_metal_init: loaded kernel_sqr                                    0x152761a20 | th_max = 1024 | th_width =   32
ggml_metal_init: loaded kernel_sqrt                                   0x152762140 | th_max = 1024 | th_width =   32
ggml_metal_init: loaded kernel_sin                                    0x152762860 | th_max = 1024 | th_width =   32
ggml_metal_init: loaded kernel_cos                                    0x152762f80 | th_max = 1024 | th_width =   32
ggml_metal_init: loaded kernel_sum_rows                               0x152763240 | th_max = 1024 | th_width =   32
ggml_metal_init: loaded kernel_argmax                                 0x152763a30 | th_max = 1024 | th_width =   32
ggml_metal_init: loaded kernel_pool_2d_avg_f32                        0x152763cf0 | th_max = 1024 | th_width =   32
ggml_metal_init: loaded kernel_pool_2d_max_f32                        0x152764300 | th_max = 1024 | th_width =   32
ggml_metal_free: deallocating
Layer  0 output shape:  416 x 416 x   16 x   1
Layer  1 output shape:  208 x 208 x   16 x   1
Layer  2 output shape:  208 x 208 x   32 x   1
Layer  3 output shape:  104 x 104 x   32 x   1
Layer  4 output shape:  104 x 104 x   64 x   1
Layer  5 output shape:   52 x  52 x   64 x   1
Layer  6 output shape:   52 x  52 x  128 x   1
Layer  7 output shape:   26 x  26 x  128 x   1
Layer  8 output shape:   26 x  26 x  256 x   1
Layer  9 output shape:   13 x  13 x  256 x   1
Layer 10 output shape:   13 x  13 x  512 x   1
Layer 11 output shape:   13 x  13 x  512 x   1
Layer 12 output shape:   13 x  13 x 1024 x   1
Layer 13 output shape:   13 x  13 x  256 x   1
Layer 14 output shape:   13 x  13 x  512 x   1
Layer 15 output shape:   13 x  13 x  255 x   1
Layer 18 output shape:   13 x  13 x  128 x   1
Layer 19 output shape:   26 x  26 x  128 x   1
Layer 20 output shape:   26 x  26 x  384 x   1
Layer 21 output shape:   26 x  26 x  256 x   1
Layer 22 output shape:   26 x  26 x  255 x   1
dog: 57%
car: 52%
truck: 56%
car: 62%
bicycle: 58%
Detected objects saved in 'predictions.jpg' (time: 0.044000 sec.)

real	0m0.286s
user	0m0.049s
sys	0m0.032s
